Log file open, 09/13/16 20:26:37
LogInit:Display: Running engine for game: MyProject
LogPlatformFile: Not using cached read wrapper
LogInit:Display: RandInit(-205087321) SRandInit(-205087320).
LogTaskGraph: Started task graph with 4 named threads and 5 total threads with 1 sets of task threads.
LogStats: Stats thread started at 0.082955
LogInit: Version: 4.12.5-3039270+++UE4+Release-4.12
LogInit: API Version: 2992821
LogInit: Net Version: 3039270
LogDevObjectVersion: Number of dev versions registered: 13
LogDevObjectVersion:   Dev-Blueprints (B0D832E4-1F89-4F0D-ACCF-7EB736FD4AA2): 3
LogDevObjectVersion:   Dev-Build (E1C64328-A22C-4D53-A36C-8E866417BD8C): 0
LogDevObjectVersion:   Dev-Core (375EC13C-06E4-48FB-B500-84F0262A717E): 1
LogDevObjectVersion:   Dev-Editor (E4B068ED-F494-42E9-A231-DA0B2E46BB41): 2
LogDevObjectVersion:   Dev-Framework (CFFC743F-43B0-4480-9391-14DF171D2073): 6
LogDevObjectVersion:   Dev-Mobile (B02B49B5-BB20-44E9-A304-32B752E40360): 0
LogDevObjectVersion:   Dev-Networking (A4E4105C-59A1-49B5-A7C5-40C4547EDFEE): 0
LogDevObjectVersion:   Dev-Online (39C831C9-5AE6-47DC-9A44-9C173E1C8E7C): 0
LogDevObjectVersion:   Dev-Physics (78F01B33-EBEA-4F98-B9B4-84EACCB95AA2): 0
LogDevObjectVersion:   Dev-Platform (6631380F-2D4D-43E0-8009-CF276956A95A): 0
LogDevObjectVersion:   Dev-Rendering (12F88B9F-8875-4AFC-A67C-D90C383ABD29): 2
LogDevObjectVersion:   Dev-Sequencer (7B5AE74C-D270-4C10-A958-57980B212A5A): 0
LogDevObjectVersion:   Dev-VR (D7296918-1DD6-4BDD-9DE2-64A83CC13884): 0
LogInit: Compiled (64-bit): Jul  6 2016 09:09:46
LogInit: Compiled with Visual C++: 19.00.23026.00
LogInit: Build Configuration: Development
LogInit: Branch Name: ++UE4+Release-4.12
LogInit: Command line: -EpicPortal 
LogInit: Base directory: C:/Program Files (x86)/Epic Games/4.12/Engine/Binaries/Win64/
LogInit: Installed Engine Build: 1
LogInit: Using libcurl 7.41.0
LogInit:  - built for x86_64-pc-win32
LogInit:  - supports SSL with WinSSL
LogInit:  - other features:
LogInit:      CURL_VERSION_SSL
LogInit:      CURL_VERSION_IPV6
LogInit:      CURL_VERSION_ASYNCHDNS
LogInit:      CURL_VERSION_LARGEFILE
LogInit:      CURL_VERSION_IDN
LogInit:  CurlRequestOptions (configurable via config and command line):
LogInit:  - bVerifyPeer = true  - Libcurl will verify peer certificate
LogInit:  - bUseHttpProxy = false  - Libcurl will NOT use HTTP proxy
LogInit:  - bDontReuseConnections = false  - Libcurl will reuse connections
LogInit:  - CertBundlePath = nullptr  - Libcurl will use whatever was configured at build time.
LogInit: Presizing for max 8388607 objects, including 0 objects not considered by GC, pre-allocating 0 bytes for permanent pool.
LogInit: Object subsystem initialized
[2016.09.14-01.26.37:777][  0]LogInit: Selected Device Profile: [Windows]
[2016.09.14-01.26.37:777][  0]LogInit: Applying CVar settings loaded from the selected device profile: [Windows]
[2016.09.14-01.26.37:793][  0]LogInit: Computer: METAL_REAR
[2016.09.14-01.26.37:793][  0]LogInit: User: Kevin
[2016.09.14-01.26.37:793][  0]LogInit: CPU Page size=65536, Cores=2
[2016.09.14-01.26.37:793][  0]LogInit: High frequency timer resolution =2.143478 MHz
[2016.09.14-01.26.37:794][  0]LogMemory: Memory total: Physical=7.9GB (8GB approx)
[2016.09.14-01.26.37:794][  0]LogMemory: Platform Memory Stats for Windows
[2016.09.14-01.26.37:794][  0]LogMemory: Process Physical Memory: 189.83 MB used, 189.83 MB peak
[2016.09.14-01.26.37:794][  0]LogMemory: Process Virtual Memory: 194.91 MB used, 194.91 MB peak
[2016.09.14-01.26.37:794][  0]LogMemory: Physical Memory: 4225.31 MB used, 8105.84 MB total
[2016.09.14-01.26.37:794][  0]LogMemory: Virtual Memory: 552.39 MB used, 134217728.00 MB total
[2016.09.14-01.26.38:483][  0]LogD3D11RHI: D3D11 adapters:
[2016.09.14-01.26.38:490][  0]LogD3D11RHI:    0. 'Intel(R) HD Graphics 5500' (Feature Level 11_0)
[2016.09.14-01.26.38:490][  0]LogD3D11RHI:       128/0/4052 MB DedicatedVideo/DedicatedSystem/SharedSystem, Outputs:1, VendorId:0x8086
[2016.09.14-01.26.39:024][  0]LogD3D11RHI:    1. 'AMD Radeon R9 M275' (Feature Level 11_0)
[2016.09.14-01.26.39:024][  0]LogD3D11RHI:       2026/0/4052 MB DedicatedVideo/DedicatedSystem/SharedSystem, Outputs:0, VendorId:0x1002
[2016.09.14-01.26.39:026][  0]LogD3D11RHI:    2. 'Microsoft Basic Render Driver' (Feature Level 11_0)
[2016.09.14-01.26.39:026][  0]LogD3D11RHI:       0/0/4052 MB DedicatedVideo/DedicatedSystem/SharedSystem, Outputs:0, VendorId:0x1414
[2016.09.14-01.26.39:026][  0]LogD3D11RHI: Chosen D3D11 Adapter: 1
[2016.09.14-01.26.39:032][  0]LogD3D11RHI: Creating new Direct3DDevice
[2016.09.14-01.26.39:032][  0]LogD3D11RHI:     GPU DeviceId: 0x6820 (for the marketing name, search the web for "GPU Device Id")
[2016.09.14-01.26.39:032][  0]LogWindows: EnumDisplayDevices:
[2016.09.14-01.26.39:032][  0]LogWindows:    0. 'Intel(R) HD Graphics 5500' (P:1 D:1)
[2016.09.14-01.26.39:032][  0]LogWindows:    1. 'Intel(R) HD Graphics 5500' (P:0 D:0)
[2016.09.14-01.26.39:033][  0]LogWindows:    2. 'Intel(R) HD Graphics 5500' (P:0 D:0)
[2016.09.14-01.26.39:033][  0]LogWindows: DebugString: PrimaryIsNotTheChoosenAdapter PrimaryIsNotTheChoosenAdapter PrimaryIsNotTheChoosenAdapter FoundDriverCount:0 
[2016.09.14-01.26.39:033][  0]LogD3D11RHI:     Adapter Name: AMD Radeon R9 M275
[2016.09.14-01.26.39:033][  0]LogD3D11RHI:   Driver Version: Unknown (internal:Unknown, unified:Unknown)
[2016.09.14-01.26.39:033][  0]LogD3D11RHI:      Driver Date: Unknown
[2016.09.14-01.26.39:033][  0]LogRHI: Texture pool is 1361 MB (70% of 1945 MB)
[2016.09.14-01.26.39:041][  0]LogD3D11RHI: Async texture creation disabled: no driver support
[2016.09.14-01.26.39:054][  0]LogD3D11RHI: GPU Timing Frequency: 27.000000 (Debug: 2 1)
[2016.09.14-01.26.39:055][  0]LogShaderCompilers: Guid format shader working directory is -25 characters bigger than the processId version (../../../../../../Users/Kevin/Documents/Unreal Projects/VID3/MyProject/Intermediate/Shaders/WorkingDirectory/12588/).
[2016.09.14-01.26.39:055][  0]LogShaderCompilers: Cleaned the shader compiler working directory 'C:/Users/Kevin/AppData/Local/Temp/UnrealShaderWorkingDir/60FC08694E88CBC25ED9208E75B68D45/'.
[2016.09.14-01.26.39:055][  0]LogShaderCompilers:Display: Using Local Shader Compiler.
[2016.09.14-01.26.40:454][  0]LogTemp:Display: Loaded TP AllDesktopTargetPlatform
[2016.09.14-01.26.40:468][  0]LogTemp:Display: Loaded TP WindowsClientTargetPlatform
[2016.09.14-01.26.40:483][  0]LogTemp:Display: Loaded TP WindowsNoEditorTargetPlatform
[2016.09.14-01.26.40:497][  0]LogTemp:Display: Loaded TP WindowsServerTargetPlatform
[2016.09.14-01.26.40:512][  0]LogTemp:Display: Loaded TP WindowsTargetPlatform
[2016.09.14-01.26.40:524][  0]LogTemp:Display: Loaded TP AndroidTargetPlatform
[2016.09.14-01.26.40:535][  0]LogTemp:Display: Loaded TP Android_ASTCTargetPlatform
[2016.09.14-01.26.40:546][  0]LogTemp:Display: Loaded TP Android_ATCTargetPlatform
[2016.09.14-01.26.40:557][  0]LogTemp:Display: Loaded TP Android_DXTTargetPlatform
[2016.09.14-01.26.40:569][  0]LogTemp:Display: Loaded TP Android_ETC1TargetPlatform
[2016.09.14-01.26.40:580][  0]LogTemp:Display: Loaded TP Android_ETC2TargetPlatform
[2016.09.14-01.26.40:604][  0]LogTemp:Display: Loaded TP Android_MultiTargetPlatform
[2016.09.14-01.26.40:604][  0]LogTemp:Display: Loaded TP Android_PVRTCTargetPlatform
[2016.09.14-01.26.40:605][  0]LogTemp:Display: Loaded TP HTML5TargetPlatform
[2016.09.14-01.26.40:632][  0]LogTemp:Display: Loaded TP IOSTargetPlatform
[2016.09.14-01.26.40:642][  0]LogTemp:Display: Loaded TP TVOSTargetPlatform
[2016.09.14-01.26.40:653][  0]LogTemp:Display: Loaded TP LinuxNoEditorTargetPlatform
[2016.09.14-01.26.40:664][  0]LogTemp:Display: Loaded TP LinuxServerTargetPlatform
[2016.09.14-01.26.40:675][  0]LogTemp:Display: Loaded TP LinuxTargetPlatform
[2016.09.14-01.26.40:675][  0]LogTargetPlatformManager:Display: Building Assets For Windows
[2016.09.14-01.26.40:808][  0]LogDerivedDataCache:Display: Max Cache Size: 512 MB
[2016.09.14-01.26.40:883][  0]LogDerivedDataCache: Loaded boot cache 0.07s 48MB C:/Users/Kevin/AppData/Local/UnrealEngine/4.12/DerivedDataCache/Boot.ddc.
[2016.09.14-01.26.40:884][  0]LogDerivedDataCache:Display: Loaded Boot cache: C:/Users/Kevin/AppData/Local/UnrealEngine/4.12/DerivedDataCache/Boot.ddc
[2016.09.14-01.26.40:884][  0]LogDerivedDataCache: FDerivedDataBackendGraph:  Pak pak cache file ../../../../../../Users/Kevin/Documents/Unreal Projects/VID3/MyProject/DerivedDataCache/DDC.ddp not found, will not use a pak cache.
[2016.09.14-01.26.40:884][  0]LogDerivedDataCache: Unable to find inner node Pak for hierarchical cache Hierarchy.
[2016.09.14-01.26.40:884][  0]LogDerivedDataCache: FDerivedDataBackendGraph:  CompressedPak pak cache file ../../../../../../Users/Kevin/Documents/Unreal Projects/VID3/MyProject/DerivedDataCache/Compressed.ddp not found, will not use a pak cache.
[2016.09.14-01.26.40:884][  0]LogDerivedDataCache: Unable to find inner node CompressedPak for hierarchical cache Hierarchy.
[2016.09.14-01.26.40:910][  0]LogDerivedDataCache:Display: Pak cache opened for reading ../../../Engine/DerivedDataCache/Compressed.ddp.
[2016.09.14-01.26.40:922][  0]LogDerivedDataCache: Using Local data cache path C:/Users/Kevin/AppData/Local/UnrealEngine/Common/DerivedDataCache: Writable
[2016.09.14-01.26.41:161][  0]LogInit: Selected Device Profile: [Windows]
[2016.09.14-01.26.41:162][  0]LogContentStreaming: Texture pool size is 0.00 MB
[2016.09.14-01.26.41:395][  0]LogMeshUtilities: No automatic mesh reduction module available
[2016.09.14-01.26.41:395][  0]LogMeshUtilities: No automatic mesh merging module available
[2016.09.14-01.26.41:395][  0]LogMeshUtilities: No distributed automatic mesh merging module available
[2016.09.14-01.26.41:835][  0]LogAssetRegistry: FAssetRegistry took 0.0219 seconds to start up
[2016.09.14-01.26.41:863][  0]LogPackageLocalizationCache: Processed 3 localized package path(s) for 1 prioritized culture(s) in 0.020151 seconds
[2016.09.14-01.26.41:873][  0]LogUObjectArray: 28739 objects as part of root set at end of initial load.
[2016.09.14-01.26.41:873][  0]LogUObjectAllocator: 5855632 out of 0 bytes used by permanent object pool.
[2016.09.14-01.26.41:873][  0]LogUObjectArray: CloseDisregardForGC: 0/0 objects in disregard for GC pool
[2016.09.14-01.26.41:891][  0]LogInit: WinSock: version 1.1 (2.2), MaxSocks=32767, MaxUdp=65467
[2016.09.14-01.26.42:177][  0]LogSlate: SlateFontCache - WITH_FREETYPE: 1, WITH_HARFBUZZ: 1
[2016.09.14-01.26.42:177][  0]LogSlate: SlateFontCache - WITH_FREETYPE: 1, WITH_HARFBUZZ: 1
[2016.09.14-01.26.43:058][  0]LogUdpMessaging: Initializing bridge on interface 0.0.0.0:0 to multicast group 230.0.0.1:6666.
[2016.09.14-01.26.43:353][  0]SourceControl: Info Source control is disabled
[2016.09.14-01.26.43:395][  0]SourceControl: Info Source control is disabled
[2016.09.14-01.26.43:409][  0]SourceControl: Info Source control is disabled
[2016.09.14-01.26.43:423][  0]SourceControl: Info Source control is disabled
[2016.09.14-01.26.43:766][  0]LogEngine: Initializing Engine...
[2016.09.14-01.26.43:767][  0]LogHMD: SteamVR failed to initialize.  Err: 110
[2016.09.14-01.26.43:767][  0]LogHMD: SteamVR failed to initialize.  Err: 110
[2016.09.14-01.26.43:968][  0]LogAIModule: Creating AISystem for world NewWorld
[2016.09.14-01.26.43:975][  0]LogInit: XAudio2 using 'Altavoces (Realtek High Definition Audio)' : 2 channels at 48 kHz using 32 bits per sample (channel mask 0x3)
[2016.09.14-01.26.44:010][  0]LogInit: FAudioDevice initialized.
[2016.09.14-01.26.44:047][  0]LogDerivedDataCache: Saved boot cache 0.04s 48MB C:/Users/Kevin/AppData/Local/UnrealEngine/4.12/DerivedDataCache/Boot.ddc.
[2016.09.14-01.26.44:058][  0]LogInit: Texture streaming: Enabled
[2016.09.14-01.26.44:101][  0]LogInit: Transaction tracking system initialized
[2016.09.14-01.26.44:145][  0]BlueprintLog: New page: Editor Load
[2016.09.14-01.26.44:291][  0]LocalizationService: Info Localization service is disabled
[2016.09.14-01.26.44:391][  0]LogConsoleResponse:Display: 
[2016.09.14-01.26.44:544][  0]LogCook:Display: Max memory allowance for cook 8192mb
[2016.09.14-01.26.44:544][  0]LogCook:Display: Mobile HDR setting 1
[2016.09.14-01.26.44:727][  0]LogFileCache: Scanning file cache for directory 'C:/Users/Kevin/Documents/Unreal Projects/VID3/MyProject/Content/' took 0.02s
[2016.09.14-01.26.44:727][  0]SourceControl: Info Source control is disabled
[2016.09.14-01.26.44:728][  0]Cmd: MAP LOAD FILE="../../../../../../Users/Kevin/Documents/Unreal Projects/VID3/MyProject/Content/ThirdPersonBP/Maps/ThirdPersonExampleMap.umap" TEMPLATE=0 SHOWPROGRESS=1 FEATURELEVEL=3
[2016.09.14-01.26.44:728][  0]LightingResults: New page: Lighting Build
[2016.09.14-01.26.44:734][  0]MapCheck: New page: Map Check
[2016.09.14-01.26.44:734][  0]LightingResults: New page: Lighting Build
[2016.09.14-01.26.45:478][  0]LogAIModule: Creating AISystem for world ThirdPersonExampleMap
[2016.09.14-01.26.45:492][  0]LogEditorServer: Finished looking for orphan Actors (0.000 secs)
[2016.09.14-01.26.45:492][  0]Cmd: MAP CHECKDEP NOCLEARLOG
[2016.09.14-01.26.45:557][  0]MapCheck: Info Map check complete: 0 Error(s), 0 Warning(s), took 64.965ms to complete.
[2016.09.14-01.26.45:557][  0]LogFileHelpers: Loading map 'ThirdPersonExampleMap' took 0.830
[2016.09.14-01.26.45:825][  0]LogCollectionManager: Loaded 0 collections in 0.003998 seconds
[2016.09.14-01.26.45:868][  0]LogFileCache: Scanning file cache for directory 'C:/Users/Kevin/Documents/Unreal Projects/VID3/MyProject/Saved/Collections/' took 0.01s
[2016.09.14-01.26.45:868][  0]LogFileCache: Scanning file cache for directory 'C:/Users/Kevin/Documents/Unreal Projects/VID3/MyProject/Content/Developers/Kevin/Collections/' took 0.01s
[2016.09.14-01.26.45:868][  0]LogFileCache: Scanning file cache for directory 'C:/Users/Kevin/Documents/Unreal Projects/VID3/MyProject/Content/Collections/' took 0.01s
[2016.09.14-01.26.45:868][  0]LogCollectionManager: Rebuilt the GUID cache for 0 collections in 0.000003 seconds
[2016.09.14-01.26.45:879][  0]LogContentBrowser: Native class hierarchy populated in 0.0106 seconds. Added 2047 classes and 369 folders.
[2016.09.14-01.26.45:885][  0]LogStats: UGameplayTagsManager::ConstructGameplayTagTree: Construct from data asset -  0.000 s
[2016.09.14-01.26.45:885][  0]LogStats: UGameplayTagsManager::ConstructGameplayTagTree: GameplayTagTreeChangedEvent.Broadcast -  0.000 s
[2016.09.14-01.26.45:886][  0]LogContentBrowser: Native class hierarchy updated for 'GameplayTags' in 0.0006 seconds. Added 12 classes and 0 folders.
[2016.09.14-01.26.45:895][  0]LogContentBrowser: Native class hierarchy updated for 'WidgetCarousel' in 0.0005 seconds. Added 0 classes and 0 folders.
[2016.09.14-01.26.45:948][  0]LogContentBrowser: Native class hierarchy updated for 'AddContentDialog' in 0.0005 seconds. Added 0 classes and 0 folders.
[2016.09.14-01.26.45:955][  0]LogContentBrowser: Native class hierarchy updated for 'SceneOutliner' in 0.0005 seconds. Added 1 classes and 2 folders.
[2016.09.14-01.26.45:974][  0]LogCrashTracker: Crashtracker disabled due to settings.
[2016.09.14-01.26.45:981][  0]LogUObjectGlobals:Warning: Failed to find object 'Class None.'
[2016.09.14-01.26.46:010][  0]LogContentBrowser: Native class hierarchy updated for 'HierarchicalLODOutliner' in 0.0005 seconds. Added 1 classes and 2 folders.
[2016.09.14-01.26.46:010][  0]LogLoad: Full Startup: 9.28 seconds (BP compile: 0.16 seconds)
[2016.09.14-01.26.46:010][  0]LogExternalProfiler: Found external profiler: VSPerf
[2016.09.14-01.26.46:010][  0]LogExternalProfiler: Using external profiler: VSPerf
[2016.09.14-01.26.46:019][  0]LogWindowsTextInputMethodSystem:Display: IME system now deactivated.
[2016.09.14-01.26.46:020][  0]LogOcInput: OculusInput pre-init called
[2016.09.14-01.26.46:038][  0]LogContentStreaming: Texture pool size now 400 MB
[2016.09.14-01.26.46:210][  0]LogRenderer: Reallocating scene render targets to support 872x360 (Frame:2).
[2016.09.14-01.26.46:875][  2]LogAssetRegistry: Asset discovery search completed in 5.0619 seconds
[2016.09.14-01.26.46:875][  2]LogCollectionManager: Rebuilt the object cache for 0 collections in 0.000001 seconds (found 0 objects)
[2016.09.14-01.26.46:875][  2]LogCollectionManager: Fixed up redirectors for 0 collections in 0.000047 seconds (updated 0 objects)
[2016.09.14-01.28.16:368][910]AssetReimport: New page: Outstanding source content changes 2:28:16 PM
[2016.09.14-01.28.16:396][911]LogFactory: FactoryCreateFile: MediaPlayer with MediaPlayerFactory (0 0 C:/Users/Kevin/Documents/Unreal Projects/VID3/MyProject/Content/Stomp.wma)
[2016.09.14-01.28.16:476][912]Cmd: OBJ SAVEPACKAGE PACKAGE="/Game/Stomp" FILE="../../../../../../Users/Kevin/Documents/Unreal Projects/VID3/MyProject/Content/Stomp.uasset" SILENT=true
[2016.09.14-01.28.16:507][912]LogSavePackage: Save=5.38ms
[2016.09.14-01.28.16:507][912]LogSavePackage: Moving '../../../../../../Users/Kevin/Documents/Unreal Projects/VID3/MyProject/Saved/StompC7E5411F40C4F59290730A94DA8D0B4F.tmp' to '../../../../../../Users/Kevin/Documents/Unreal Projects/VID3/MyProject/Content/Stomp.uasset'
[2016.09.14-01.28.16:511][912]LogSavePackage:Display: Finished SavePackage ../../../../../../Users/Kevin/Documents/Unreal Projects/VID3/MyProject/Content/Stomp.uasset
[2016.09.14-01.28.19:557][146]AssetReimport: Info Importing new asset /Game/Stomp.
[2016.09.14-01.28.58:238][964]Cmd: OBJ SAVEPACKAGE PACKAGE="/Game/NewMediaPlayer" FILE="../../../../../../Users/Kevin/Documents/Unreal Projects/VID3/MyProject/Content/NewMediaPlayer.uasset" SILENT=true
[2016.09.14-01.28.58:248][964]LogSavePackage: Save=5.90ms
[2016.09.14-01.28.58:248][964]LogSavePackage: Moving '../../../../../../Users/Kevin/Documents/Unreal Projects/VID3/MyProject/Saved/NewMediaPlayerC13B8AA4496282F5890AACA653F0E60A.tmp' to '../../../../../../Users/Kevin/Documents/Unreal Projects/VID3/MyProject/Content/NewMediaPlayer.uasset'
[2016.09.14-01.28.58:252][964]LogSavePackage:Display: Finished SavePackage ../../../../../../Users/Kevin/Documents/Unreal Projects/VID3/MyProject/Content/NewMediaPlayer.uasset
[2016.09.14-01.29.20:028][942]AssetReimport: New page: Outstanding source content changes 2:29:20 PM
[2016.09.14-01.31.46:098][845]AssetReimport: New page: Outstanding source content changes 2:31:46 PM
[2016.09.14-01.31.46:356][845]LogFactory: FactoryCreateFile: SoundWave with ReimportSoundFactory (0 0 C:/Users/Kevin/Documents/Unreal Projects/VID3/MyProject/Content/StarterContent/Stomp.wav)
[2016.09.14-01.31.46:356][845]LogFactory: FactoryCreateFile: SoundWave with ReimportSoundFactory (0 0 C:/Users/Kevin/Documents/Unreal Projects/VID3/MyProject/Content/StarterContent/Stomp.wav)
[2016.09.14-01.31.46:356][845]LogFactory: FactoryCreateFile: SoundWave with SoundSurroundFactory (0 0 C:/Users/Kevin/Documents/Unreal Projects/VID3/MyProject/Content/StarterContent/Stomp.wav)
[2016.09.14-01.31.46:356][845]LogFactory: FactoryCreateFile: SoundWave with ReimportSoundSurroundFactory (0 0 C:/Users/Kevin/Documents/Unreal Projects/VID3/MyProject/Content/StarterContent/Stomp.wav)
[2016.09.14-01.31.46:356][845]LogFactory: FactoryCreateFile: SoundWave with ReimportSoundSurroundFactory (0 0 C:/Users/Kevin/Documents/Unreal Projects/VID3/MyProject/Content/StarterContent/Stomp.wav)
[2016.09.14-01.31.46:357][845]LogFactory: FactoryCreateFile: MediaPlayer with MediaPlayerFactory (0 0 C:/Users/Kevin/Documents/Unreal Projects/VID3/MyProject/Content/StarterContent/Stomp.wav)
[2016.09.14-01.31.46:551][846]Cmd: OBJ SAVEPACKAGE PACKAGE="/Game/StarterContent/Stomp" FILE="../../../../../../Users/Kevin/Documents/Unreal Projects/VID3/MyProject/Content/StarterContent/Stomp.uasset" SILENT=true
[2016.09.14-01.31.46:605][846]LogSavePackage: Save=28.87ms
[2016.09.14-01.31.46:605][846]LogSavePackage: Moving '../../../../../../Users/Kevin/Documents/Unreal Projects/VID3/MyProject/Saved/Stomp4C12ED59467A38544BAE658B3926C4F0.tmp' to '../../../../../../Users/Kevin/Documents/Unreal Projects/VID3/MyProject/Content/StarterContent/Stomp.uasset'
[2016.09.14-01.31.46:608][846]LogSavePackage:Display: Finished SavePackage ../../../../../../Users/Kevin/Documents/Unreal Projects/VID3/MyProject/Content/StarterContent/Stomp.uasset
[2016.09.14-01.31.49:653][ 73]AssetReimport: Info Importing new asset /Game/StarterContent/Stomp.
[2016.09.14-01.32.05:151][379]Cmd: OBJ SAVEPACKAGE PACKAGE="/Game/ThirdPersonBP/Explosion01_2" FILE="../../../../../../Users/Kevin/Documents/Unreal Projects/VID3/MyProject/Content/ThirdPersonBP/Explosion01_2.uasset" SILENT=true
[2016.09.14-01.32.05:163][379]LogSavePackage: Save=8.63ms
[2016.09.14-01.32.05:163][379]LogSavePackage: Moving '../../../../../../Users/Kevin/Documents/Unreal Projects/VID3/MyProject/Saved/Explosion01_22FD5246A416D7B9C53E91695F7A91F0E.tmp' to '../../../../../../Users/Kevin/Documents/Unreal Projects/VID3/MyProject/Content/ThirdPersonBP/Explosion01_2.uasset'
[2016.09.14-01.32.05:167][379]LogSavePackage:Display: Finished SavePackage ../../../../../../Users/Kevin/Documents/Unreal Projects/VID3/MyProject/Content/ThirdPersonBP/Explosion01_2.uasset
[2016.09.14-01.32.46:225][169]LogSavePackage: Save=9.85ms
[2016.09.14-01.32.46:225][169]LogSavePackage: Moving '../../../../../../Users/Kevin/Documents/Unreal Projects/VID3/MyProject/Saved/NewMediaSoundWave1F4A5095435175FC4D00BBA0E8A6E804.tmp' to '../../../../../../Users/Kevin/Documents/Unreal Projects/VID3/MyProject/Content/ThirdPersonBP/NewMediaSoundWave.uasset'
[2016.09.14-01.32.46:229][169]LogSavePackage:Display: Finished SavePackage ../../../../../../Users/Kevin/Documents/Unreal Projects/VID3/MyProject/Content/ThirdPersonBP/NewMediaSoundWave.uasset
[2016.09.14-01.33.07:361][130]LogSkeletalMesh: InitArticulated: Bodies already created (/Engine/Transient.DebugSkelMeshComponent_0) - call TermArticulated first.
[2016.09.14-01.33.07:585][130]LogContentBrowser:Verbose: The majority of assets in the view are of type: AnimSequence
[2016.09.14-01.33.58:749][291]Cmd: OBJ SAVEPACKAGE PACKAGE="/Game/ThirdPersonBP/Pisoton" FILE="../../../../../../Users/Kevin/Documents/Unreal Projects/VID3/MyProject/Content/ThirdPersonBP/Pisoton.uasset" SILENT=true
[2016.09.14-01.33.58:764][291]LogSavePackage: Save=11.01ms
[2016.09.14-01.33.58:764][291]LogSavePackage: Moving '../../../../../../Users/Kevin/Documents/Unreal Projects/VID3/MyProject/Saved/Pisoton73A7009E423A3E643B825194A0C50401.tmp' to '../../../../../../Users/Kevin/Documents/Unreal Projects/VID3/MyProject/Content/ThirdPersonBP/Pisoton.uasset'
[2016.09.14-01.33.58:768][291]LogSavePackage:Display: Finished SavePackage ../../../../../../Users/Kevin/Documents/Unreal Projects/VID3/MyProject/Content/ThirdPersonBP/Pisoton.uasset
[2016.09.14-01.36.13:962][141]LogEditorTransaction: Undo Move Anim Notify
[2016.09.14-01.37.00:285][553]LogBlueprintUserMessages: Early PlayInEditor Detection: Level '/Game/ThirdPersonBP/Maps/ThirdPersonExampleMap.ThirdPersonExampleMap:PersistentLevel' has LevelScriptBlueprint '/Game/ThirdPersonBP/Maps/ThirdPersonExampleMap.ThirdPersonExampleMap:PersistentLevel.ThirdPersonExampleMap' with GeneratedClass '/Game/ThirdPersonBP/Maps/ThirdPersonExampleMap.ThirdPersonExampleMap_C' with ClassGeneratedBy '/Game/ThirdPersonBP/Maps/ThirdPersonExampleMap.ThirdPersonExampleMap:PersistentLevel.ThirdPersonExampleMap'
[2016.09.14-01.37.00:285][553]LogPlayLevel: PlayLevel: No blueprints needed recompiling
[2016.09.14-01.37.00:286][553]PIE: New page: PIE session: ThirdPersonExampleMap (Sep 13, 2016, 2:37:00 PM)
[2016.09.14-01.37.00:286][553]LogPlayLevel: Creating play world package: /Game/ThirdPersonBP/Maps/UEDPIE_0_ThirdPersonExampleMap
[2016.09.14-01.37.00:336][553]LogPlayLevel: PIE: StaticDuplicateObject took: (0.049820s)
[2016.09.14-01.37.00:337][553]LogAIModule: Creating AISystem for world ThirdPersonExampleMap
[2016.09.14-01.37.00:338][553]LogPlayLevel: PIE: World Init took: (0.002197s)
[2016.09.14-01.37.00:338][553]LogPlayLevel: PIE: Created PIE world by copying editor world from /Game/ThirdPersonBP/Maps/ThirdPersonExampleMap.ThirdPersonExampleMap to /Game/ThirdPersonBP/Maps/UEDPIE_0_ThirdPersonExampleMap.ThirdPersonExampleMap (0.052694s)
[2016.09.14-01.37.00:368][553]LogInit: XAudio2 using 'Altavoces (Realtek High Definition Audio)' : 2 channels at 48 kHz using 32 bits per sample (channel mask 0x3)
[2016.09.14-01.37.00:391][553]LogInit: FAudioDevice initialized.
[2016.09.14-01.37.00:473][553]LogWorld: Game class is 'ThirdPersonGameMode_C'
[2016.09.14-01.37.00:481][553]LogWorld: Bringing World /Game/ThirdPersonBP/Maps/UEDPIE_0_ThirdPersonExampleMap.ThirdPersonExampleMap up for play (max tick rate 0) at 2016.09.13-20.37.00
[2016.09.14-01.37.00:482][553]LogWorld: Bringing up level for play took: 0.008385
[2016.09.14-01.37.00:490][553]LogContentBrowser: Native class hierarchy updated for 'MovieSceneCapture' in 0.0006 seconds. Added 11 classes and 0 folders.
[2016.09.14-01.37.00:491][553]PIE: Info Play in editor start time for /Game/ThirdPersonBP/Maps/UEDPIE_0_ThirdPersonExampleMap 0.507
[2016.09.14-01.37.00:491][553]LogBlueprintUserMessages: Late PlayInEditor Detection: Level '/Game/ThirdPersonBP/Maps/ThirdPersonExampleMap.ThirdPersonExampleMap:PersistentLevel' has LevelScriptBlueprint '/Game/ThirdPersonBP/Maps/ThirdPersonExampleMap.ThirdPersonExampleMap:PersistentLevel.ThirdPersonExampleMap' with GeneratedClass '/Game/ThirdPersonBP/Maps/ThirdPersonExampleMap.ThirdPersonExampleMap_C' with ClassGeneratedBy '/Game/ThirdPersonBP/Maps/ThirdPersonExampleMap.ThirdPersonExampleMap:PersistentLevel.ThirdPersonExampleMap'
[2016.09.14-01.38.00:771][759]LogBlueprintUserMessages: Early EndPlayMap Detection: Level '/Game/ThirdPersonBP/Maps/ThirdPersonExampleMap.ThirdPersonExampleMap:PersistentLevel' has LevelScriptBlueprint '/Game/ThirdPersonBP/Maps/ThirdPersonExampleMap.ThirdPersonExampleMap:PersistentLevel.ThirdPersonExampleMap' with GeneratedClass '/Game/ThirdPersonBP/Maps/ThirdPersonExampleMap.ThirdPersonExampleMap_C' with ClassGeneratedBy '/Game/ThirdPersonBP/Maps/ThirdPersonExampleMap.ThirdPersonExampleMap:PersistentLevel.ThirdPersonExampleMap'
[2016.09.14-01.38.00:809][759]LogBlueprintUserMessages: Late EndPlayMap Detection: Level '/Game/ThirdPersonBP/Maps/ThirdPersonExampleMap.ThirdPersonExampleMap:PersistentLevel' has LevelScriptBlueprint '/Game/ThirdPersonBP/Maps/ThirdPersonExampleMap.ThirdPersonExampleMap:PersistentLevel.ThirdPersonExampleMap' with GeneratedClass '/Game/ThirdPersonBP/Maps/ThirdPersonExampleMap.ThirdPersonExampleMap_C' with ClassGeneratedBy '/Game/ThirdPersonBP/Maps/ThirdPersonExampleMap.ThirdPersonExampleMap:PersistentLevel.ThirdPersonExampleMap'
[2016.09.14-01.38.25:893][199]LogFileHelpers: Editor autosave (incl. sublevels) for '/Game/ThirdPersonBP/Maps/ThirdPersonExampleMap' took 0.024
[2016.09.14-01.38.25:895][199]OBJ SavePackage: Generating thumbnails for [1] asset(s) in package [/Game/Mannequin/Animations/ThirdPersonRun] ([1] browsable assets)...
[2016.09.14-01.38.25:919][199]OBJ SavePackage:     Rendered thumbnail for [AnimSequence /Game/Mannequin/Animations/ThirdPersonRun.ThirdPersonRun]
[2016.09.14-01.38.25:919][199]OBJ SavePackage: Finished generating thumbnails for package [/Game/Mannequin/Animations/ThirdPersonRun]
[2016.09.14-01.38.25:953][199]LogSavePackage: Save=19.84ms
[2016.09.14-01.38.25:953][199]LogSavePackage: Moving '../../../../../../Users/Kevin/Documents/Unreal Projects/VID3/MyProject/Saved/ThirdPersonRun_Auto1C55B339042C66B98027BEB850510922C.tmp' to '../../../../../../Users/Kevin/Documents/Unreal Projects/VID3/MyProject/Saved/Autosaves/Game/Mannequin/Animations/ThirdPersonRun_Auto1.uasset'
[2016.09.14-01.38.25:956][199]LogSavePackage:Display: Finished SavePackage ../../../../../../Users/Kevin/Documents/Unreal Projects/VID3/MyProject/Saved/Autosaves/Game/Mannequin/Animations/ThirdPersonRun_Auto1.uasset
[2016.09.14-01.38.25:957][199]OBJ SavePackage: Generating thumbnails for [1] asset(s) in package [/Game/ThirdPersonBP/Blueprints/Stomp] ([1] browsable assets)...
[2016.09.14-01.38.25:965][199]OBJ SavePackage:     Rendered thumbnail for [MediaSoundWave /Game/ThirdPersonBP/Blueprints/Stomp.Stomp]
[2016.09.14-01.38.25:965][199]OBJ SavePackage: Finished generating thumbnails for package [/Game/ThirdPersonBP/Blueprints/Stomp]
[2016.09.14-01.38.25:975][199]LogSavePackage: Save=8.38ms
[2016.09.14-01.38.25:975][199]LogSavePackage: Moving '../../../../../../Users/Kevin/Documents/Unreal Projects/VID3/MyProject/Saved/Stomp_Auto1CD0E8A8A4A0D5D8D027CAC8CE6A15CD0.tmp' to '../../../../../../Users/Kevin/Documents/Unreal Projects/VID3/MyProject/Saved/Autosaves/Game/ThirdPersonBP/Blueprints/Stomp_Auto1.uasset'
[2016.09.14-01.38.25:978][199]LogSavePackage:Display: Finished SavePackage ../../../../../../Users/Kevin/Documents/Unreal Projects/VID3/MyProject/Saved/Autosaves/Game/ThirdPersonBP/Blueprints/Stomp_Auto1.uasset
[2016.09.14-01.38.25:978][199]OBJ SavePackage: Generating thumbnails for [0] asset(s) in package [/Game/NewMediaPlayer] ([1] browsable assets)...
[2016.09.14-01.38.25:978][199]OBJ SavePackage: Finished generating thumbnails for package [/Game/NewMediaPlayer]
[2016.09.14-01.38.25:992][199]LogSavePackage: Save=5.47ms
[2016.09.14-01.38.25:992][199]LogSavePackage: Moving '../../../../../../Users/Kevin/Documents/Unreal Projects/VID3/MyProject/Saved/NewMediaPlayer_Auto1DE090D6E4EA6CA1CF16A898162FB98D7.tmp' to '../../../../../../Users/Kevin/Documents/Unreal Projects/VID3/MyProject/Saved/Autosaves/Game/NewMediaPlayer_Auto1.uasset'
[2016.09.14-01.38.26:037][199]LogSavePackage:Display: Finished SavePackage ../../../../../../Users/Kevin/Documents/Unreal Projects/VID3/MyProject/Saved/Autosaves/Game/NewMediaPlayer_Auto1.uasset
[2016.09.14-01.38.26:045][199]LogSavePackage: Save=4.73ms
[2016.09.14-01.38.26:045][199]LogSavePackage: Moving '../../../../../../Users/Kevin/Documents/Unreal Projects/VID3/MyProject/Saved/Explosion01_2_Auto1519C6F5244A7849C2D4E78AC113D186D.tmp' to '../../../../../../Users/Kevin/Documents/Unreal Projects/VID3/MyProject/Saved/Autosaves/Game/StarterContent/Audio/Explosion01_2_Auto1.uasset'
[2016.09.14-01.38.26:047][199]LogSavePackage:Display: Finished SavePackage ../../../../../../Users/Kevin/Documents/Unreal Projects/VID3/MyProject/Saved/Autosaves/Game/StarterContent/Audio/Explosion01_2_Auto1.uasset
[2016.09.14-01.38.26:048][199]OBJ SavePackage: Generating thumbnails for [0] asset(s) in package [/Game/NewSoundCue] ([1] browsable assets)...
[2016.09.14-01.38.26:048][199]OBJ SavePackage: Finished generating thumbnails for package [/Game/NewSoundCue]
[2016.09.14-01.38.26:048][199]Cmd: OBJ SAVEPACKAGE PACKAGE="/Game/NewSoundCue" FILE="../../../../../../Users/Kevin/Documents/Unreal Projects/VID3/MyProject/Saved/Autosaves/Game/NewSoundCue_Auto1.uasset" SILENT=false AUTOSAVING=true
[2016.09.14-01.38.26:056][199]LogSavePackage: Save=6.75ms
[2016.09.14-01.38.26:056][199]LogSavePackage: Moving '../../../../../../Users/Kevin/Documents/Unreal Projects/VID3/MyProject/Saved/NewSoundCue_Auto1812FFF5C4AC0741D071D73A5B5BC6DBA.tmp' to '../../../../../../Users/Kevin/Documents/Unreal Projects/VID3/MyProject/Saved/Autosaves/Game/NewSoundCue_Auto1.uasset'
[2016.09.14-01.38.26:058][199]LogSavePackage:Display: Finished SavePackage ../../../../../../Users/Kevin/Documents/Unreal Projects/VID3/MyProject/Saved/Autosaves/Game/NewSoundCue_Auto1.uasset
[2016.09.14-01.38.26:058][199]LogFileHelpers: Auto-saving content packages took 0.163
[2016.09.14-01.42.42:248][959]Cmd: SELECT NONE
[2016.09.14-01.42.45:774][163]LogSavePackage: Save=13.75ms
[2016.09.14-01.42.45:774][163]LogSavePackage: Moving '../../../../../../Users/Kevin/Documents/Unreal Projects/VID3/MyProject/Saved/ThirdPersonRun2296DE9C4DC90BBA0B715386B16A01AC.tmp' to '../../../../../../Users/Kevin/Documents/Unreal Projects/VID3/MyProject/Content/Mannequin/Animations/ThirdPersonRun.uasset'
[2016.09.14-01.42.45:786][163]LogSavePackage:Display: Finished SavePackage ../../../../../../Users/Kevin/Documents/Unreal Projects/VID3/MyProject/Content/Mannequin/Animations/ThirdPersonRun.uasset
[2016.09.14-01.42.45:790][163]Cmd: OBJ SAVEPACKAGE PACKAGE="/Game/NewMediaPlayer" FILE="../../../../../../Users/Kevin/Documents/Unreal Projects/VID3/MyProject/Content/NewMediaPlayer.uasset" SILENT=true
[2016.09.14-01.42.45:806][163]LogSavePackage: Save=4.89ms
[2016.09.14-01.42.45:806][163]LogSavePackage: Moving '../../../../../../Users/Kevin/Documents/Unreal Projects/VID3/MyProject/Saved/NewMediaPlayerCB7A15764E7033D3A702A6BAA5BA4E7F.tmp' to '../../../../../../Users/Kevin/Documents/Unreal Projects/VID3/MyProject/Content/NewMediaPlayer.uasset'
[2016.09.14-01.42.45:819][163]LogSavePackage:Display: Finished SavePackage ../../../../../../Users/Kevin/Documents/Unreal Projects/VID3/MyProject/Content/NewMediaPlayer.uasset
[2016.09.14-01.42.45:828][163]Cmd: OBJ SAVEPACKAGE PACKAGE="/Game/NewSoundCue" FILE="../../../../../../Users/Kevin/Documents/Unreal Projects/VID3/MyProject/Content/NewSoundCue.uasset" SILENT=true
[2016.09.14-01.42.45:841][163]LogSavePackage: Save=7.96ms
[2016.09.14-01.42.45:841][163]LogSavePackage: Moving '../../../../../../Users/Kevin/Documents/Unreal Projects/VID3/MyProject/Saved/NewSoundCue41017FEA41D7D4D50EBDB1A73F019794.tmp' to '../../../../../../Users/Kevin/Documents/Unreal Projects/VID3/MyProject/Content/NewSoundCue.uasset'
[2016.09.14-01.42.45:849][163]LogSavePackage:Display: Finished SavePackage ../../../../../../Users/Kevin/Documents/Unreal Projects/VID3/MyProject/Content/NewSoundCue.uasset
[2016.09.14-01.42.45:868][163]LogSavePackage: Save=7.39ms
[2016.09.14-01.42.45:868][163]LogSavePackage: Moving '../../../../../../Users/Kevin/Documents/Unreal Projects/VID3/MyProject/Saved/Explosion01_2C1E21BDE43FC83F00DBFE28B898EE744.tmp' to '../../../../../../Users/Kevin/Documents/Unreal Projects/VID3/MyProject/Content/StarterContent/Audio/Explosion01_2.uasset'
[2016.09.14-01.42.45:876][163]LogSavePackage:Display: Finished SavePackage ../../../../../../Users/Kevin/Documents/Unreal Projects/VID3/MyProject/Content/StarterContent/Audio/Explosion01_2.uasset
[2016.09.14-01.42.45:902][163]Cmd: OBJ SAVEPACKAGE PACKAGE="/Game/ThirdPersonBP/Blueprints/Stomp" FILE="../../../../../../Users/Kevin/Documents/Unreal Projects/VID3/MyProject/Content/ThirdPersonBP/Blueprints/Stomp.uasset" SILENT=true
[2016.09.14-01.42.45:914][163]LogSavePackage: Save=9.59ms
[2016.09.14-01.42.45:914][163]LogSavePackage: Moving '../../../../../../Users/Kevin/Documents/Unreal Projects/VID3/MyProject/Saved/StompC4C30E684E7380EADFB7348680A7CC29.tmp' to '../../../../../../Users/Kevin/Documents/Unreal Projects/VID3/MyProject/Content/ThirdPersonBP/Blueprints/Stomp.uasset'
[2016.09.14-01.42.45:918][163]LogSavePackage:Display: Finished SavePackage ../../../../../../Users/Kevin/Documents/Unreal Projects/VID3/MyProject/Content/ThirdPersonBP/Blueprints/Stomp.uasset
[2016.09.14-01.42.46:159][163]LogWindowsTextInputMethodSystem:Display: IME system now deactivated.
[2016.09.14-01.42.46:421][164]Cmd: QUIT_EDITOR
[2016.09.14-01.42.47:223][164]LogExit: Preparing to exit.
[2016.09.14-01.42.47:528][164]LogExit: Editor shut down
[2016.09.14-01.42.47:529][164]LogExit: Transaction tracking system shut down
[2016.09.14-01.42.47:679][164]LogObj: Freed 0b from 0 cluster array pools.
[2016.09.14-01.42.47:679][164]LogExit: Object subsystem successfully closed.
[2016.09.14-01.42.47:689][164]LogD3D11RHI: Shutdown
[2016.09.14-01.42.47:689][164]LogD3D11RHI: CleanupD3DDevice
[2016.09.14-01.42.47:935][164]LogD3D11RHI: ~FD3D11DynamicRHI
[2016.09.14-01.42.47:952][164]LogModuleManager: Shutting down and abandoning module MovieSceneCapture (215)
[2016.09.14-01.42.47:952][164]LogModuleManager: Shutting down and abandoning module SoundCueEditor (214)
[2016.09.14-01.42.47:952][164]LogModuleManager: Shutting down and abandoning module HierarchicalLODOutliner (213)
[2016.09.14-01.42.47:952][164]LogModuleManager: Shutting down and abandoning module CrashTracker (212)
[2016.09.14-01.42.47:952][164]LogModuleManager: Shutting down and abandoning module SceneOutliner (211)
[2016.09.14-01.42.47:952][164]LogModuleManager: Shutting down and abandoning module WidgetCarousel (210)
[2016.09.14-01.42.47:952][164]LogModuleManager: Shutting down and abandoning module AddContentDialog (209)
[2016.09.14-01.42.47:953][164]LogModuleManager: Shutting down and abandoning module GameplayTags (208)
[2016.09.14-01.42.47:953][164]LogModuleManager: Shutting down and abandoning module EditorWidgets (207)
[2016.09.14-01.42.47:953][164]LogModuleManager: Shutting down and abandoning module CollectionManager (206)
[2016.09.14-01.42.47:953][164]LogModuleManager: Shutting down and abandoning module StatsViewer (205)
[2016.09.14-01.42.47:953][164]LogModuleManager: Shutting down and abandoning module FoliageEdit (204)
[2016.09.14-01.42.47:953][164]LogModuleManager: Shutting down and abandoning module LandscapeEditor (203)
[2016.09.14-01.42.47:954][164]LogModuleManager: Shutting down and abandoning module SceneDepthPickerMode (202)
[2016.09.14-01.42.47:954][164]LogModuleManager: Shutting down and abandoning module ActorPickerMode (201)
[2016.09.14-01.42.47:954][164]LogModuleManager: Shutting down and abandoning module GeometryMode (200)
[2016.09.14-01.42.47:954][164]LogModuleManager: Shutting down and abandoning module TextureAlignMode (199)
[2016.09.14-01.42.47:954][164]LogModuleManager: Shutting down and abandoning module BspMode (198)
[2016.09.14-01.42.47:954][164]LogModuleManager: Shutting down and abandoning module HardwareSurvey (197)
[2016.09.14-01.42.47:954][164]LogModuleManager: Shutting down and abandoning module SequenceRecorderSections (196)
[2016.09.14-01.42.47:954][164]LogModuleManager: Shutting down and abandoning module SequenceRecorder (195)
[2016.09.14-01.42.47:954][164]LogModuleManager: Shutting down and abandoning module AutomationWorker (194)
[2016.09.14-01.42.47:954][164]LogModuleManager: Shutting down and abandoning module MatineeToLevelSequence (193)
[2016.09.14-01.42.47:954][164]LogModuleManager: Shutting down and abandoning module PlacementMode (192)
[2016.09.14-01.42.47:954][164]LogModuleManager: Shutting down and abandoning module LevelSequenceEditor (191)
[2016.09.14-01.42.47:954][164]LogModuleManager: Shutting down and abandoning module CharacterAI (190)
[2016.09.14-01.42.47:954][164]LogModuleManager: Shutting down and abandoning module SmartSnapping (189)
[2016.09.14-01.42.47:954][164]LogModuleManager: Shutting down and abandoning module SessionServices (188)
[2016.09.14-01.42.47:954][164]LogModuleManager: Shutting down and abandoning module ViewportSnapping (187)
[2016.09.14-01.42.47:954][164]LogModuleManager: Shutting down and abandoning module LogVisualizer (186)
[2016.09.14-01.42.47:954][164]LogModuleManager: Shutting down and abandoning module GameProjectGeneration (185)
[2016.09.14-01.42.47:954][164]LogModuleManager: Shutting down and abandoning module IntroTutorials (184)
[2016.09.14-01.42.47:954][164]LogModuleManager: Shutting down and abandoning module EditorLiveStreaming (183)
[2016.09.14-01.42.47:954][164]LogModuleManager: Shutting down and abandoning module IOSPlatformEditor (182)
[2016.09.14-01.42.47:954][164]LogModuleManager: Shutting down and abandoning module HTML5PlatformEditor (181)
[2016.09.14-01.42.47:955][164]LogModuleManager: Shutting down and abandoning module AndroidDeviceDetection (180)
[2016.09.14-01.42.48:634][164]LogModuleManager: Shutting down and abandoning module AndroidPlatformEditor (179)
[2016.09.14-01.42.48:634][164]LogModuleManager: Shutting down and abandoning module IOSRuntimeSettings (178)
[2016.09.14-01.42.48:634][164]LogModuleManager: Shutting down and abandoning module AndroidRuntimeSettings (177)
[2016.09.14-01.42.48:634][164]LogModuleManager: Shutting down and abandoning module MergeActors (176)
[2016.09.14-01.42.48:634][164]LogModuleManager: Shutting down and abandoning module SizeMap (175)
[2016.09.14-01.42.48:634][164]LogModuleManager: Shutting down and abandoning module TreeMap (174)
[2016.09.14-01.42.48:634][164]LogModuleManager: Shutting down and abandoning module ReferenceViewer (173)
[2016.09.14-01.42.48:634][164]LogModuleManager: Shutting down and abandoning module LocalizationService (172)
[2016.09.14-01.42.48:634][164]LogModuleManager: Shutting down and abandoning module LocalizationDashboard (171)
[2016.09.14-01.42.48:634][164]LogModuleManager: Shutting down and abandoning module HardwareTargeting (170)
[2016.09.14-01.42.48:634][164]LogModuleManager: Shutting down and abandoning module DeviceProfileEditor (169)
[2016.09.14-01.42.48:634][164]LogModuleManager: Shutting down and abandoning module UndoHistory (168)
[2016.09.14-01.42.48:634][164]LogModuleManager: Shutting down and abandoning module UserFeedback (167)
[2016.09.14-01.42.48:634][164]LogModuleManager: Shutting down and abandoning module XmlParser (166)
[2016.09.14-01.42.48:634][164]LogModuleManager: Shutting down and abandoning module Blutility (165)
[2016.09.14-01.42.48:634][164]LogModuleManager: Shutting down and abandoning module ProjectTargetPlatformEditor (164)
[2016.09.14-01.42.48:635][164]LogModuleManager: Shutting down and abandoning module ProjectSettingsViewer (163)
[2016.09.14-01.42.48:635][164]LogModuleManager: Shutting down and abandoning module InputBindingEditor (162)
[2016.09.14-01.42.48:635][164]LogModuleManager: Shutting down and abandoning module EditorSettingsViewer (161)
[2016.09.14-01.42.48:635][164]LogModuleManager: Shutting down and abandoning module SettingsEditor (160)
[2016.09.14-01.42.48:635][164]LogModuleManager: Shutting down and abandoning module ProjectLauncher (159)
[2016.09.14-01.42.48:635][164]LogModuleManager: Shutting down and abandoning module SessionFrontend (158)
[2016.09.14-01.42.48:635][164]LogModuleManager: Shutting down and abandoning module ProfilerClient (157)
[2016.09.14-01.42.48:635][164]LogModuleManager: Shutting down and abandoning module TargetDeviceServices (156)
[2016.09.14-01.42.48:635][164]LogModuleManager: Shutting down and abandoning module DeviceManager (155)
[2016.09.14-01.42.48:677][164]LogModuleManager: Shutting down and abandoning module AutomationController (154)
[2016.09.14-01.42.48:677][164]LogModuleManager: Shutting down and abandoning module AutomationWindow (153)
[2016.09.14-01.42.48:677][164]LogModuleManager: Shutting down and abandoning module Layers (152)
[2016.09.14-01.42.48:677][164]LogModuleManager: Shutting down and abandoning module ComponentVisualizers (151)
[2016.09.14-01.42.48:677][164]LogModuleManager: Shutting down and abandoning module DetailCustomizations (150)
[2016.09.14-01.42.48:677][164]LogModuleManager: Shutting down and abandoning module PackagesDialog (149)
[2016.09.14-01.42.48:677][164]LogModuleManager: Shutting down and abandoning module Persona (148)
[2016.09.14-01.42.48:677][164]LogModuleManager: Shutting down and abandoning module Kismet (147)
[2016.09.14-01.42.48:677][164]LogModuleManager: Shutting down and abandoning module GraphEditor (146)
[2016.09.14-01.42.48:677][164]LogModuleManager: Shutting down and abandoning module ClassViewer (145)
[2016.09.14-01.42.48:677][164]LogModuleManager: Shutting down and abandoning module Toolbox (144)
[2016.09.14-01.42.48:677][164]LogModuleManager: Shutting down and abandoning module ModuleUI (143)
[2016.09.14-01.42.48:677][164]LogModuleManager: Shutting down and abandoning module MovieSceneTools (142)
[2016.09.14-01.42.48:677][164]LogModuleManager: Shutting down and abandoning module OutputLog (141)
[2016.09.14-01.42.48:677][164]LogModuleManager: Shutting down and abandoning module GammaUI (140)
[2016.09.14-01.42.48:677][164]LogModuleManager: Shutting down and abandoning module Documentation (139)
[2016.09.14-01.42.48:677][164]LogModuleManager: Shutting down and abandoning module StreamingPauseRendering (138)
[2016.09.14-01.42.48:677][164]LogModuleManager: Shutting down and abandoning module AnalyticsET (137)
[2016.09.14-01.42.48:677][164]LogModuleManager: Shutting down and abandoning module Analytics (136)
[2016.09.14-01.42.48:677][164]LogModuleManager: Shutting down and abandoning module PortalServices (135)
[2016.09.14-01.42.48:677][164]LogModuleManager: Shutting down and abandoning module PortalRpc (134)
[2016.09.14-01.42.48:677][164]LogModuleManager: Shutting down and abandoning module MessagingRpc (133)
[2016.09.14-01.42.48:677][164]LogModuleManager: Shutting down and abandoning module GameplayDebugger (132)
[2016.09.14-01.42.48:677][164]LogModuleManager: Shutting down and abandoning module AITestSuite (131)
[2016.09.14-01.42.48:677][164]LogModuleManager: Shutting down and abandoning module AIModule (130)
[2016.09.14-01.42.48:677][164]LogModuleManager: Shutting down and abandoning module ProfilerService (129)
[2016.09.14-01.42.48:906][164]LogModuleManager: Shutting down and abandoning module TaskGraph (128)
[2016.09.14-01.42.48:906][164]LogModuleManager: Shutting down and abandoning module SlateRemote (127)
[2016.09.14-01.42.48:906][164]LogModuleManager: Shutting down and abandoning module SteamVRController (126)
[2016.09.14-01.42.48:906][164]LogModuleManager: Shutting down and abandoning module SteamVR (125)
[2016.09.14-01.42.48:906][164]LogModuleManager: Shutting down and abandoning module ProceduralMeshComponent (124)
[2016.09.14-01.42.48:906][164]LogModuleManager: Shutting down and abandoning module OculusLibrary (123)
[2016.09.14-01.42.48:906][164]LogModuleManager: Shutting down and abandoning module OculusInput (122)
[2016.09.14-01.42.48:906][164]LogModuleManager: Shutting down and abandoning module CustomMeshComponent (121)
[2016.09.14-01.42.48:906][164]LogModuleManager: Shutting down and abandoning module CableComponent (120)
[2016.09.14-01.42.48:906][164]LogModuleManager: Shutting down and abandoning module ArchVisCharacter (119)
[2016.09.14-01.42.48:906][164]LogModuleManager: Shutting down and abandoning module MediaPlayerEditor (118)
[2016.09.14-01.42.48:906][164]LogModuleManager: Shutting down and abandoning module HTML5Networking (117)
[2016.09.14-01.42.48:906][164]LogModuleManager: Shutting down and abandoning module SuperSearch (116)
[2016.09.14-01.42.48:906][164]LogModuleManager: Shutting down and abandoning module SuperSearchEditor (115)
[2016.09.14-01.42.48:906][164]LogModuleManager: Shutting down and abandoning module SpeedTreeImporter (114)
[2016.09.14-01.42.48:906][164]LogModuleManager: Shutting down and abandoning module PluginBrowser (113)
[2016.09.14-01.42.48:906][164]LogModuleManager: Shutting down and abandoning module EpicSurvey (112)
[2016.09.14-01.42.48:907][164]LogModuleManager: Shutting down and abandoning module DesktopPlatform (111)
[2016.09.14-01.42.48:907][164]LogModuleManager: Shutting down and abandoning module VisualStudioSourceCodeAccess (110)
[2016.09.14-01.42.48:907][164]LogModuleManager: Shutting down and abandoning module UObjectPlugin (109)
[2016.09.14-01.42.48:907][164]LogModuleManager: Shutting down and abandoning module SubversionSourceControl (108)
[2016.09.14-01.42.48:907][164]LogModuleManager: Shutting down and abandoning module PerforceSourceControl (107)
[2016.09.14-01.42.48:907][164]LogModuleManager: Shutting down and abandoning module SourceControl (106)
[2016.09.14-01.42.48:907][164]LogModuleManager: Shutting down and abandoning module GitSourceControl (105)
[2016.09.14-01.42.48:907][164]LogModuleManager: Shutting down and abandoning module LightPropagationVolumeEditor (104)
[2016.09.14-01.42.48:907][164]LogModuleManager: Shutting down and abandoning module PaperTiledImporter (103)
[2016.09.14-01.42.48:907][164]LogModuleManager: Shutting down and abandoning module PaperSpriteSheetImporter (102)
[2016.09.14-01.42.48:907][164]LogModuleManager: Shutting down and abandoning module MeshPaint (101)
[2016.09.14-01.42.48:907][164]LogModuleManager: Shutting down and abandoning module PixelInspectorModule (100)
[2016.09.14-01.42.48:907][164]LogModuleManager: Shutting down and abandoning module HotReload (99)
[2016.09.14-01.42.48:908][164]LogModuleManager: Shutting down and abandoning module MainFrame (98)
[2016.09.14-01.42.48:908][164]LogModuleManager: Shutting down and abandoning module LevelEditor (97)
[2016.09.14-01.42.48:911][164]LogModuleManager: Shutting down and abandoning module ContentBrowser (96)
[2016.09.14-01.42.48:912][164]LogModuleManager: Shutting down and abandoning module Paper2DEditor (95)
[2016.09.14-01.42.48:912][164]LogModuleManager: Shutting down and abandoning module UdpMessaging (94)
[2016.09.14-01.42.49:014][164]LogModuleManager: Shutting down and abandoning module LightPropagationVolumeRuntime (93)
[2016.09.14-01.42.49:014][164]LogModuleManager: Shutting down and abandoning module Paper2D (92)
[2016.09.14-01.42.49:014][164]LogModuleManager: Shutting down and abandoning module WindowsMoviePlayer (91)
[2016.09.14-01.42.49:014][164]LogModuleManager: Shutting down and abandoning module Media (90)
[2016.09.14-01.42.49:014][164]LogModuleManager: Shutting down and abandoning module WmfMedia (89)
[2016.09.14-01.42.49:014][164]LogModuleManager: Shutting down and abandoning module MediaAssets (88)
[2016.09.14-01.42.49:014][164]LogModuleManager: Shutting down and abandoning module GameLiveStreaming (87)
[2016.09.14-01.42.49:014][164]LogModuleManager: Shutting down and abandoning module GameplayTagsEditor (86)
[2016.09.14-01.42.49:014][164]LogModuleManager: Shutting down and abandoning module OnlineBlueprintSupport (85)
[2016.09.14-01.42.49:014][164]LogModuleManager: Shutting down and abandoning module VREditor (84)
[2016.09.14-01.42.49:014][164]LogModuleManager: Shutting down and abandoning module GameplayTasksEditor (83)
[2016.09.14-01.42.49:014][164]LogModuleManager: Shutting down and abandoning module PropertyEditor (82)
[2016.09.14-01.42.49:014][164]LogModuleManager: Shutting down and abandoning module BehaviorTreeEditor (81)
[2016.09.14-01.42.49:015][164]LogModuleManager: Shutting down and abandoning module FunctionalTesting (80)
[2016.09.14-01.42.49:015][164]LogModuleManager: Shutting down and abandoning module CollisionAnalyzer (79)
[2016.09.14-01.42.49:015][164]LogModuleManager: Shutting down and abandoning module Sequencer (78)
[2016.09.14-01.42.49:015][164]LogModuleManager: Shutting down and abandoning module WorkspaceMenuStructure (77)
[2016.09.14-01.42.49:015][164]LogModuleManager: Shutting down and abandoning module MessageLog (76)
[2016.09.14-01.42.49:015][164]LogModuleManager: Shutting down and abandoning module AssetTools (75)
[2016.09.14-01.42.49:015][164]LogModuleManager: Shutting down and abandoning module UMGEditor (74)
[2016.09.14-01.42.49:015][164]LogModuleManager: Shutting down and abandoning module UMG (73)
[2016.09.14-01.42.49:015][164]LogModuleManager: Shutting down and abandoning module SlateReflector (72)
[2016.09.14-01.42.49:015][164]LogModuleManager: Shutting down and abandoning module Slate (71)
[2016.09.14-01.42.49:015][164]LogModuleManager: Shutting down and abandoning module EditorStyle (70)
[2016.09.14-01.42.49:019][164]LogModuleManager: Shutting down and abandoning module SourceCodeAccess (69)
[2016.09.14-01.42.49:019][164]LogModuleManager: Shutting down and abandoning module HeadMountedDisplay (68)
[2016.09.14-01.42.49:019][164]LogModuleManager: Shutting down and abandoning module XAudio2 (67)
[2016.09.14-01.42.49:019][164]LogModuleManager: Shutting down and abandoning module Networking (65)
[2016.09.14-01.42.49:019][164]LogModuleManager: Shutting down and abandoning module Core (64)
[2016.09.14-01.42.49:020][164]LogModuleManager: Shutting down and abandoning module DirectoryWatcher (63)
[2016.09.14-01.42.49:021][164]LogModuleManager: Shutting down and abandoning module AssetRegistry (62)
[2016.09.14-01.42.49:209][164]LogModuleManager: Shutting down and abandoning module KismetCompiler (61)
[2016.09.14-01.42.49:209][164]LogModuleManager: Shutting down and abandoning module PhysXFormats (60)
[2016.09.14-01.42.49:209][164]LogModuleManager: Shutting down and abandoning module MeshUtilities (59)
[2016.09.14-01.42.49:209][164]LogModuleManager: Shutting down and abandoning module DerivedDataCache (58)
[2016.09.14-01.42.49:254][164]LogDerivedDataCache: Shutdown
[2016.09.14-01.42.49:254][164]LogModuleManager: Shutting down and abandoning module VulkanShaderFormat (57)
[2016.09.14-01.42.49:254][164]LogModuleManager: Shutting down and abandoning module ShaderFormatOpenGL (56)
[2016.09.14-01.42.49:254][164]LogModuleManager: Shutting down and abandoning module ShaderFormatD3D (55)
[2016.09.14-01.42.49:254][164]LogModuleManager: Shutting down and abandoning module MetalShaderFormat (54)
[2016.09.14-01.42.49:254][164]LogModuleManager: Shutting down and abandoning module TextureFormatUncompressed (53)
[2016.09.14-01.42.49:254][164]LogModuleManager: Shutting down and abandoning module TextureFormatPVR (52)
[2016.09.14-01.42.49:254][164]LogModuleManager: Shutting down and abandoning module TextureFormatIntelISPCTexComp (51)
[2016.09.14-01.42.49:255][164]LogModuleManager: Shutting down and abandoning module TextureFormatDXT (50)
[2016.09.14-01.42.49:255][164]LogModuleManager: Shutting down and abandoning module ImageWrapper (49)
[2016.09.14-01.42.49:255][164]LogModuleManager: Shutting down and abandoning module TextureFormatASTC (48)
[2016.09.14-01.42.49:255][164]LogModuleManager: Shutting down and abandoning module TextureFormatAndroid (47)
[2016.09.14-01.42.49:255][164]LogModuleManager: Shutting down and abandoning module AudioFormatOpus (46)
[2016.09.14-01.42.49:255][164]LogModuleManager: Shutting down and abandoning module AudioFormatOgg (45)
[2016.09.14-01.42.49:255][164]LogModuleManager: Shutting down and abandoning module AudioFormatADPCM (44)
[2016.09.14-01.42.49:255][164]LogModuleManager: Shutting down and abandoning module LinuxTargetPlatform (43)
[2016.09.14-01.42.49:255][164]LogModuleManager: Shutting down and abandoning module LinuxServerTargetPlatform (42)
[2016.09.14-01.42.49:255][164]LogModuleManager: Shutting down and abandoning module LinuxNoEditorTargetPlatform (41)
[2016.09.14-01.42.49:255][164]LogModuleManager: Shutting down and abandoning module TVOSTargetPlatform (40)
[2016.09.14-01.42.49:255][164]LogModuleManager: Shutting down and abandoning module Messaging (39)
[2016.09.14-01.42.49:255][164]LogModuleManager: Shutting down and abandoning module IOSTargetPlatform (38)
[2016.09.14-01.42.49:255][164]LogModuleManager: Shutting down and abandoning module HTML5TargetPlatform (37)
[2016.09.14-01.42.49:255][164]LogModuleManager: Shutting down and abandoning module Android_PVRTCTargetPlatform (36)
[2016.09.14-01.42.49:255][164]LogModuleManager: Shutting down and abandoning module Android_MultiTargetPlatform (35)
[2016.09.14-01.42.49:255][164]LogModuleManager: Shutting down and abandoning module Android_ETC2TargetPlatform (34)
[2016.09.14-01.42.49:255][164]LogModuleManager: Shutting down and abandoning module Android_ETC1TargetPlatform (33)
[2016.09.14-01.42.49:255][164]LogModuleManager: Shutting down and abandoning module Android_DXTTargetPlatform (32)
[2016.09.14-01.42.49:255][164]LogModuleManager: Shutting down and abandoning module Android_ATCTargetPlatform (31)
[2016.09.14-01.42.49:255][164]LogModuleManager: Shutting down and abandoning module Android_ASTCTargetPlatform (30)
[2016.09.14-01.42.49:255][164]LogModuleManager: Shutting down and abandoning module AndroidTargetPlatform (29)
[2016.09.14-01.42.49:255][164]LogModuleManager: Shutting down and abandoning module WindowsTargetPlatform (28)
[2016.09.14-01.42.49:255][164]LogModuleManager: Shutting down and abandoning module WindowsServerTargetPlatform (27)
[2016.09.14-01.42.49:255][164]LogModuleManager: Shutting down and abandoning module WindowsNoEditorTargetPlatform (26)
[2016.09.14-01.42.49:255][164]LogModuleManager: Shutting down and abandoning module WindowsClientTargetPlatform (25)
[2016.09.14-01.42.49:255][164]LogModuleManager: Shutting down and abandoning module AllDesktopTargetPlatform (24)
[2016.09.14-01.42.49:255][164]LogModuleManager: Shutting down and abandoning module TargetPlatform (23)
[2016.09.14-01.42.49:255][164]LogModuleManager: Shutting down and abandoning module InputCore (22)
[2016.09.14-01.42.49:255][164]LogModuleManager: Shutting down and abandoning module Settings (21)
[2016.09.14-01.42.49:255][164]LogModuleManager: Shutting down and abandoning module OnlineSubsystem (19)
[2016.09.14-01.42.49:255][164]LogModuleManager: Shutting down and abandoning module HTTP (18)
[2016.09.14-01.42.50:757][164]LogModuleManager: Shutting down and abandoning module XMPP (17)
[2016.09.14-01.42.50:757][164]LogModuleManager: Shutting down and abandoning module OculusRift (16)
[2016.09.14-01.42.50:757][164]LogModuleManager: Shutting down and abandoning module ExampleDeviceProfileSelector (15)
[2016.09.14-01.42.50:757][164]LogModuleManager: Shutting down and abandoning module TextureCompressor (14)
[2016.09.14-01.42.50:757][164]LogModuleManager: Shutting down and abandoning module ShaderCore (13)
[2016.09.14-01.42.50:757][164]LogModuleManager: Shutting down and abandoning module Landscape (12)
[2016.09.14-01.42.50:757][164]LogModuleManager: Shutting down and abandoning module SlateRHIRenderer (11)
[2016.09.14-01.42.50:759][164]LogModuleManager: Shutting down and abandoning module OpenGLDrv (10)
[2016.09.14-01.42.50:759][164]LogModuleManager: Shutting down and abandoning module D3D11RHI (9)
[2016.09.14-01.42.50:759][164]LogModuleManager: Shutting down and abandoning module AnimGraphRuntime (8)
[2016.09.14-01.42.50:759][164]LogModuleManager: Shutting down and abandoning module Renderer (7)
[2016.09.14-01.42.50:759][164]LogModuleManager: Shutting down and abandoning module Engine (6)
[2016.09.14-01.42.50:759][164]LogModuleManager: Shutting down and abandoning module CoreUObject (5)
[2016.09.14-01.42.50:759][164]LogModuleManager: Shutting down and abandoning module NetworkFile (4)
[2016.09.14-01.42.50:759][164]LogModuleManager: Shutting down and abandoning module StreamingFile (3)
[2016.09.14-01.42.50:759][164]LogModuleManager: Shutting down and abandoning module SandboxFile (2)
[2016.09.14-01.42.50:759][164]LogModuleManager: Shutting down and abandoning module PakFile (1)
[2016.09.14-01.42.50:761][164]LogExit: Exiting.
[2016.09.14-01.42.50:782][164]Log file closed, 09/13/16 20:42:50
