Log file open, 09/16/16 22:03:09
LogInit:Display: Running engine for game: MyProject
LogPlatformFile: Not using cached read wrapper
LogInit:Display: RandInit(907106707) SRandInit(907106715).
LogTaskGraph: Started task graph with 4 named threads and 5 total threads with 1 sets of task threads.
LogStats: Stats thread started at 0.195708
LogInit: Version: 4.12.5-3039270+++UE4+Release-4.12
LogInit: API Version: 2992821
LogInit: Net Version: 3039270
LogDevObjectVersion: Number of dev versions registered: 13
LogDevObjectVersion:   Dev-Blueprints (B0D832E4-1F89-4F0D-ACCF-7EB736FD4AA2): 3
LogDevObjectVersion:   Dev-Build (E1C64328-A22C-4D53-A36C-8E866417BD8C): 0
LogDevObjectVersion:   Dev-Core (375EC13C-06E4-48FB-B500-84F0262A717E): 1
LogDevObjectVersion:   Dev-Editor (E4B068ED-F494-42E9-A231-DA0B2E46BB41): 2
LogDevObjectVersion:   Dev-Framework (CFFC743F-43B0-4480-9391-14DF171D2073): 6
LogDevObjectVersion:   Dev-Mobile (B02B49B5-BB20-44E9-A304-32B752E40360): 0
LogDevObjectVersion:   Dev-Networking (A4E4105C-59A1-49B5-A7C5-40C4547EDFEE): 0
LogDevObjectVersion:   Dev-Online (39C831C9-5AE6-47DC-9A44-9C173E1C8E7C): 0
LogDevObjectVersion:   Dev-Physics (78F01B33-EBEA-4F98-B9B4-84EACCB95AA2): 0
LogDevObjectVersion:   Dev-Platform (6631380F-2D4D-43E0-8009-CF276956A95A): 0
LogDevObjectVersion:   Dev-Rendering (12F88B9F-8875-4AFC-A67C-D90C383ABD29): 2
LogDevObjectVersion:   Dev-Sequencer (7B5AE74C-D270-4C10-A958-57980B212A5A): 0
LogDevObjectVersion:   Dev-VR (D7296918-1DD6-4BDD-9DE2-64A83CC13884): 0
LogInit: Compiled (64-bit): Jul  6 2016 09:09:46
LogInit: Compiled with Visual C++: 19.00.23026.00
LogInit: Build Configuration: Development
LogInit: Branch Name: ++UE4+Release-4.12
LogInit: Command line:  
LogInit: Base directory: C:/Program Files (x86)/Epic Games/4.12/Engine/Binaries/Win64/
LogInit: Installed Engine Build: 1
LogInit: Using libcurl 7.41.0
LogInit:  - built for x86_64-pc-win32
LogInit:  - supports SSL with WinSSL
LogInit:  - other features:
LogInit:      CURL_VERSION_SSL
LogInit:      CURL_VERSION_IPV6
LogInit:      CURL_VERSION_ASYNCHDNS
LogInit:      CURL_VERSION_LARGEFILE
LogInit:      CURL_VERSION_IDN
LogInit:  CurlRequestOptions (configurable via config and command line):
LogInit:  - bVerifyPeer = true  - Libcurl will verify peer certificate
LogInit:  - bUseHttpProxy = false  - Libcurl will NOT use HTTP proxy
LogInit:  - bDontReuseConnections = false  - Libcurl will reuse connections
LogInit:  - CertBundlePath = nullptr  - Libcurl will use whatever was configured at build time.
LogInit: Presizing for max 8388607 objects, including 0 objects not considered by GC, pre-allocating 0 bytes for permanent pool.
LogInit: Object subsystem initialized
[2016.09.17-03.03.10:189][  0]LogInit: Selected Device Profile: [Windows]
[2016.09.17-03.03.10:189][  0]LogInit: Applying CVar settings loaded from the selected device profile: [Windows]
[2016.09.17-03.03.10:399][  0]LogInit: Computer: METAL_REAR
[2016.09.17-03.03.10:399][  0]LogInit: User: Kevin
[2016.09.17-03.03.10:399][  0]LogInit: CPU Page size=65536, Cores=2
[2016.09.17-03.03.10:399][  0]LogInit: High frequency timer resolution =2.143476 MHz
[2016.09.17-03.03.10:411][  0]LogMemory: Memory total: Physical=7.9GB (8GB approx)
[2016.09.17-03.03.10:421][  0]LogMemory: Platform Memory Stats for Windows
[2016.09.17-03.03.10:421][  0]LogMemory: Process Physical Memory: 189.78 MB used, 189.78 MB peak
[2016.09.17-03.03.10:421][  0]LogMemory: Process Virtual Memory: 194.85 MB used, 194.85 MB peak
[2016.09.17-03.03.10:421][  0]LogMemory: Physical Memory: 4973.79 MB used, 8105.84 MB total
[2016.09.17-03.03.10:421][  0]LogMemory: Virtual Memory: 552.39 MB used, 134217728.00 MB total
[2016.09.17-03.03.13:491][  0]LogD3D11RHI: D3D11 adapters:
[2016.09.17-03.03.13:501][  0]LogD3D11RHI:    0. 'Intel(R) HD Graphics 5500' (Feature Level 11_0)
[2016.09.17-03.03.13:501][  0]LogD3D11RHI:       128/0/4052 MB DedicatedVideo/DedicatedSystem/SharedSystem, Outputs:1, VendorId:0x8086
[2016.09.17-03.03.15:068][  0]LogD3D11RHI:    1. 'AMD Radeon R9 M275' (Feature Level 11_0)
[2016.09.17-03.03.15:068][  0]LogD3D11RHI:       2026/0/4052 MB DedicatedVideo/DedicatedSystem/SharedSystem, Outputs:0, VendorId:0x1002
[2016.09.17-03.03.15:071][  0]LogD3D11RHI:    2. 'Microsoft Basic Render Driver' (Feature Level 11_0)
[2016.09.17-03.03.15:071][  0]LogD3D11RHI:       0/0/4052 MB DedicatedVideo/DedicatedSystem/SharedSystem, Outputs:0, VendorId:0x1414
[2016.09.17-03.03.15:071][  0]LogD3D11RHI: Chosen D3D11 Adapter: 1
[2016.09.17-03.03.15:129][  0]LogD3D11RHI: Creating new Direct3DDevice
[2016.09.17-03.03.15:129][  0]LogD3D11RHI:     GPU DeviceId: 0x6820 (for the marketing name, search the web for "GPU Device Id")
[2016.09.17-03.03.15:148][  0]LogWindows: EnumDisplayDevices:
[2016.09.17-03.03.15:149][  0]LogWindows:    0. 'Intel(R) HD Graphics 5500' (P:1 D:1)
[2016.09.17-03.03.15:149][  0]LogWindows:    1. 'Intel(R) HD Graphics 5500' (P:0 D:0)
[2016.09.17-03.03.15:149][  0]LogWindows:    2. 'Intel(R) HD Graphics 5500' (P:0 D:0)
[2016.09.17-03.03.15:149][  0]LogWindows: DebugString: PrimaryIsNotTheChoosenAdapter PrimaryIsNotTheChoosenAdapter PrimaryIsNotTheChoosenAdapter FoundDriverCount:0 
[2016.09.17-03.03.15:152][  0]LogD3D11RHI:     Adapter Name: AMD Radeon R9 M275
[2016.09.17-03.03.15:152][  0]LogD3D11RHI:   Driver Version: Unknown (internal:Unknown, unified:Unknown)
[2016.09.17-03.03.15:152][  0]LogD3D11RHI:      Driver Date: Unknown
[2016.09.17-03.03.15:152][  0]LogRHI: Texture pool is 1361 MB (70% of 1945 MB)
[2016.09.17-03.03.15:698][  0]LogD3D11RHI: Async texture creation disabled: no driver support
[2016.09.17-03.03.16:165][  0]LogD3D11RHI: GPU Timing Frequency: 27.000000 (Debug: 2 1)
[2016.09.17-03.03.16:322][  0]LogShaderCompilers: Guid format shader working directory is -23 characters bigger than the processId version (../../../../../../Users/Kevin/Documents/Unreal Projects/VID3/MyProject/Intermediate/Shaders/WorkingDirectory/432/).
[2016.09.17-03.03.16:323][  0]LogShaderCompilers: Cleaned the shader compiler working directory 'C:/Users/Kevin/AppData/Local/Temp/UnrealShaderWorkingDir/9B74422547D444B0A0FC5CAAF9BDDF69/'.
[2016.09.17-03.03.16:336][  0]LogShaderCompilers:Display: Using Local Shader Compiler.
[2016.09.17-03.03.24:003][  0]LogTemp:Display: Loaded TP AllDesktopTargetPlatform
[2016.09.17-03.03.24:016][  0]LogTemp:Display: Loaded TP WindowsClientTargetPlatform
[2016.09.17-03.03.24:028][  0]LogTemp:Display: Loaded TP WindowsNoEditorTargetPlatform
[2016.09.17-03.03.24:040][  0]LogTemp:Display: Loaded TP WindowsServerTargetPlatform
[2016.09.17-03.03.24:053][  0]LogTemp:Display: Loaded TP WindowsTargetPlatform
[2016.09.17-03.03.24:213][  0]LogTemp:Display: Loaded TP AndroidTargetPlatform
[2016.09.17-03.03.24:249][  0]LogTemp:Display: Loaded TP Android_ASTCTargetPlatform
[2016.09.17-03.03.24:261][  0]LogTemp:Display: Loaded TP Android_ATCTargetPlatform
[2016.09.17-03.03.24:280][  0]LogTemp:Display: Loaded TP Android_DXTTargetPlatform
[2016.09.17-03.03.24:298][  0]LogTemp:Display: Loaded TP Android_ETC1TargetPlatform
[2016.09.17-03.03.24:309][  0]LogTemp:Display: Loaded TP Android_ETC2TargetPlatform
[2016.09.17-03.03.24:349][  0]LogTemp:Display: Loaded TP Android_MultiTargetPlatform
[2016.09.17-03.03.24:349][  0]LogTemp:Display: Loaded TP Android_PVRTCTargetPlatform
[2016.09.17-03.03.24:350][  0]LogTemp:Display: Loaded TP HTML5TargetPlatform
[2016.09.17-03.03.24:467][  0]LogTemp:Display: Loaded TP IOSTargetPlatform
[2016.09.17-03.03.24:475][  0]LogTemp:Display: Loaded TP TVOSTargetPlatform
[2016.09.17-03.03.24:494][  0]LogTemp:Display: Loaded TP LinuxNoEditorTargetPlatform
[2016.09.17-03.03.24:517][  0]LogTemp:Display: Loaded TP LinuxServerTargetPlatform
[2016.09.17-03.03.24:558][  0]LogTemp:Display: Loaded TP LinuxTargetPlatform
[2016.09.17-03.03.24:558][  0]LogTargetPlatformManager:Display: Building Assets For Windows
[2016.09.17-03.03.26:166][  0]LogDerivedDataCache:Display: Max Cache Size: 512 MB
[2016.09.17-03.03.26:864][  0]LogDerivedDataCache: Loaded boot cache 0.69s 48MB C:/Users/Kevin/AppData/Local/UnrealEngine/4.12/DerivedDataCache/Boot.ddc.
[2016.09.17-03.03.26:865][  0]LogDerivedDataCache:Display: Loaded Boot cache: C:/Users/Kevin/AppData/Local/UnrealEngine/4.12/DerivedDataCache/Boot.ddc
[2016.09.17-03.03.26:865][  0]LogDerivedDataCache: FDerivedDataBackendGraph:  Pak pak cache file ../../../../../../Users/Kevin/Documents/Unreal Projects/VID3/MyProject/DerivedDataCache/DDC.ddp not found, will not use a pak cache.
[2016.09.17-03.03.26:865][  0]LogDerivedDataCache: Unable to find inner node Pak for hierarchical cache Hierarchy.
[2016.09.17-03.03.26:865][  0]LogDerivedDataCache: FDerivedDataBackendGraph:  CompressedPak pak cache file ../../../../../../Users/Kevin/Documents/Unreal Projects/VID3/MyProject/DerivedDataCache/Compressed.ddp not found, will not use a pak cache.
[2016.09.17-03.03.26:865][  0]LogDerivedDataCache: Unable to find inner node CompressedPak for hierarchical cache Hierarchy.
[2016.09.17-03.03.26:938][  0]LogDerivedDataCache:Display: Pak cache opened for reading ../../../Engine/DerivedDataCache/Compressed.ddp.
[2016.09.17-03.03.26:982][  0]LogDerivedDataCache: Using Local data cache path C:/Users/Kevin/AppData/Local/UnrealEngine/Common/DerivedDataCache: Writable
[2016.09.17-03.03.44:726][  0]LogInit: Selected Device Profile: [Windows]
[2016.09.17-03.03.45:037][  0]LogContentStreaming: Texture pool size is 0.00 MB
[2016.09.17-03.03.50:006][  0]LogMeshUtilities: No automatic mesh reduction module available
[2016.09.17-03.03.50:006][  0]LogMeshUtilities: No automatic mesh merging module available
[2016.09.17-03.03.50:006][  0]LogMeshUtilities: No distributed automatic mesh merging module available
[2016.09.17-03.04.00:345][  0]LogAssetRegistry: FAssetRegistry took 0.0236 seconds to start up
[2016.09.17-03.04.00:882][  0]LogPackageLocalizationCache: Processed 3 localized package path(s) for 1 prioritized culture(s) in 0.316288 seconds
[2016.09.17-03.04.00:993][  0]LogUObjectArray: 28739 objects as part of root set at end of initial load.
[2016.09.17-03.04.00:993][  0]LogUObjectAllocator: 5855632 out of 0 bytes used by permanent object pool.
[2016.09.17-03.04.00:993][  0]LogUObjectArray: CloseDisregardForGC: 0/0 objects in disregard for GC pool
[2016.09.17-03.04.01:070][  0]LogInit: WinSock: version 1.1 (2.2), MaxSocks=32767, MaxUdp=65467
[2016.09.17-03.04.11:765][  0]LogSlate: SlateFontCache - WITH_FREETYPE: 1, WITH_HARFBUZZ: 1
[2016.09.17-03.04.11:770][  0]LogSlate: SlateFontCache - WITH_FREETYPE: 1, WITH_HARFBUZZ: 1
[2016.09.17-03.04.25:850][  0]LogUdpMessaging: Initializing bridge on interface 0.0.0.0:0 to multicast group 230.0.0.1:6666.
[2016.09.17-03.04.28:436][  0]SourceControl: Info Source control is disabled
[2016.09.17-03.04.29:181][  0]SourceControl: Info Source control is disabled
[2016.09.17-03.04.29:226][  0]SourceControl: Info Source control is disabled
[2016.09.17-03.04.29:255][  0]SourceControl: Info Source control is disabled
[2016.09.17-03.04.31:650][  0]LogEngine: Initializing Engine...
[2016.09.17-03.04.31:992][  0]LogHMD: SteamVR failed to initialize.  Err: 110
[2016.09.17-03.04.32:057][  0]LogHMD: SteamVR failed to initialize.  Err: 110
[2016.09.17-03.04.34:336][  0]LogAIModule: Creating AISystem for world NewWorld
[2016.09.17-03.04.34:996][  0]LogInit: XAudio2 using 'Altavoces (Realtek High Definition Audio)' : 2 channels at 48 kHz using 32 bits per sample (channel mask 0x3)
[2016.09.17-03.04.35:063][  0]LogInit: FAudioDevice initialized.
[2016.09.17-03.04.35:109][  0]LogDerivedDataCache: Saved boot cache 0.05s 48MB C:/Users/Kevin/AppData/Local/UnrealEngine/4.12/DerivedDataCache/Boot.ddc.
[2016.09.17-03.04.35:118][  0]LogInit: Texture streaming: Enabled
[2016.09.17-03.04.38:847][  0]LogWindowsTextInputMethodSystem:Display: IME system now deactivated.
[2016.09.17-03.04.39:980][  0]LogInit: Transaction tracking system initialized
[2016.09.17-03.04.46:942][  0]BlueprintLog: New page: Editor Load
[2016.09.17-03.04.51:152][  0]LocalizationService: Info Localization service is disabled
[2016.09.17-03.04.52:656][  0]LogConsoleResponse:Display: 
[2016.09.17-03.05.00:720][  0]LogFileCache: Scanning file cache for directory 'C:/Users/Kevin/Documents/Unreal Projects/VID3/MyProject/Content/' took 0.05s
[2016.09.17-03.05.00:720][  0]LogCook:Display: Max memory allowance for cook 8192mb
[2016.09.17-03.05.00:756][  0]LogCook:Display: Mobile HDR setting 1
[2016.09.17-03.05.05:507][  0]SourceControl: Info Source control is disabled
[2016.09.17-03.05.05:663][  0]Cmd: MAP LOAD FILE="../../../../../../Users/Kevin/Documents/Unreal Projects/VID3/MyProject/Content/ThirdPersonBP/Maps/ThirdPersonExampleMap.umap" TEMPLATE=0 SHOWPROGRESS=1 FEATURELEVEL=3
[2016.09.17-03.05.06:222][  0]LightingResults: New page: Lighting Build
[2016.09.17-03.05.07:990][  0]MapCheck: New page: Map Check
[2016.09.17-03.05.07:990][  0]LightingResults: New page: Lighting Build
[2016.09.17-03.05.35:430][  0]LogAIModule: Creating AISystem for world ThirdPersonExampleMap
[2016.09.17-03.05.41:123][  0]LogEditorServer: Finished looking for orphan Actors (0.000 secs)
[2016.09.17-03.05.41:427][  0]Cmd: MAP CHECKDEP NOCLEARLOG
[2016.09.17-03.05.41:604][  0]MapCheck: Info Map check complete: 0 Error(s), 0 Warning(s), took 176.721ms to complete.
[2016.09.17-03.05.41:604][  0]LogFileHelpers: Loading map 'ThirdPersonExampleMap' took 36.019
[2016.09.17-03.05.48:957][  0]LogCollectionManager: Loaded 0 collections in 0.008845 seconds
[2016.09.17-03.05.51:112][  0]LogFileCache: Scanning file cache for directory 'C:/Users/Kevin/Documents/Unreal Projects/VID3/MyProject/Saved/Collections/' took 0.02s
[2016.09.17-03.05.51:112][  0]LogFileCache: Scanning file cache for directory 'C:/Users/Kevin/Documents/Unreal Projects/VID3/MyProject/Content/Developers/Kevin/Collections/' took 0.01s
[2016.09.17-03.05.51:112][  0]LogFileCache: Scanning file cache for directory 'C:/Users/Kevin/Documents/Unreal Projects/VID3/MyProject/Content/Collections/' took 0.01s
[2016.09.17-03.05.51:112][  0]LogCollectionManager: Rebuilt the GUID cache for 0 collections in 0.000014 seconds
[2016.09.17-03.05.51:460][  0]LogContentBrowser: Native class hierarchy populated in 0.1279 seconds. Added 2047 classes and 369 folders.
[2016.09.17-03.05.52:036][  0]LogStats: UGameplayTagsManager::ConstructGameplayTagTree: Construct from data asset -  0.010 s
[2016.09.17-03.05.52:037][  0]LogStats: UGameplayTagsManager::ConstructGameplayTagTree: GameplayTagTreeChangedEvent.Broadcast -  0.002 s
[2016.09.17-03.05.52:054][  0]LogContentBrowser: Native class hierarchy updated for 'GameplayTags' in 0.0006 seconds. Added 12 classes and 0 folders.
[2016.09.17-03.05.52:210][  0]LogContentBrowser: Native class hierarchy updated for 'WidgetCarousel' in 0.0004 seconds. Added 0 classes and 0 folders.
[2016.09.17-03.05.56:289][  0]LogContentBrowser: Native class hierarchy updated for 'AddContentDialog' in 0.0005 seconds. Added 0 classes and 0 folders.
[2016.09.17-03.05.56:551][  0]LogContentBrowser: Native class hierarchy updated for 'SceneOutliner' in 0.0005 seconds. Added 1 classes and 2 folders.
[2016.09.17-03.05.58:454][  0]LogCrashTracker: Crashtracker disabled due to settings.
[2016.09.17-03.05.59:389][  0]LogUObjectGlobals:Warning: Failed to find object 'Class None.'
[2016.09.17-03.05.59:666][  0]LogContentBrowser: Native class hierarchy updated for 'HierarchicalLODOutliner' in 0.0008 seconds. Added 1 classes and 2 folders.
[2016.09.17-03.05.59:666][  0]LogLoad: Full Startup: 174.66 seconds (BP compile: 1.72 seconds)
[2016.09.17-03.05.59:666][  0]LogExternalProfiler: Found external profiler: VSPerf
[2016.09.17-03.05.59:666][  0]LogExternalProfiler: Using external profiler: VSPerf
[2016.09.17-03.06.00:266][  0]LogOcInput: OculusInput pre-init called
[2016.09.17-03.06.01:972][  0]LogContentStreaming: Texture pool size now 400 MB
[2016.09.17-03.06.06:316][  0]LogRenderer: Reallocating scene render targets to support 872x360 (Frame:2).
[2016.09.17-03.06.13:623][  6]LogAssetRegistry: Asset discovery search completed in 133.3006 seconds
[2016.09.17-03.06.13:655][  6]LogCollectionManager: Rebuilt the object cache for 0 collections in 0.000001 seconds (found 0 objects)
[2016.09.17-03.06.13:657][  6]LogCollectionManager: Fixed up redirectors for 0 collections in 0.032748 seconds (updated 0 objects)
[2016.09.17-03.06.35:407][570]LogAIModule: Creating AISystem for world ThirdPersonExampleMap_2
[2016.09.17-03.06.36:288][570]Cmd: MAP LOAD FILE="../../../../../../Users/Kevin/Documents/Unreal Projects/VID3/MyProject/Content/ThirdPersonBP/Maps/ThirdPersonExampleMap_2.umap" TEMPLATE=0 SHOWPROGRESS=1 FEATURELEVEL=3
[2016.09.17-03.06.36:288][570]LightingResults: New page: Lighting Build
[2016.09.17-03.06.36:289][570]LoadErrors: New page: Loading map: ThirdPersonExampleMap_2.umap
[2016.09.17-03.06.36:388][570]MapCheck: New page: Map Check
[2016.09.17-03.06.36:388][570]LightingResults: New page: Lighting Build
[2016.09.17-03.06.36:832][570]LogEditorServer: Finished looking for orphan Actors (0.000 secs)
[2016.09.17-03.06.36:974][570]Cmd: MAP CHECKDEP NOCLEARLOG
[2016.09.17-03.06.37:106][570]MapCheck: Info Map check complete: 0 Error(s), 0 Warning(s), took 131.746ms to complete.
[2016.09.17-03.06.37:123][570]LogFileHelpers: Loading map 'ThirdPersonExampleMap_2' took 0.932
[2016.09.17-03.06.40:349][721]LogBlueprintUserMessages: Early PlayInEditor Detection: Level '/Game/ThirdPersonBP/Maps/ThirdPersonExampleMap_2.ThirdPersonExampleMap_2:PersistentLevel' has LevelScriptBlueprint '/Game/ThirdPersonBP/Maps/ThirdPersonExampleMap_2.ThirdPersonExampleMap_2:PersistentLevel.ThirdPersonExampleMap_2' with GeneratedClass '/Game/ThirdPersonBP/Maps/ThirdPersonExampleMap_2.ThirdPersonExampleMap_2_C' with ClassGeneratedBy '/Game/ThirdPersonBP/Maps/ThirdPersonExampleMap_2.ThirdPersonExampleMap_2:PersistentLevel.ThirdPersonExampleMap_2'
[2016.09.17-03.06.40:349][721]LogPlayLevel: PlayLevel: No blueprints needed recompiling
[2016.09.17-03.06.40:549][721]PIE: New page: PIE session: ThirdPersonExampleMap_2 (Sep 16, 2016, 4:06:40 PM)
[2016.09.17-03.06.40:549][721]LogPlayLevel: Creating play world package: /Game/ThirdPersonBP/Maps/UEDPIE_0_ThirdPersonExampleMap_2
[2016.09.17-03.06.40:671][721]LogPlayLevel: PIE: StaticDuplicateObject took: (0.122013s)
[2016.09.17-03.06.40:672][721]LogAIModule: Creating AISystem for world ThirdPersonExampleMap_2
[2016.09.17-03.06.40:672][721]LogPlayLevel: PIE: World Init took: (0.001207s)
[2016.09.17-03.06.40:695][721]LogPlayLevel: PIE: Created PIE world by copying editor world from /Game/ThirdPersonBP/Maps/ThirdPersonExampleMap_2.ThirdPersonExampleMap_2 to /Game/ThirdPersonBP/Maps/UEDPIE_0_ThirdPersonExampleMap_2.ThirdPersonExampleMap_2 (0.146327s)
[2016.09.17-03.06.40:784][721]LogInit: XAudio2 using 'Altavoces (Realtek High Definition Audio)' : 2 channels at 48 kHz using 32 bits per sample (channel mask 0x3)
[2016.09.17-03.06.40:795][721]LogInit: FAudioDevice initialized.
[2016.09.17-03.06.41:620][721]LogWorld: Game class is 'ThirdPersonGameMode_C'
[2016.09.17-03.06.41:906][721]LogWorld: Bringing World /Game/ThirdPersonBP/Maps/UEDPIE_0_ThirdPersonExampleMap_2.ThirdPersonExampleMap_2 up for play (max tick rate 0) at 2016.09.16-22.06.41
[2016.09.17-03.06.42:008][721]LogWorld: Bringing up level for play took: 0.142470
[2016.09.17-03.06.42:191][721]LogContentBrowser: Native class hierarchy updated for 'MovieSceneCapture' in 0.0005 seconds. Added 11 classes and 0 folders.
[2016.09.17-03.06.42:387][721]PIE: Info Play in editor start time for /Game/ThirdPersonBP/Maps/UEDPIE_0_ThirdPersonExampleMap_2 1.363
[2016.09.17-03.06.42:388][721]LogBlueprintUserMessages: Late PlayInEditor Detection: Level '/Game/ThirdPersonBP/Maps/ThirdPersonExampleMap_2.ThirdPersonExampleMap_2:PersistentLevel' has LevelScriptBlueprint '/Game/ThirdPersonBP/Maps/ThirdPersonExampleMap_2.ThirdPersonExampleMap_2:PersistentLevel.ThirdPersonExampleMap_2' with GeneratedClass '/Game/ThirdPersonBP/Maps/ThirdPersonExampleMap_2.ThirdPersonExampleMap_2_C' with ClassGeneratedBy '/Game/ThirdPersonBP/Maps/ThirdPersonExampleMap_2.ThirdPersonExampleMap_2:PersistentLevel.ThirdPersonExampleMap_2'
[2016.09.17-03.07.56:223][392]LogBlueprintUserMessages: Early EndPlayMap Detection: Level '/Game/ThirdPersonBP/Maps/ThirdPersonExampleMap_2.ThirdPersonExampleMap_2:PersistentLevel' has LevelScriptBlueprint '/Game/ThirdPersonBP/Maps/ThirdPersonExampleMap_2.ThirdPersonExampleMap_2:PersistentLevel.ThirdPersonExampleMap_2' with GeneratedClass '/Game/ThirdPersonBP/Maps/ThirdPersonExampleMap_2.ThirdPersonExampleMap_2_C' with ClassGeneratedBy '/Game/ThirdPersonBP/Maps/ThirdPersonExampleMap_2.ThirdPersonExampleMap_2:PersistentLevel.ThirdPersonExampleMap_2'
[2016.09.17-03.07.56:371][392]LogBlueprintUserMessages: Late EndPlayMap Detection: Level '/Game/ThirdPersonBP/Maps/ThirdPersonExampleMap_2.ThirdPersonExampleMap_2:PersistentLevel' has LevelScriptBlueprint '/Game/ThirdPersonBP/Maps/ThirdPersonExampleMap_2.ThirdPersonExampleMap_2:PersistentLevel.ThirdPersonExampleMap_2' with GeneratedClass '/Game/ThirdPersonBP/Maps/ThirdPersonExampleMap_2.ThirdPersonExampleMap_2_C' with ClassGeneratedBy '/Game/ThirdPersonBP/Maps/ThirdPersonExampleMap_2.ThirdPersonExampleMap_2:PersistentLevel.ThirdPersonExampleMap_2'
[2016.09.17-03.07.59:002][666]LogWindowsTextInputMethodSystem:Display: IME system now deactivated.
[2016.09.17-03.07.59:268][667]Cmd: QUIT_EDITOR
[2016.09.17-03.07.59:682][667]LogExit: Preparing to exit.
[2016.09.17-03.08.00:115][667]LogExit: Editor shut down
[2016.09.17-03.08.00:115][667]LogExit: Transaction tracking system shut down
[2016.09.17-03.08.00:540][667]LogObj: Freed 0b from 0 cluster array pools.
[2016.09.17-03.08.00:540][667]LogExit: Object subsystem successfully closed.
[2016.09.17-03.08.00:640][667]LogD3D11RHI: Shutdown
[2016.09.17-03.08.00:640][667]LogD3D11RHI: CleanupD3DDevice
[2016.09.17-03.08.00:814][667]LogD3D11RHI: ~FD3D11DynamicRHI
[2016.09.17-03.08.01:359][667]LogModuleManager: Shutting down and abandoning module MovieSceneCapture (214)
[2016.09.17-03.08.01:359][667]LogModuleManager: Shutting down and abandoning module HierarchicalLODOutliner (213)
[2016.09.17-03.08.01:359][667]LogModuleManager: Shutting down and abandoning module CrashTracker (212)
[2016.09.17-03.08.01:359][667]LogModuleManager: Shutting down and abandoning module SceneOutliner (211)
[2016.09.17-03.08.01:359][667]LogModuleManager: Shutting down and abandoning module WidgetCarousel (210)
[2016.09.17-03.08.01:371][667]LogModuleManager: Shutting down and abandoning module AddContentDialog (209)
[2016.09.17-03.08.01:375][667]LogModuleManager: Shutting down and abandoning module GameplayTags (208)
[2016.09.17-03.08.01:375][667]LogModuleManager: Shutting down and abandoning module EditorWidgets (207)
[2016.09.17-03.08.01:375][667]LogModuleManager: Shutting down and abandoning module CollectionManager (206)
[2016.09.17-03.08.01:383][667]LogModuleManager: Shutting down and abandoning module StatsViewer (205)
[2016.09.17-03.08.01:383][667]LogModuleManager: Shutting down and abandoning module FoliageEdit (204)
[2016.09.17-03.08.01:383][667]LogModuleManager: Shutting down and abandoning module LandscapeEditor (203)
[2016.09.17-03.08.01:383][667]LogModuleManager: Shutting down and abandoning module SceneDepthPickerMode (202)
[2016.09.17-03.08.01:383][667]LogModuleManager: Shutting down and abandoning module ActorPickerMode (201)
[2016.09.17-03.08.01:383][667]LogModuleManager: Shutting down and abandoning module GeometryMode (200)
[2016.09.17-03.08.01:383][667]LogModuleManager: Shutting down and abandoning module TextureAlignMode (199)
[2016.09.17-03.08.01:383][667]LogModuleManager: Shutting down and abandoning module BspMode (198)
[2016.09.17-03.08.01:400][667]LogModuleManager: Shutting down and abandoning module HardwareSurvey (197)
[2016.09.17-03.08.01:400][667]LogModuleManager: Shutting down and abandoning module SequenceRecorderSections (196)
[2016.09.17-03.08.01:400][667]LogModuleManager: Shutting down and abandoning module SequenceRecorder (195)
[2016.09.17-03.08.01:400][667]LogModuleManager: Shutting down and abandoning module AutomationWorker (194)
[2016.09.17-03.08.01:400][667]LogModuleManager: Shutting down and abandoning module MatineeToLevelSequence (193)
[2016.09.17-03.08.01:400][667]LogModuleManager: Shutting down and abandoning module PlacementMode (192)
[2016.09.17-03.08.01:400][667]LogModuleManager: Shutting down and abandoning module LevelSequenceEditor (191)
[2016.09.17-03.08.01:405][667]LogModuleManager: Shutting down and abandoning module CharacterAI (190)
[2016.09.17-03.08.01:406][667]LogModuleManager: Shutting down and abandoning module SmartSnapping (189)
[2016.09.17-03.08.01:406][667]LogModuleManager: Shutting down and abandoning module SessionServices (188)
[2016.09.17-03.08.01:406][667]LogModuleManager: Shutting down and abandoning module ViewportSnapping (187)
[2016.09.17-03.08.01:406][667]LogModuleManager: Shutting down and abandoning module LogVisualizer (186)
[2016.09.17-03.08.01:406][667]LogModuleManager: Shutting down and abandoning module GameProjectGeneration (185)
[2016.09.17-03.08.01:406][667]LogModuleManager: Shutting down and abandoning module IntroTutorials (184)
[2016.09.17-03.08.01:406][667]LogModuleManager: Shutting down and abandoning module EditorLiveStreaming (183)
[2016.09.17-03.08.01:406][667]LogModuleManager: Shutting down and abandoning module IOSPlatformEditor (182)
[2016.09.17-03.08.01:406][667]LogModuleManager: Shutting down and abandoning module HTML5PlatformEditor (181)
[2016.09.17-03.08.01:406][667]LogModuleManager: Shutting down and abandoning module AndroidDeviceDetection (180)
[2016.09.17-03.08.01:985][667]LogModuleManager: Shutting down and abandoning module AndroidPlatformEditor (179)
[2016.09.17-03.08.02:006][667]LogModuleManager: Shutting down and abandoning module IOSRuntimeSettings (178)
[2016.09.17-03.08.02:006][667]LogModuleManager: Shutting down and abandoning module AndroidRuntimeSettings (177)
[2016.09.17-03.08.02:006][667]LogModuleManager: Shutting down and abandoning module MergeActors (176)
[2016.09.17-03.08.02:006][667]LogModuleManager: Shutting down and abandoning module SizeMap (175)
[2016.09.17-03.08.02:006][667]LogModuleManager: Shutting down and abandoning module TreeMap (174)
[2016.09.17-03.08.02:032][667]LogModuleManager: Shutting down and abandoning module ReferenceViewer (173)
[2016.09.17-03.08.02:032][667]LogModuleManager: Shutting down and abandoning module LocalizationService (172)
[2016.09.17-03.08.02:040][667]LogModuleManager: Shutting down and abandoning module LocalizationDashboard (171)
[2016.09.17-03.08.02:040][667]LogModuleManager: Shutting down and abandoning module HardwareTargeting (170)
[2016.09.17-03.08.02:040][667]LogModuleManager: Shutting down and abandoning module DeviceProfileEditor (169)
[2016.09.17-03.08.02:040][667]LogModuleManager: Shutting down and abandoning module UndoHistory (168)
[2016.09.17-03.08.02:045][667]LogModuleManager: Shutting down and abandoning module UserFeedback (167)
[2016.09.17-03.08.02:046][667]LogModuleManager: Shutting down and abandoning module XmlParser (166)
[2016.09.17-03.08.02:046][667]LogModuleManager: Shutting down and abandoning module Blutility (165)
[2016.09.17-03.08.02:046][667]LogModuleManager: Shutting down and abandoning module ProjectTargetPlatformEditor (164)
[2016.09.17-03.08.02:051][667]LogModuleManager: Shutting down and abandoning module ProjectSettingsViewer (163)
[2016.09.17-03.08.02:051][667]LogModuleManager: Shutting down and abandoning module InputBindingEditor (162)
[2016.09.17-03.08.02:051][667]LogModuleManager: Shutting down and abandoning module EditorSettingsViewer (161)
[2016.09.17-03.08.02:051][667]LogModuleManager: Shutting down and abandoning module SettingsEditor (160)
[2016.09.17-03.08.02:064][667]LogModuleManager: Shutting down and abandoning module ProjectLauncher (159)
[2016.09.17-03.08.02:064][667]LogModuleManager: Shutting down and abandoning module SessionFrontend (158)
[2016.09.17-03.08.02:064][667]LogModuleManager: Shutting down and abandoning module ProfilerClient (157)
[2016.09.17-03.08.02:078][667]LogModuleManager: Shutting down and abandoning module TargetDeviceServices (156)
[2016.09.17-03.08.02:082][667]LogModuleManager: Shutting down and abandoning module DeviceManager (155)
[2016.09.17-03.08.02:140][667]LogModuleManager: Shutting down and abandoning module AutomationController (154)
[2016.09.17-03.08.02:155][667]LogModuleManager: Shutting down and abandoning module AutomationWindow (153)
[2016.09.17-03.08.02:156][667]LogModuleManager: Shutting down and abandoning module Layers (152)
[2016.09.17-03.08.02:156][667]LogModuleManager: Shutting down and abandoning module ComponentVisualizers (151)
[2016.09.17-03.08.02:156][667]LogModuleManager: Shutting down and abandoning module DetailCustomizations (150)
[2016.09.17-03.08.02:156][667]LogModuleManager: Shutting down and abandoning module PackagesDialog (149)
[2016.09.17-03.08.02:158][667]LogModuleManager: Shutting down and abandoning module Persona (148)
[2016.09.17-03.08.02:159][667]LogModuleManager: Shutting down and abandoning module Kismet (147)
[2016.09.17-03.08.02:159][667]LogModuleManager: Shutting down and abandoning module GraphEditor (146)
[2016.09.17-03.08.02:160][667]LogModuleManager: Shutting down and abandoning module ClassViewer (145)
[2016.09.17-03.08.02:160][667]LogModuleManager: Shutting down and abandoning module Toolbox (144)
[2016.09.17-03.08.02:169][667]LogModuleManager: Shutting down and abandoning module ModuleUI (143)
[2016.09.17-03.08.02:182][667]LogModuleManager: Shutting down and abandoning module MovieSceneTools (142)
[2016.09.17-03.08.02:182][667]LogModuleManager: Shutting down and abandoning module OutputLog (141)
[2016.09.17-03.08.02:182][667]LogModuleManager: Shutting down and abandoning module GammaUI (140)
[2016.09.17-03.08.02:192][667]LogModuleManager: Shutting down and abandoning module Documentation (139)
[2016.09.17-03.08.02:192][667]LogModuleManager: Shutting down and abandoning module StreamingPauseRendering (138)
[2016.09.17-03.08.02:192][667]LogModuleManager: Shutting down and abandoning module AnalyticsET (137)
[2016.09.17-03.08.02:192][667]LogModuleManager: Shutting down and abandoning module Analytics (136)
[2016.09.17-03.08.02:192][667]LogModuleManager: Shutting down and abandoning module PortalServices (135)
[2016.09.17-03.08.02:192][667]LogModuleManager: Shutting down and abandoning module PortalRpc (134)
[2016.09.17-03.08.02:192][667]LogModuleManager: Shutting down and abandoning module MessagingRpc (133)
[2016.09.17-03.08.02:192][667]LogModuleManager: Shutting down and abandoning module GameplayDebugger (132)
[2016.09.17-03.08.02:192][667]LogModuleManager: Shutting down and abandoning module AITestSuite (131)
[2016.09.17-03.08.02:202][667]LogModuleManager: Shutting down and abandoning module AIModule (130)
[2016.09.17-03.08.02:202][667]LogModuleManager: Shutting down and abandoning module ProfilerService (129)
[2016.09.17-03.08.02:454][667]LogModuleManager: Shutting down and abandoning module TaskGraph (128)
[2016.09.17-03.08.02:454][667]LogModuleManager: Shutting down and abandoning module SlateRemote (127)
[2016.09.17-03.08.02:454][667]LogModuleManager: Shutting down and abandoning module SteamVRController (126)
[2016.09.17-03.08.02:454][667]LogModuleManager: Shutting down and abandoning module SteamVR (125)
[2016.09.17-03.08.02:454][667]LogModuleManager: Shutting down and abandoning module ProceduralMeshComponent (124)
[2016.09.17-03.08.02:454][667]LogModuleManager: Shutting down and abandoning module OculusLibrary (123)
[2016.09.17-03.08.02:454][667]LogModuleManager: Shutting down and abandoning module OculusInput (122)
[2016.09.17-03.08.02:454][667]LogModuleManager: Shutting down and abandoning module CustomMeshComponent (121)
[2016.09.17-03.08.02:467][667]LogModuleManager: Shutting down and abandoning module CableComponent (120)
[2016.09.17-03.08.02:467][667]LogModuleManager: Shutting down and abandoning module ArchVisCharacter (119)
[2016.09.17-03.08.02:467][667]LogModuleManager: Shutting down and abandoning module MediaPlayerEditor (118)
[2016.09.17-03.08.02:467][667]LogModuleManager: Shutting down and abandoning module HTML5Networking (117)
[2016.09.17-03.08.02:467][667]LogModuleManager: Shutting down and abandoning module SuperSearch (116)
[2016.09.17-03.08.02:467][667]LogModuleManager: Shutting down and abandoning module SuperSearchEditor (115)
[2016.09.17-03.08.02:467][667]LogModuleManager: Shutting down and abandoning module SpeedTreeImporter (114)
[2016.09.17-03.08.02:467][667]LogModuleManager: Shutting down and abandoning module PluginBrowser (113)
[2016.09.17-03.08.02:467][667]LogModuleManager: Shutting down and abandoning module EpicSurvey (112)
[2016.09.17-03.08.02:467][667]LogModuleManager: Shutting down and abandoning module DesktopPlatform (111)
[2016.09.17-03.08.02:467][667]LogModuleManager: Shutting down and abandoning module VisualStudioSourceCodeAccess (110)
[2016.09.17-03.08.02:467][667]LogModuleManager: Shutting down and abandoning module UObjectPlugin (109)
[2016.09.17-03.08.02:467][667]LogModuleManager: Shutting down and abandoning module SubversionSourceControl (108)
[2016.09.17-03.08.02:480][667]LogModuleManager: Shutting down and abandoning module PerforceSourceControl (107)
[2016.09.17-03.08.02:480][667]LogModuleManager: Shutting down and abandoning module SourceControl (106)
[2016.09.17-03.08.02:480][667]LogModuleManager: Shutting down and abandoning module GitSourceControl (105)
[2016.09.17-03.08.02:499][667]LogModuleManager: Shutting down and abandoning module LightPropagationVolumeEditor (104)
[2016.09.17-03.08.02:499][667]LogModuleManager: Shutting down and abandoning module PaperTiledImporter (103)
[2016.09.17-03.08.02:511][667]LogModuleManager: Shutting down and abandoning module PaperSpriteSheetImporter (102)
[2016.09.17-03.08.02:511][667]LogModuleManager: Shutting down and abandoning module MeshPaint (101)
[2016.09.17-03.08.02:511][667]LogModuleManager: Shutting down and abandoning module PixelInspectorModule (100)
[2016.09.17-03.08.02:511][667]LogModuleManager: Shutting down and abandoning module HotReload (99)
[2016.09.17-03.08.02:518][667]LogModuleManager: Shutting down and abandoning module MainFrame (98)
[2016.09.17-03.08.02:518][667]LogModuleManager: Shutting down and abandoning module LevelEditor (97)
[2016.09.17-03.08.02:518][667]LogModuleManager: Shutting down and abandoning module ContentBrowser (96)
[2016.09.17-03.08.02:519][667]LogModuleManager: Shutting down and abandoning module Paper2DEditor (95)
[2016.09.17-03.08.02:519][667]LogModuleManager: Shutting down and abandoning module UdpMessaging (94)
[2016.09.17-03.08.02:621][667]LogModuleManager: Shutting down and abandoning module LightPropagationVolumeRuntime (93)
[2016.09.17-03.08.02:621][667]LogModuleManager: Shutting down and abandoning module Paper2D (92)
[2016.09.17-03.08.02:621][667]LogModuleManager: Shutting down and abandoning module WindowsMoviePlayer (91)
[2016.09.17-03.08.02:621][667]LogModuleManager: Shutting down and abandoning module Media (90)
[2016.09.17-03.08.02:621][667]LogModuleManager: Shutting down and abandoning module WmfMedia (89)
[2016.09.17-03.08.02:629][667]LogModuleManager: Shutting down and abandoning module MediaAssets (88)
[2016.09.17-03.08.02:630][667]LogModuleManager: Shutting down and abandoning module GameLiveStreaming (87)
[2016.09.17-03.08.02:630][667]LogModuleManager: Shutting down and abandoning module GameplayTagsEditor (86)
[2016.09.17-03.08.02:630][667]LogModuleManager: Shutting down and abandoning module OnlineBlueprintSupport (85)
[2016.09.17-03.08.02:630][667]LogModuleManager: Shutting down and abandoning module VREditor (84)
[2016.09.17-03.08.02:630][667]LogModuleManager: Shutting down and abandoning module GameplayTasksEditor (83)
[2016.09.17-03.08.02:630][667]LogModuleManager: Shutting down and abandoning module PropertyEditor (82)
[2016.09.17-03.08.02:630][667]LogModuleManager: Shutting down and abandoning module BehaviorTreeEditor (81)
[2016.09.17-03.08.02:630][667]LogModuleManager: Shutting down and abandoning module FunctionalTesting (80)
[2016.09.17-03.08.02:630][667]LogModuleManager: Shutting down and abandoning module CollisionAnalyzer (79)
[2016.09.17-03.08.02:630][667]LogModuleManager: Shutting down and abandoning module Sequencer (78)
[2016.09.17-03.08.02:630][667]LogModuleManager: Shutting down and abandoning module WorkspaceMenuStructure (77)
[2016.09.17-03.08.02:630][667]LogModuleManager: Shutting down and abandoning module MessageLog (76)
[2016.09.17-03.08.02:630][667]LogModuleManager: Shutting down and abandoning module AssetTools (75)
[2016.09.17-03.08.02:630][667]LogModuleManager: Shutting down and abandoning module UMGEditor (74)
[2016.09.17-03.08.02:630][667]LogModuleManager: Shutting down and abandoning module UMG (73)
[2016.09.17-03.08.02:630][667]LogModuleManager: Shutting down and abandoning module SlateReflector (72)
[2016.09.17-03.08.02:630][667]LogModuleManager: Shutting down and abandoning module Slate (71)
[2016.09.17-03.08.02:630][667]LogModuleManager: Shutting down and abandoning module EditorStyle (70)
[2016.09.17-03.08.02:633][667]LogModuleManager: Shutting down and abandoning module SourceCodeAccess (69)
[2016.09.17-03.08.02:633][667]LogModuleManager: Shutting down and abandoning module HeadMountedDisplay (68)
[2016.09.17-03.08.02:633][667]LogModuleManager: Shutting down and abandoning module XAudio2 (67)
[2016.09.17-03.08.02:633][667]LogModuleManager: Shutting down and abandoning module Networking (65)
[2016.09.17-03.08.02:633][667]LogModuleManager: Shutting down and abandoning module Core (64)
[2016.09.17-03.08.02:633][667]LogModuleManager: Shutting down and abandoning module DirectoryWatcher (63)
[2016.09.17-03.08.02:634][667]LogModuleManager: Shutting down and abandoning module AssetRegistry (62)
[2016.09.17-03.08.02:797][667]LogModuleManager: Shutting down and abandoning module KismetCompiler (61)
[2016.09.17-03.08.02:797][667]LogModuleManager: Shutting down and abandoning module PhysXFormats (60)
[2016.09.17-03.08.02:797][667]LogModuleManager: Shutting down and abandoning module MeshUtilities (59)
[2016.09.17-03.08.02:797][667]LogModuleManager: Shutting down and abandoning module DerivedDataCache (58)
[2016.09.17-03.08.02:886][667]LogDerivedDataCache: Shutdown
[2016.09.17-03.08.02:886][667]LogModuleManager: Shutting down and abandoning module VulkanShaderFormat (57)
[2016.09.17-03.08.02:886][667]LogModuleManager: Shutting down and abandoning module ShaderFormatOpenGL (56)
[2016.09.17-03.08.02:886][667]LogModuleManager: Shutting down and abandoning module ShaderFormatD3D (55)
[2016.09.17-03.08.02:886][667]LogModuleManager: Shutting down and abandoning module MetalShaderFormat (54)
[2016.09.17-03.08.02:886][667]LogModuleManager: Shutting down and abandoning module TextureFormatUncompressed (53)
[2016.09.17-03.08.02:886][667]LogModuleManager: Shutting down and abandoning module TextureFormatPVR (52)
[2016.09.17-03.08.02:886][667]LogModuleManager: Shutting down and abandoning module TextureFormatIntelISPCTexComp (51)
[2016.09.17-03.08.02:898][667]LogModuleManager: Shutting down and abandoning module TextureFormatDXT (50)
[2016.09.17-03.08.02:898][667]LogModuleManager: Shutting down and abandoning module ImageWrapper (49)
[2016.09.17-03.08.02:898][667]LogModuleManager: Shutting down and abandoning module TextureFormatASTC (48)
[2016.09.17-03.08.02:898][667]LogModuleManager: Shutting down and abandoning module TextureFormatAndroid (47)
[2016.09.17-03.08.02:898][667]LogModuleManager: Shutting down and abandoning module AudioFormatOpus (46)
[2016.09.17-03.08.02:898][667]LogModuleManager: Shutting down and abandoning module AudioFormatOgg (45)
[2016.09.17-03.08.02:898][667]LogModuleManager: Shutting down and abandoning module AudioFormatADPCM (44)
[2016.09.17-03.08.02:898][667]LogModuleManager: Shutting down and abandoning module LinuxTargetPlatform (43)
[2016.09.17-03.08.02:898][667]LogModuleManager: Shutting down and abandoning module LinuxServerTargetPlatform (42)
[2016.09.17-03.08.02:898][667]LogModuleManager: Shutting down and abandoning module LinuxNoEditorTargetPlatform (41)
[2016.09.17-03.08.02:898][667]LogModuleManager: Shutting down and abandoning module TVOSTargetPlatform (40)
[2016.09.17-03.08.02:898][667]LogModuleManager: Shutting down and abandoning module Messaging (39)
[2016.09.17-03.08.02:898][667]LogModuleManager: Shutting down and abandoning module IOSTargetPlatform (38)
[2016.09.17-03.08.02:898][667]LogModuleManager: Shutting down and abandoning module HTML5TargetPlatform (37)
[2016.09.17-03.08.02:898][667]LogModuleManager: Shutting down and abandoning module Android_PVRTCTargetPlatform (36)
[2016.09.17-03.08.02:898][667]LogModuleManager: Shutting down and abandoning module Android_MultiTargetPlatform (35)
[2016.09.17-03.08.02:904][667]LogModuleManager: Shutting down and abandoning module Android_ETC2TargetPlatform (34)
[2016.09.17-03.08.02:904][667]LogModuleManager: Shutting down and abandoning module Android_ETC1TargetPlatform (33)
[2016.09.17-03.08.02:904][667]LogModuleManager: Shutting down and abandoning module Android_DXTTargetPlatform (32)
[2016.09.17-03.08.02:904][667]LogModuleManager: Shutting down and abandoning module Android_ATCTargetPlatform (31)
[2016.09.17-03.08.02:904][667]LogModuleManager: Shutting down and abandoning module Android_ASTCTargetPlatform (30)
[2016.09.17-03.08.02:904][667]LogModuleManager: Shutting down and abandoning module AndroidTargetPlatform (29)
[2016.09.17-03.08.02:904][667]LogModuleManager: Shutting down and abandoning module WindowsTargetPlatform (28)
[2016.09.17-03.08.02:904][667]LogModuleManager: Shutting down and abandoning module WindowsServerTargetPlatform (27)
[2016.09.17-03.08.02:904][667]LogModuleManager: Shutting down and abandoning module WindowsNoEditorTargetPlatform (26)
[2016.09.17-03.08.02:904][667]LogModuleManager: Shutting down and abandoning module WindowsClientTargetPlatform (25)
[2016.09.17-03.08.02:904][667]LogModuleManager: Shutting down and abandoning module AllDesktopTargetPlatform (24)
[2016.09.17-03.08.02:904][667]LogModuleManager: Shutting down and abandoning module TargetPlatform (23)
[2016.09.17-03.08.02:912][667]LogModuleManager: Shutting down and abandoning module InputCore (22)
[2016.09.17-03.08.02:912][667]LogModuleManager: Shutting down and abandoning module Settings (21)
[2016.09.17-03.08.02:912][667]LogModuleManager: Shutting down and abandoning module OnlineSubsystem (19)
[2016.09.17-03.08.02:912][667]LogModuleManager: Shutting down and abandoning module HTTP (18)
[2016.09.17-03.08.05:917][667]LogModuleManager: Shutting down and abandoning module XMPP (17)
[2016.09.17-03.08.05:917][667]LogModuleManager: Shutting down and abandoning module OculusRift (16)
[2016.09.17-03.08.05:917][667]LogModuleManager: Shutting down and abandoning module ExampleDeviceProfileSelector (15)
[2016.09.17-03.08.05:917][667]LogModuleManager: Shutting down and abandoning module TextureCompressor (14)
[2016.09.17-03.08.05:934][667]LogModuleManager: Shutting down and abandoning module ShaderCore (13)
[2016.09.17-03.08.05:934][667]LogModuleManager: Shutting down and abandoning module Landscape (12)
[2016.09.17-03.08.05:934][667]LogModuleManager: Shutting down and abandoning module SlateRHIRenderer (11)
[2016.09.17-03.08.05:935][667]LogModuleManager: Shutting down and abandoning module OpenGLDrv (10)
[2016.09.17-03.08.05:935][667]LogModuleManager: Shutting down and abandoning module D3D11RHI (9)
[2016.09.17-03.08.05:935][667]LogModuleManager: Shutting down and abandoning module AnimGraphRuntime (8)
[2016.09.17-03.08.05:935][667]LogModuleManager: Shutting down and abandoning module Renderer (7)
[2016.09.17-03.08.05:935][667]LogModuleManager: Shutting down and abandoning module Engine (6)
[2016.09.17-03.08.05:935][667]LogModuleManager: Shutting down and abandoning module CoreUObject (5)
[2016.09.17-03.08.05:935][667]LogModuleManager: Shutting down and abandoning module NetworkFile (4)
[2016.09.17-03.08.05:962][667]LogModuleManager: Shutting down and abandoning module StreamingFile (3)
[2016.09.17-03.08.05:962][667]LogModuleManager: Shutting down and abandoning module SandboxFile (2)
[2016.09.17-03.08.05:969][667]LogModuleManager: Shutting down and abandoning module PakFile (1)
[2016.09.17-03.08.05:972][667]LogExit: Exiting.
[2016.09.17-03.08.05:973][667]Log file closed, 09/16/16 22:08:05
