Log file open, 09/12/16 23:19:14
LogInit:Display: Running engine for game: MyProject
LogPlatformFile: Not using cached read wrapper
LogInit:Display: RandInit(1213261225) SRandInit(1213261227).
LogTaskGraph: Started task graph with 4 named threads and 5 total threads with 1 sets of task threads.
LogStats: Stats thread started at 0.089175
LogInit: Version: 4.12.5-3039270+++UE4+Release-4.12
LogInit: API Version: 2992821
LogInit: Net Version: 3039270
LogDevObjectVersion: Number of dev versions registered: 13
LogDevObjectVersion:   Dev-Blueprints (B0D832E4-1F89-4F0D-ACCF-7EB736FD4AA2): 3
LogDevObjectVersion:   Dev-Build (E1C64328-A22C-4D53-A36C-8E866417BD8C): 0
LogDevObjectVersion:   Dev-Core (375EC13C-06E4-48FB-B500-84F0262A717E): 1
LogDevObjectVersion:   Dev-Editor (E4B068ED-F494-42E9-A231-DA0B2E46BB41): 2
LogDevObjectVersion:   Dev-Framework (CFFC743F-43B0-4480-9391-14DF171D2073): 6
LogDevObjectVersion:   Dev-Mobile (B02B49B5-BB20-44E9-A304-32B752E40360): 0
LogDevObjectVersion:   Dev-Networking (A4E4105C-59A1-49B5-A7C5-40C4547EDFEE): 0
LogDevObjectVersion:   Dev-Online (39C831C9-5AE6-47DC-9A44-9C173E1C8E7C): 0
LogDevObjectVersion:   Dev-Physics (78F01B33-EBEA-4F98-B9B4-84EACCB95AA2): 0
LogDevObjectVersion:   Dev-Platform (6631380F-2D4D-43E0-8009-CF276956A95A): 0
LogDevObjectVersion:   Dev-Rendering (12F88B9F-8875-4AFC-A67C-D90C383ABD29): 2
LogDevObjectVersion:   Dev-Sequencer (7B5AE74C-D270-4C10-A958-57980B212A5A): 0
LogDevObjectVersion:   Dev-VR (D7296918-1DD6-4BDD-9DE2-64A83CC13884): 0
LogInit: Compiled (64-bit): Jul  6 2016 09:09:46
LogInit: Compiled with Visual C++: 19.00.23026.00
LogInit: Build Configuration: Development
LogInit: Branch Name: ++UE4+Release-4.12
LogInit: Command line: -EpicPortal 
LogInit: Base directory: C:/Program Files (x86)/Epic Games/4.12/Engine/Binaries/Win64/
LogInit: Installed Engine Build: 1
LogInit: Using libcurl 7.41.0
LogInit:  - built for x86_64-pc-win32
LogInit:  - supports SSL with WinSSL
LogInit:  - other features:
LogInit:      CURL_VERSION_SSL
LogInit:      CURL_VERSION_IPV6
LogInit:      CURL_VERSION_ASYNCHDNS
LogInit:      CURL_VERSION_LARGEFILE
LogInit:      CURL_VERSION_IDN
LogInit:  CurlRequestOptions (configurable via config and command line):
LogInit:  - bVerifyPeer = true  - Libcurl will verify peer certificate
LogInit:  - bUseHttpProxy = false  - Libcurl will NOT use HTTP proxy
LogInit:  - bDontReuseConnections = false  - Libcurl will reuse connections
LogInit:  - CertBundlePath = nullptr  - Libcurl will use whatever was configured at build time.
LogInit: Presizing for max 8388607 objects, including 0 objects not considered by GC, pre-allocating 0 bytes for permanent pool.
LogInit: Object subsystem initialized
[2016.09.13-04.19.14:947][  0]LogInit: Selected Device Profile: [Windows]
[2016.09.13-04.19.14:947][  0]LogInit: Applying CVar settings loaded from the selected device profile: [Windows]
[2016.09.13-04.19.14:966][  0]LogInit: Computer: METAL_REAR
[2016.09.13-04.19.14:966][  0]LogInit: User: Kevin
[2016.09.13-04.19.14:966][  0]LogInit: CPU Page size=65536, Cores=2
[2016.09.13-04.19.14:966][  0]LogInit: High frequency timer resolution =2.143475 MHz
[2016.09.13-04.19.14:966][  0]LogMemory: Memory total: Physical=7.9GB (8GB approx)
[2016.09.13-04.19.14:966][  0]LogMemory: Platform Memory Stats for Windows
[2016.09.13-04.19.14:966][  0]LogMemory: Process Physical Memory: 189.96 MB used, 189.96 MB peak
[2016.09.13-04.19.14:966][  0]LogMemory: Process Virtual Memory: 194.84 MB used, 194.84 MB peak
[2016.09.13-04.19.14:966][  0]LogMemory: Physical Memory: 5143.41 MB used, 8105.84 MB total
[2016.09.13-04.19.14:966][  0]LogMemory: Virtual Memory: 552.39 MB used, 134217728.00 MB total
[2016.09.13-04.19.15:681][  0]LogD3D11RHI: D3D11 adapters:
[2016.09.13-04.19.15:690][  0]LogD3D11RHI:    0. 'Intel(R) HD Graphics 5500' (Feature Level 11_0)
[2016.09.13-04.19.15:690][  0]LogD3D11RHI:       128/0/4052 MB DedicatedVideo/DedicatedSystem/SharedSystem, Outputs:1, VendorId:0x8086
[2016.09.13-04.19.15:708][  0]LogD3D11RHI:    1. 'AMD Radeon R9 M275' (Feature Level 11_0)
[2016.09.13-04.19.15:708][  0]LogD3D11RHI:       2026/0/4052 MB DedicatedVideo/DedicatedSystem/SharedSystem, Outputs:0, VendorId:0x1002
[2016.09.13-04.19.15:711][  0]LogD3D11RHI:    2. 'Microsoft Basic Render Driver' (Feature Level 11_0)
[2016.09.13-04.19.15:711][  0]LogD3D11RHI:       0/0/4052 MB DedicatedVideo/DedicatedSystem/SharedSystem, Outputs:0, VendorId:0x1414
[2016.09.13-04.19.15:711][  0]LogD3D11RHI: Chosen D3D11 Adapter: 1
[2016.09.13-04.19.15:720][  0]LogD3D11RHI: Creating new Direct3DDevice
[2016.09.13-04.19.15:720][  0]LogD3D11RHI:     GPU DeviceId: 0x6820 (for the marketing name, search the web for "GPU Device Id")
[2016.09.13-04.19.15:720][  0]LogWindows: EnumDisplayDevices:
[2016.09.13-04.19.15:720][  0]LogWindows:    0. 'Intel(R) HD Graphics 5500' (P:1 D:1)
[2016.09.13-04.19.15:721][  0]LogWindows:    1. 'Intel(R) HD Graphics 5500' (P:0 D:0)
[2016.09.13-04.19.15:721][  0]LogWindows:    2. 'Intel(R) HD Graphics 5500' (P:0 D:0)
[2016.09.13-04.19.15:721][  0]LogWindows: DebugString: PrimaryIsNotTheChoosenAdapter PrimaryIsNotTheChoosenAdapter PrimaryIsNotTheChoosenAdapter FoundDriverCount:0 
[2016.09.13-04.19.15:721][  0]LogD3D11RHI:     Adapter Name: AMD Radeon R9 M275
[2016.09.13-04.19.15:721][  0]LogD3D11RHI:   Driver Version: Unknown (internal:Unknown, unified:Unknown)
[2016.09.13-04.19.15:721][  0]LogD3D11RHI:      Driver Date: Unknown
[2016.09.13-04.19.15:721][  0]LogRHI: Texture pool is 1361 MB (70% of 1945 MB)
[2016.09.13-04.19.15:733][  0]LogD3D11RHI: Async texture creation disabled: no driver support
[2016.09.13-04.19.15:747][  0]LogD3D11RHI: GPU Timing Frequency: 27.000000 (Debug: 2 1)
[2016.09.13-04.19.15:748][  0]LogShaderCompilers: Guid format shader working directory is -25 characters bigger than the processId version (../../../../../../Users/Kevin/Documents/Unreal Projects/VID3/MyProject/Intermediate/Shaders/WorkingDirectory/15960/).
[2016.09.13-04.19.15:748][  0]LogShaderCompilers: Cleaned the shader compiler working directory 'C:/Users/Kevin/AppData/Local/Temp/UnrealShaderWorkingDir/B7B69A78425B66BA160FE1811118251A/'.
[2016.09.13-04.19.15:748][  0]LogShaderCompilers:Display: Using Local Shader Compiler.
[2016.09.13-04.19.17:692][  0]LogTemp:Display: Loaded TP AllDesktopTargetPlatform
[2016.09.13-04.19.17:707][  0]LogTemp:Display: Loaded TP WindowsClientTargetPlatform
[2016.09.13-04.19.17:722][  0]LogTemp:Display: Loaded TP WindowsNoEditorTargetPlatform
[2016.09.13-04.19.17:745][  0]LogTemp:Display: Loaded TP WindowsServerTargetPlatform
[2016.09.13-04.19.17:760][  0]LogTemp:Display: Loaded TP WindowsTargetPlatform
[2016.09.13-04.19.17:777][  0]LogTemp:Display: Loaded TP AndroidTargetPlatform
[2016.09.13-04.19.17:789][  0]LogTemp:Display: Loaded TP Android_ASTCTargetPlatform
[2016.09.13-04.19.17:809][  0]LogTemp:Display: Loaded TP Android_ATCTargetPlatform
[2016.09.13-04.19.17:821][  0]LogTemp:Display: Loaded TP Android_DXTTargetPlatform
[2016.09.13-04.19.17:836][  0]LogTemp:Display: Loaded TP Android_ETC1TargetPlatform
[2016.09.13-04.19.17:848][  0]LogTemp:Display: Loaded TP Android_ETC2TargetPlatform
[2016.09.13-04.19.17:878][  0]LogTemp:Display: Loaded TP Android_MultiTargetPlatform
[2016.09.13-04.19.17:878][  0]LogTemp:Display: Loaded TP Android_PVRTCTargetPlatform
[2016.09.13-04.19.17:879][  0]LogTemp:Display: Loaded TP HTML5TargetPlatform
[2016.09.13-04.19.17:907][  0]LogTemp:Display: Loaded TP IOSTargetPlatform
[2016.09.13-04.19.17:919][  0]LogTemp:Display: Loaded TP TVOSTargetPlatform
[2016.09.13-04.19.17:933][  0]LogTemp:Display: Loaded TP LinuxNoEditorTargetPlatform
[2016.09.13-04.19.17:945][  0]LogTemp:Display: Loaded TP LinuxServerTargetPlatform
[2016.09.13-04.19.17:957][  0]LogTemp:Display: Loaded TP LinuxTargetPlatform
[2016.09.13-04.19.17:957][  0]LogTargetPlatformManager:Display: Building Assets For Windows
[2016.09.13-04.19.18:118][  0]LogDerivedDataCache:Display: Max Cache Size: 512 MB
[2016.09.13-04.19.18:212][  0]LogDerivedDataCache: Loaded boot cache 0.09s 48MB C:/Users/Kevin/AppData/Local/UnrealEngine/4.12/DerivedDataCache/Boot.ddc.
[2016.09.13-04.19.18:213][  0]LogDerivedDataCache:Display: Loaded Boot cache: C:/Users/Kevin/AppData/Local/UnrealEngine/4.12/DerivedDataCache/Boot.ddc
[2016.09.13-04.19.18:213][  0]LogDerivedDataCache: FDerivedDataBackendGraph:  Pak pak cache file ../../../../../../Users/Kevin/Documents/Unreal Projects/VID3/MyProject/DerivedDataCache/DDC.ddp not found, will not use a pak cache.
[2016.09.13-04.19.18:213][  0]LogDerivedDataCache: Unable to find inner node Pak for hierarchical cache Hierarchy.
[2016.09.13-04.19.18:213][  0]LogDerivedDataCache: FDerivedDataBackendGraph:  CompressedPak pak cache file ../../../../../../Users/Kevin/Documents/Unreal Projects/VID3/MyProject/DerivedDataCache/Compressed.ddp not found, will not use a pak cache.
[2016.09.13-04.19.18:213][  0]LogDerivedDataCache: Unable to find inner node CompressedPak for hierarchical cache Hierarchy.
[2016.09.13-04.19.18:243][  0]LogDerivedDataCache:Display: Pak cache opened for reading ../../../Engine/DerivedDataCache/Compressed.ddp.
[2016.09.13-04.19.18:255][  0]LogDerivedDataCache: Using Local data cache path C:/Users/Kevin/AppData/Local/UnrealEngine/Common/DerivedDataCache: Writable
[2016.09.13-04.19.18:544][  0]LogInit: Selected Device Profile: [Windows]
[2016.09.13-04.19.18:545][  0]LogContentStreaming: Texture pool size is 0.00 MB
[2016.09.13-04.19.18:822][  0]LogMeshUtilities: No automatic mesh reduction module available
[2016.09.13-04.19.18:822][  0]LogMeshUtilities: No automatic mesh merging module available
[2016.09.13-04.19.18:822][  0]LogMeshUtilities: No distributed automatic mesh merging module available
[2016.09.13-04.19.19:383][  0]LogAssetRegistry: FAssetRegistry took 0.0216 seconds to start up
[2016.09.13-04.19.19:409][  0]LogPackageLocalizationCache: Processed 3 localized package path(s) for 1 prioritized culture(s) in 0.020470 seconds
[2016.09.13-04.19.19:417][  0]LogUObjectArray: 28739 objects as part of root set at end of initial load.
[2016.09.13-04.19.19:417][  0]LogUObjectAllocator: 5855624 out of 0 bytes used by permanent object pool.
[2016.09.13-04.19.19:417][  0]LogUObjectArray: CloseDisregardForGC: 0/0 objects in disregard for GC pool
[2016.09.13-04.19.19:437][  0]LogInit: WinSock: version 1.1 (2.2), MaxSocks=32767, MaxUdp=65467
[2016.09.13-04.19.19:768][  0]LogSlate: SlateFontCache - WITH_FREETYPE: 1, WITH_HARFBUZZ: 1
[2016.09.13-04.19.19:768][  0]LogSlate: SlateFontCache - WITH_FREETYPE: 1, WITH_HARFBUZZ: 1
[2016.09.13-04.19.20:951][  0]LogUdpMessaging: Initializing bridge on interface 0.0.0.0:0 to multicast group 230.0.0.1:6666.
[2016.09.13-04.19.21:348][  0]SourceControl: Info Source control is disabled
[2016.09.13-04.19.21:415][  0]SourceControl: Info Source control is disabled
[2016.09.13-04.19.21:442][  0]SourceControl: Info Source control is disabled
[2016.09.13-04.19.21:471][  0]SourceControl: Info Source control is disabled
[2016.09.13-04.19.21:996][  0]LogEngine: Initializing Engine...
[2016.09.13-04.19.21:998][  0]LogHMD: SteamVR failed to initialize.  Err: 110
[2016.09.13-04.19.21:998][  0]LogHMD: SteamVR failed to initialize.  Err: 110
[2016.09.13-04.19.22:238][  0]LogAIModule: Creating AISystem for world NewWorld
[2016.09.13-04.19.22:245][  0]LogInit: XAudio2 using 'Altavoces (Realtek High Definition Audio)' : 2 channels at 48 kHz using 32 bits per sample (channel mask 0x3)
[2016.09.13-04.19.22:264][  0]LogInit: FAudioDevice initialized.
[2016.09.13-04.19.22:307][  0]LogDerivedDataCache: Saved boot cache 0.04s 48MB C:/Users/Kevin/AppData/Local/UnrealEngine/4.12/DerivedDataCache/Boot.ddc.
[2016.09.13-04.19.22:321][  0]LogInit: Texture streaming: Enabled
[2016.09.13-04.19.22:377][  0]LogInit: Transaction tracking system initialized
[2016.09.13-04.19.22:447][  0]BlueprintLog: New page: Editor Load
[2016.09.13-04.19.22:755][  0]LocalizationService: Info Localization service is disabled
[2016.09.13-04.19.22:961][  0]LogConsoleResponse:Display: 
[2016.09.13-04.19.23:852][  0]LogCook:Display: Max memory allowance for cook 8192mb
[2016.09.13-04.19.23:852][  0]LogCook:Display: Mobile HDR setting 1
[2016.09.13-04.19.24:059][  0]LogFileCache: Scanning file cache for directory 'C:/Users/Kevin/Documents/Unreal Projects/VID3/MyProject/Content/' took 0.01s
[2016.09.13-04.19.24:072][  0]SourceControl: Info Source control is disabled
[2016.09.13-04.19.24:223][  0]LogFactory: FactoryCreateFile: PackFactory with PackFactory (0 0 C:/Program Files (x86)/Epic Games/4.12/FeaturePacks/StarterContent.upack)
[2016.09.13-04.19.24:360][  0]LogPackFactory: Finished extracting 8 files (including 0 errors).
[2016.09.13-04.19.24:398][  0]LogPackFactory: Copied "../../../Samples/StarterContent/Content/StarterContent/Architecture/Floor_400x400.uasset" to "../../../../../../Users/Kevin/Documents/Unreal Projects/VID3/MyProject/Content/StarterContent/Architecture/Floor_400x400.uasset"
[2016.09.13-04.19.24:574][  0]LogPackFactory: Copied "../../../Samples/StarterContent/Content/StarterContent/Architecture/Pillar_50x500.uasset" to "../../../../../../Users/Kevin/Documents/Unreal Projects/VID3/MyProject/Content/StarterContent/Architecture/Pillar_50x500.uasset"
[2016.09.13-04.19.24:617][  0]LogPackFactory: Copied "../../../Samples/StarterContent/Content/StarterContent/Architecture/SM_AssetPlatform.uasset" to "../../../../../../Users/Kevin/Documents/Unreal Projects/VID3/MyProject/Content/StarterContent/Architecture/SM_AssetPlatform.uasset"
[2016.09.13-04.19.24:647][  0]LogPackFactory: Copied "../../../Samples/StarterContent/Content/StarterContent/Architecture/Wall_400x200.uasset" to "../../../../../../Users/Kevin/Documents/Unreal Projects/VID3/MyProject/Content/StarterContent/Architecture/Wall_400x200.uasset"
[2016.09.13-04.19.24:685][  0]LogPackFactory: Copied "../../../Samples/StarterContent/Content/StarterContent/Architecture/Wall_400x300.uasset" to "../../../../../../Users/Kevin/Documents/Unreal Projects/VID3/MyProject/Content/StarterContent/Architecture/Wall_400x300.uasset"
[2016.09.13-04.19.24:715][  0]LogPackFactory: Copied "../../../Samples/StarterContent/Content/StarterContent/Architecture/Wall_400x400.uasset" to "../../../../../../Users/Kevin/Documents/Unreal Projects/VID3/MyProject/Content/StarterContent/Architecture/Wall_400x400.uasset"
[2016.09.13-04.19.24:809][  0]LogPackFactory: Copied "../../../Samples/StarterContent/Content/StarterContent/Architecture/Wall_500x500.uasset" to "../../../../../../Users/Kevin/Documents/Unreal Projects/VID3/MyProject/Content/StarterContent/Architecture/Wall_500x500.uasset"
[2016.09.13-04.19.24:862][  0]LogPackFactory: Copied "../../../Samples/StarterContent/Content/StarterContent/Architecture/Wall_Door_400x300.uasset" to "../../../../../../Users/Kevin/Documents/Unreal Projects/VID3/MyProject/Content/StarterContent/Architecture/Wall_Door_400x300.uasset"
[2016.09.13-04.19.24:891][  0]LogPackFactory: Copied "../../../Samples/StarterContent/Content/StarterContent/Architecture/Wall_Door_400x400.uasset" to "../../../../../../Users/Kevin/Documents/Unreal Projects/VID3/MyProject/Content/StarterContent/Architecture/Wall_Door_400x400.uasset"
[2016.09.13-04.19.24:924][  0]LogPackFactory: Copied "../../../Samples/StarterContent/Content/StarterContent/Architecture/Wall_Window_400x300.uasset" to "../../../../../../Users/Kevin/Documents/Unreal Projects/VID3/MyProject/Content/StarterContent/Architecture/Wall_Window_400x300.uasset"
[2016.09.13-04.19.24:943][  0]LogPackFactory: Copied "../../../Samples/StarterContent/Content/StarterContent/Architecture/Wall_Window_400x400.uasset" to "../../../../../../Users/Kevin/Documents/Unreal Projects/VID3/MyProject/Content/StarterContent/Architecture/Wall_Window_400x400.uasset"
[2016.09.13-04.19.24:995][  0]LogPackFactory: Copied "../../../Samples/StarterContent/Content/StarterContent/Audio/Collapse01.uasset" to "../../../../../../Users/Kevin/Documents/Unreal Projects/VID3/MyProject/Content/StarterContent/Audio/Collapse01.uasset"
[2016.09.13-04.19.25:052][  0]LogPackFactory: Copied "../../../Samples/StarterContent/Content/StarterContent/Audio/Collapse02.uasset" to "../../../../../../Users/Kevin/Documents/Unreal Projects/VID3/MyProject/Content/StarterContent/Audio/Collapse02.uasset"
[2016.09.13-04.19.25:089][  0]LogPackFactory: Copied "../../../Samples/StarterContent/Content/StarterContent/Audio/Collapse_Cue.uasset" to "../../../../../../Users/Kevin/Documents/Unreal Projects/VID3/MyProject/Content/StarterContent/Audio/Collapse_Cue.uasset"
[2016.09.13-04.19.25:124][  0]LogPackFactory: Copied "../../../Samples/StarterContent/Content/StarterContent/Audio/Explosion01.uasset" to "../../../../../../Users/Kevin/Documents/Unreal Projects/VID3/MyProject/Content/StarterContent/Audio/Explosion01.uasset"
[2016.09.13-04.19.25:171][  0]LogPackFactory: Copied "../../../Samples/StarterContent/Content/StarterContent/Audio/Explosion02.uasset" to "../../../../../../Users/Kevin/Documents/Unreal Projects/VID3/MyProject/Content/StarterContent/Audio/Explosion02.uasset"
[2016.09.13-04.19.25:258][  0]LogPackFactory: Copied "../../../Samples/StarterContent/Content/StarterContent/Audio/Explosion_Cue.uasset" to "../../../../../../Users/Kevin/Documents/Unreal Projects/VID3/MyProject/Content/StarterContent/Audio/Explosion_Cue.uasset"
[2016.09.13-04.19.25:337][  0]LogPackFactory: Copied "../../../Samples/StarterContent/Content/StarterContent/Audio/Fire01.uasset" to "../../../../../../Users/Kevin/Documents/Unreal Projects/VID3/MyProject/Content/StarterContent/Audio/Fire01.uasset"
[2016.09.13-04.19.25:396][  0]LogPackFactory: Copied "../../../Samples/StarterContent/Content/StarterContent/Audio/Fire01_Cue.uasset" to "../../../../../../Users/Kevin/Documents/Unreal Projects/VID3/MyProject/Content/StarterContent/Audio/Fire01_Cue.uasset"
[2016.09.13-04.19.25:521][  0]LogPackFactory: Copied "../../../Samples/StarterContent/Content/StarterContent/Audio/Fire_Sparks01.uasset" to "../../../../../../Users/Kevin/Documents/Unreal Projects/VID3/MyProject/Content/StarterContent/Audio/Fire_Sparks01.uasset"
[2016.09.13-04.19.25:567][  0]LogPackFactory: Copied "../../../Samples/StarterContent/Content/StarterContent/Audio/Fire_Sparks01_Cue.uasset" to "../../../../../../Users/Kevin/Documents/Unreal Projects/VID3/MyProject/Content/StarterContent/Audio/Fire_Sparks01_Cue.uasset"
[2016.09.13-04.19.25:658][  0]LogPackFactory: Copied "../../../Samples/StarterContent/Content/StarterContent/Audio/Light01.uasset" to "../../../../../../Users/Kevin/Documents/Unreal Projects/VID3/MyProject/Content/StarterContent/Audio/Light01.uasset"
[2016.09.13-04.19.25:742][  0]LogPackFactory: Copied "../../../Samples/StarterContent/Content/StarterContent/Audio/Light01_Cue.uasset" to "../../../../../../Users/Kevin/Documents/Unreal Projects/VID3/MyProject/Content/StarterContent/Audio/Light01_Cue.uasset"
[2016.09.13-04.19.25:974][  0]LogPackFactory: Copied "../../../Samples/StarterContent/Content/StarterContent/Audio/Light02.uasset" to "../../../../../../Users/Kevin/Documents/Unreal Projects/VID3/MyProject/Content/StarterContent/Audio/Light02.uasset"
[2016.09.13-04.19.26:024][  0]LogPackFactory: Copied "../../../Samples/StarterContent/Content/StarterContent/Audio/Light02_Cue.uasset" to "../../../../../../Users/Kevin/Documents/Unreal Projects/VID3/MyProject/Content/StarterContent/Audio/Light02_Cue.uasset"
[2016.09.13-04.19.26:094][  0]LogPackFactory: Copied "../../../Samples/StarterContent/Content/StarterContent/Audio/Smoke01.uasset" to "../../../../../../Users/Kevin/Documents/Unreal Projects/VID3/MyProject/Content/StarterContent/Audio/Smoke01.uasset"
[2016.09.13-04.19.26:126][  0]LogPackFactory: Copied "../../../Samples/StarterContent/Content/StarterContent/Audio/Smoke01_Cue.uasset" to "../../../../../../Users/Kevin/Documents/Unreal Projects/VID3/MyProject/Content/StarterContent/Audio/Smoke01_Cue.uasset"
[2016.09.13-04.19.26:295][  0]LogPackFactory: Copied "../../../Samples/StarterContent/Content/StarterContent/Audio/Starter_Background_Cue.uasset" to "../../../../../../Users/Kevin/Documents/Unreal Projects/VID3/MyProject/Content/StarterContent/Audio/Starter_Background_Cue.uasset"
[2016.09.13-04.19.26:446][  0]LogPackFactory: Copied "../../../Samples/StarterContent/Content/StarterContent/Audio/Starter_Birds01.uasset" to "../../../../../../Users/Kevin/Documents/Unreal Projects/VID3/MyProject/Content/StarterContent/Audio/Starter_Birds01.uasset"
[2016.09.13-04.19.26:670][  0]LogPackFactory: Copied "../../../Samples/StarterContent/Content/StarterContent/Audio/Starter_Music01.uasset" to "../../../../../../Users/Kevin/Documents/Unreal Projects/VID3/MyProject/Content/StarterContent/Audio/Starter_Music01.uasset"
[2016.09.13-04.19.26:694][  0]LogPackFactory: Copied "../../../Samples/StarterContent/Content/StarterContent/Audio/Starter_Music_Cue.uasset" to "../../../../../../Users/Kevin/Documents/Unreal Projects/VID3/MyProject/Content/StarterContent/Audio/Starter_Music_Cue.uasset"
[2016.09.13-04.19.26:784][  0]LogPackFactory: Copied "../../../Samples/StarterContent/Content/StarterContent/Audio/Starter_Wind05.uasset" to "../../../../../../Users/Kevin/Documents/Unreal Projects/VID3/MyProject/Content/StarterContent/Audio/Starter_Wind05.uasset"
[2016.09.13-04.19.26:887][  0]LogPackFactory: Copied "../../../Samples/StarterContent/Content/StarterContent/Audio/Starter_Wind06.uasset" to "../../../../../../Users/Kevin/Documents/Unreal Projects/VID3/MyProject/Content/StarterContent/Audio/Starter_Wind06.uasset"
[2016.09.13-04.19.26:972][  0]LogPackFactory: Copied "../../../Samples/StarterContent/Content/StarterContent/Audio/Steam01.uasset" to "../../../../../../Users/Kevin/Documents/Unreal Projects/VID3/MyProject/Content/StarterContent/Audio/Steam01.uasset"
[2016.09.13-04.19.27:036][  0]LogPackFactory: Copied "../../../Samples/StarterContent/Content/StarterContent/Audio/Steam01_Cue.uasset" to "../../../../../../Users/Kevin/Documents/Unreal Projects/VID3/MyProject/Content/StarterContent/Audio/Steam01_Cue.uasset"
[2016.09.13-04.19.27:281][  0]LogPackFactory: Copied "../../../Samples/StarterContent/Content/StarterContent/Blueprints/Blueprint_CeilingLight.uasset" to "../../../../../../Users/Kevin/Documents/Unreal Projects/VID3/MyProject/Content/StarterContent/Blueprints/Blueprint_CeilingLight.uasset"
[2016.09.13-04.19.27:302][  0]LogPackFactory: Copied "../../../Samples/StarterContent/Content/StarterContent/Blueprints/Blueprint_Effect_Explosion.uasset" to "../../../../../../Users/Kevin/Documents/Unreal Projects/VID3/MyProject/Content/StarterContent/Blueprints/Blueprint_Effect_Explosion.uasset"
[2016.09.13-04.19.27:335][  0]LogPackFactory: Copied "../../../Samples/StarterContent/Content/StarterContent/Blueprints/Blueprint_Effect_Fire.uasset" to "../../../../../../Users/Kevin/Documents/Unreal Projects/VID3/MyProject/Content/StarterContent/Blueprints/Blueprint_Effect_Fire.uasset"
[2016.09.13-04.19.27:400][  0]LogPackFactory: Copied "../../../Samples/StarterContent/Content/StarterContent/Blueprints/Blueprint_Effect_Smoke.uasset" to "../../../../../../Users/Kevin/Documents/Unreal Projects/VID3/MyProject/Content/StarterContent/Blueprints/Blueprint_Effect_Smoke.uasset"
[2016.09.13-04.19.27:438][  0]LogPackFactory: Copied "../../../Samples/StarterContent/Content/StarterContent/Blueprints/Blueprint_Effect_Sparks.uasset" to "../../../../../../Users/Kevin/Documents/Unreal Projects/VID3/MyProject/Content/StarterContent/Blueprints/Blueprint_Effect_Sparks.uasset"
[2016.09.13-04.19.27:517][  0]LogPackFactory: Copied "../../../Samples/StarterContent/Content/StarterContent/Blueprints/Blueprint_Effect_Steam.uasset" to "../../../../../../Users/Kevin/Documents/Unreal Projects/VID3/MyProject/Content/StarterContent/Blueprints/Blueprint_Effect_Steam.uasset"
[2016.09.13-04.19.27:544][  0]LogPackFactory: Copied "../../../Samples/StarterContent/Content/StarterContent/Blueprints/Blueprint_WallSconce.uasset" to "../../../../../../Users/Kevin/Documents/Unreal Projects/VID3/MyProject/Content/StarterContent/Blueprints/Blueprint_WallSconce.uasset"
[2016.09.13-04.19.27:687][  0]LogPackFactory: Copied "../../../Samples/StarterContent/Content/StarterContent/Blueprints/BP_LightStudio.uasset" to "../../../../../../Users/Kevin/Documents/Unreal Projects/VID3/MyProject/Content/StarterContent/Blueprints/BP_LightStudio.uasset"
[2016.09.13-04.19.27:738][  0]LogPackFactory: Copied "../../../Samples/StarterContent/Content/StarterContent/Blueprints/Assets/FogBrightnessLUT.uasset" to "../../../../../../Users/Kevin/Documents/Unreal Projects/VID3/MyProject/Content/StarterContent/Blueprints/Assets/FogBrightnessLUT.uasset"
[2016.09.13-04.19.27:778][  0]LogPackFactory: Copied "../../../Samples/StarterContent/Content/StarterContent/Blueprints/Assets/M_LightStage_Arrows.uasset" to "../../../../../../Users/Kevin/Documents/Unreal Projects/VID3/MyProject/Content/StarterContent/Blueprints/Assets/M_LightStage_Arrows.uasset"
[2016.09.13-04.19.27:866][  0]LogPackFactory: Copied "../../../Samples/StarterContent/Content/StarterContent/Blueprints/Assets/M_LightStage_Skybox_Black.uasset" to "../../../../../../Users/Kevin/Documents/Unreal Projects/VID3/MyProject/Content/StarterContent/Blueprints/Assets/M_LightStage_Skybox_Black.uasset"
[2016.09.13-04.19.27:900][  0]LogPackFactory: Copied "../../../Samples/StarterContent/Content/StarterContent/Blueprints/Assets/M_LightStage_Skybox_HDRI.uasset" to "../../../../../../Users/Kevin/Documents/Unreal Projects/VID3/MyProject/Content/StarterContent/Blueprints/Assets/M_LightStage_Skybox_HDRI.uasset"
[2016.09.13-04.19.28:000][  0]LogPackFactory: Copied "../../../Samples/StarterContent/Content/StarterContent/Blueprints/Assets/M_LightStage_Skybox_Master.uasset" to "../../../../../../Users/Kevin/Documents/Unreal Projects/VID3/MyProject/Content/StarterContent/Blueprints/Assets/M_LightStage_Skybox_Master.uasset"
[2016.09.13-04.19.28:131][  0]LogPackFactory: Copied "../../../Samples/StarterContent/Content/StarterContent/Blueprints/Assets/Skybox.uasset" to "../../../../../../Users/Kevin/Documents/Unreal Projects/VID3/MyProject/Content/StarterContent/Blueprints/Assets/Skybox.uasset"
[2016.09.13-04.19.28:459][  0]LogPackFactory: Copied "../../../Samples/StarterContent/Content/StarterContent/Blueprints/Assets/SM_Arrows.uasset" to "../../../../../../Users/Kevin/Documents/Unreal Projects/VID3/MyProject/Content/StarterContent/Blueprints/Assets/SM_Arrows.uasset"
[2016.09.13-04.19.28:547][  0]LogPackFactory: Copied "../../../Samples/StarterContent/Content/StarterContent/Blueprints/Assets/SunlightColorLUT.uasset" to "../../../../../../Users/Kevin/Documents/Unreal Projects/VID3/MyProject/Content/StarterContent/Blueprints/Assets/SunlightColorLUT.uasset"
[2016.09.13-04.19.36:851][  0]LogPackFactory: Copied "../../../Samples/StarterContent/Content/StarterContent/HDRI/HDRI_Epic_Courtyard_Daylight.uasset" to "../../../../../../Users/Kevin/Documents/Unreal Projects/VID3/MyProject/Content/StarterContent/HDRI/HDRI_Epic_Courtyard_Daylight.uasset"
[2016.09.13-04.19.36:938][  0]LogPackFactory: Copied "../../../Samples/StarterContent/Content/StarterContent/Maps/Advanced_Lighting.umap" to "../../../../../../Users/Kevin/Documents/Unreal Projects/VID3/MyProject/Content/StarterContent/Maps/Advanced_Lighting.umap"
[2016.09.13-04.19.37:048][  0]LogPackFactory: Copied "../../../Samples/StarterContent/Content/StarterContent/Maps/Minimal_Default.umap" to "../../../../../../Users/Kevin/Documents/Unreal Projects/VID3/MyProject/Content/StarterContent/Maps/Minimal_Default.umap"
[2016.09.13-04.19.37:307][  0]LogPackFactory: Copied "../../../Samples/StarterContent/Content/StarterContent/Maps/StarterMap.umap" to "../../../../../../Users/Kevin/Documents/Unreal Projects/VID3/MyProject/Content/StarterContent/Maps/StarterMap.umap"
[2016.09.13-04.19.37:361][  0]LogPackFactory: Copied "../../../Samples/StarterContent/Content/StarterContent/Materials/M_AssetPlatform.uasset" to "../../../../../../Users/Kevin/Documents/Unreal Projects/VID3/MyProject/Content/StarterContent/Materials/M_AssetPlatform.uasset"
[2016.09.13-04.19.37:412][  0]LogPackFactory: Copied "../../../Samples/StarterContent/Content/StarterContent/Materials/M_Basic_Floor.uasset" to "../../../../../../Users/Kevin/Documents/Unreal Projects/VID3/MyProject/Content/StarterContent/Materials/M_Basic_Floor.uasset"
[2016.09.13-04.19.37:461][  0]LogPackFactory: Copied "../../../Samples/StarterContent/Content/StarterContent/Materials/M_Basic_Wall.uasset" to "../../../../../../Users/Kevin/Documents/Unreal Projects/VID3/MyProject/Content/StarterContent/Materials/M_Basic_Wall.uasset"
[2016.09.13-04.19.37:494][  0]LogPackFactory: Copied "../../../Samples/StarterContent/Content/StarterContent/Materials/M_Brick_Clay_Beveled.uasset" to "../../../../../../Users/Kevin/Documents/Unreal Projects/VID3/MyProject/Content/StarterContent/Materials/M_Brick_Clay_Beveled.uasset"
[2016.09.13-04.19.37:564][  0]LogPackFactory: Copied "../../../Samples/StarterContent/Content/StarterContent/Materials/M_Brick_Clay_New.uasset" to "../../../../../../Users/Kevin/Documents/Unreal Projects/VID3/MyProject/Content/StarterContent/Materials/M_Brick_Clay_New.uasset"
[2016.09.13-04.19.37:594][  0]LogPackFactory: Copied "../../../Samples/StarterContent/Content/StarterContent/Materials/M_Brick_Clay_Old.uasset" to "../../../../../../Users/Kevin/Documents/Unreal Projects/VID3/MyProject/Content/StarterContent/Materials/M_Brick_Clay_Old.uasset"
[2016.09.13-04.19.37:626][  0]LogPackFactory: Copied "../../../Samples/StarterContent/Content/StarterContent/Materials/M_Brick_Cut_Stone.uasset" to "../../../../../../Users/Kevin/Documents/Unreal Projects/VID3/MyProject/Content/StarterContent/Materials/M_Brick_Cut_Stone.uasset"
[2016.09.13-04.19.37:664][  0]LogPackFactory: Copied "../../../Samples/StarterContent/Content/StarterContent/Materials/M_Brick_Hewn_Stone.uasset" to "../../../../../../Users/Kevin/Documents/Unreal Projects/VID3/MyProject/Content/StarterContent/Materials/M_Brick_Hewn_Stone.uasset"
[2016.09.13-04.19.37:715][  0]LogPackFactory: Copied "../../../Samples/StarterContent/Content/StarterContent/Materials/M_Ceramic_Tile_Checker.uasset" to "../../../../../../Users/Kevin/Documents/Unreal Projects/VID3/MyProject/Content/StarterContent/Materials/M_Ceramic_Tile_Checker.uasset"
[2016.09.13-04.19.37:746][  0]LogPackFactory: Copied "../../../Samples/StarterContent/Content/StarterContent/Materials/M_CobbleStone_Pebble.uasset" to "../../../../../../Users/Kevin/Documents/Unreal Projects/VID3/MyProject/Content/StarterContent/Materials/M_CobbleStone_Pebble.uasset"
[2016.09.13-04.19.37:872][  0]LogPackFactory: Copied "../../../Samples/StarterContent/Content/StarterContent/Materials/M_CobbleStone_Rough.uasset" to "../../../../../../Users/Kevin/Documents/Unreal Projects/VID3/MyProject/Content/StarterContent/Materials/M_CobbleStone_Rough.uasset"
[2016.09.13-04.19.37:908][  0]LogPackFactory: Copied "../../../Samples/StarterContent/Content/StarterContent/Materials/M_CobbleStone_Smooth.uasset" to "../../../../../../Users/Kevin/Documents/Unreal Projects/VID3/MyProject/Content/StarterContent/Materials/M_CobbleStone_Smooth.uasset"
[2016.09.13-04.19.37:966][  0]LogPackFactory: Copied "../../../Samples/StarterContent/Content/StarterContent/Materials/M_ColorGrid_LowSpec.uasset" to "../../../../../../Users/Kevin/Documents/Unreal Projects/VID3/MyProject/Content/StarterContent/Materials/M_ColorGrid_LowSpec.uasset"
[2016.09.13-04.19.38:340][  0]LogPackFactory: Copied "../../../Samples/StarterContent/Content/StarterContent/Materials/M_Concrete_Grime.uasset" to "../../../../../../Users/Kevin/Documents/Unreal Projects/VID3/MyProject/Content/StarterContent/Materials/M_Concrete_Grime.uasset"
[2016.09.13-04.19.38:706][  0]LogPackFactory: Copied "../../../Samples/StarterContent/Content/StarterContent/Materials/M_Concrete_Panels.uasset" to "../../../../../../Users/Kevin/Documents/Unreal Projects/VID3/MyProject/Content/StarterContent/Materials/M_Concrete_Panels.uasset"
[2016.09.13-04.19.38:735][  0]LogPackFactory: Copied "../../../Samples/StarterContent/Content/StarterContent/Materials/M_Concrete_Poured.uasset" to "../../../../../../Users/Kevin/Documents/Unreal Projects/VID3/MyProject/Content/StarterContent/Materials/M_Concrete_Poured.uasset"
[2016.09.13-04.19.38:757][  0]LogPackFactory: Copied "../../../Samples/StarterContent/Content/StarterContent/Materials/M_Concrete_Tiles.uasset" to "../../../../../../Users/Kevin/Documents/Unreal Projects/VID3/MyProject/Content/StarterContent/Materials/M_Concrete_Tiles.uasset"
[2016.09.13-04.19.38:788][  0]LogPackFactory: Copied "../../../Samples/StarterContent/Content/StarterContent/Materials/M_Glass.uasset" to "../../../../../../Users/Kevin/Documents/Unreal Projects/VID3/MyProject/Content/StarterContent/Materials/M_Glass.uasset"
[2016.09.13-04.19.38:834][  0]LogPackFactory: Copied "../../../Samples/StarterContent/Content/StarterContent/Materials/M_Ground_Grass.uasset" to "../../../../../../Users/Kevin/Documents/Unreal Projects/VID3/MyProject/Content/StarterContent/Materials/M_Ground_Grass.uasset"
[2016.09.13-04.19.38:877][  0]LogPackFactory: Copied "../../../Samples/StarterContent/Content/StarterContent/Materials/M_Ground_Gravel.uasset" to "../../../../../../Users/Kevin/Documents/Unreal Projects/VID3/MyProject/Content/StarterContent/Materials/M_Ground_Gravel.uasset"
[2016.09.13-04.19.38:923][  0]LogPackFactory: Copied "../../../Samples/StarterContent/Content/StarterContent/Materials/M_Ground_Moss.uasset" to "../../../../../../Users/Kevin/Documents/Unreal Projects/VID3/MyProject/Content/StarterContent/Materials/M_Ground_Moss.uasset"
[2016.09.13-04.19.38:945][  0]LogPackFactory: Copied "../../../Samples/StarterContent/Content/StarterContent/Materials/M_Metal_Brushed_Nickel.uasset" to "../../../../../../Users/Kevin/Documents/Unreal Projects/VID3/MyProject/Content/StarterContent/Materials/M_Metal_Brushed_Nickel.uasset"
[2016.09.13-04.19.38:977][  0]LogPackFactory: Copied "../../../Samples/StarterContent/Content/StarterContent/Materials/M_Metal_Burnished_Steel.uasset" to "../../../../../../Users/Kevin/Documents/Unreal Projects/VID3/MyProject/Content/StarterContent/Materials/M_Metal_Burnished_Steel.uasset"
[2016.09.13-04.19.39:026][  0]LogPackFactory: Copied "../../../Samples/StarterContent/Content/StarterContent/Materials/M_Metal_Chrome.uasset" to "../../../../../../Users/Kevin/Documents/Unreal Projects/VID3/MyProject/Content/StarterContent/Materials/M_Metal_Chrome.uasset"
[2016.09.13-04.19.39:072][  0]LogPackFactory: Copied "../../../Samples/StarterContent/Content/StarterContent/Materials/M_Metal_Copper.uasset" to "../../../../../../Users/Kevin/Documents/Unreal Projects/VID3/MyProject/Content/StarterContent/Materials/M_Metal_Copper.uasset"
[2016.09.13-04.19.39:109][  0]LogPackFactory: Copied "../../../Samples/StarterContent/Content/StarterContent/Materials/M_Metal_Gold.uasset" to "../../../../../../Users/Kevin/Documents/Unreal Projects/VID3/MyProject/Content/StarterContent/Materials/M_Metal_Gold.uasset"
[2016.09.13-04.19.39:150][  0]LogPackFactory: Copied "../../../Samples/StarterContent/Content/StarterContent/Materials/M_Metal_Rust.uasset" to "../../../../../../Users/Kevin/Documents/Unreal Projects/VID3/MyProject/Content/StarterContent/Materials/M_Metal_Rust.uasset"
[2016.09.13-04.19.39:185][  0]LogPackFactory: Copied "../../../Samples/StarterContent/Content/StarterContent/Materials/M_Metal_Steel.uasset" to "../../../../../../Users/Kevin/Documents/Unreal Projects/VID3/MyProject/Content/StarterContent/Materials/M_Metal_Steel.uasset"
[2016.09.13-04.19.39:224][  0]LogPackFactory: Copied "../../../Samples/StarterContent/Content/StarterContent/Materials/M_Rock_Basalt.uasset" to "../../../../../../Users/Kevin/Documents/Unreal Projects/VID3/MyProject/Content/StarterContent/Materials/M_Rock_Basalt.uasset"
[2016.09.13-04.19.39:257][  0]LogPackFactory: Copied "../../../Samples/StarterContent/Content/StarterContent/Materials/M_Rock_Marble_Polished.uasset" to "../../../../../../Users/Kevin/Documents/Unreal Projects/VID3/MyProject/Content/StarterContent/Materials/M_Rock_Marble_Polished.uasset"
[2016.09.13-04.19.39:317][  0]LogPackFactory: Copied "../../../Samples/StarterContent/Content/StarterContent/Materials/M_Rock_Sandstone.uasset" to "../../../../../../Users/Kevin/Documents/Unreal Projects/VID3/MyProject/Content/StarterContent/Materials/M_Rock_Sandstone.uasset"
[2016.09.13-04.19.39:365][  0]LogPackFactory: Copied "../../../Samples/StarterContent/Content/StarterContent/Materials/M_Rock_Slate.uasset" to "../../../../../../Users/Kevin/Documents/Unreal Projects/VID3/MyProject/Content/StarterContent/Materials/M_Rock_Slate.uasset"
[2016.09.13-04.19.39:432][  0]LogPackFactory: Copied "../../../Samples/StarterContent/Content/StarterContent/Materials/M_Tech_Checker_Dot.uasset" to "../../../../../../Users/Kevin/Documents/Unreal Projects/VID3/MyProject/Content/StarterContent/Materials/M_Tech_Checker_Dot.uasset"
[2016.09.13-04.19.39:609][  0]LogPackFactory: Copied "../../../Samples/StarterContent/Content/StarterContent/Materials/M_Tech_Hex_Tile.uasset" to "../../../../../../Users/Kevin/Documents/Unreal Projects/VID3/MyProject/Content/StarterContent/Materials/M_Tech_Hex_Tile.uasset"
[2016.09.13-04.19.39:650][  0]LogPackFactory: Copied "../../../Samples/StarterContent/Content/StarterContent/Materials/M_Tech_Hex_Tile_Pulse.uasset" to "../../../../../../Users/Kevin/Documents/Unreal Projects/VID3/MyProject/Content/StarterContent/Materials/M_Tech_Hex_Tile_Pulse.uasset"
[2016.09.13-04.19.39:693][  0]LogPackFactory: Copied "../../../Samples/StarterContent/Content/StarterContent/Materials/M_Tech_Panel.uasset" to "../../../../../../Users/Kevin/Documents/Unreal Projects/VID3/MyProject/Content/StarterContent/Materials/M_Tech_Panel.uasset"
[2016.09.13-04.19.39:753][  0]LogPackFactory: Copied "../../../Samples/StarterContent/Content/StarterContent/Materials/M_Water_Lake.uasset" to "../../../../../../Users/Kevin/Documents/Unreal Projects/VID3/MyProject/Content/StarterContent/Materials/M_Water_Lake.uasset"
[2016.09.13-04.19.39:851][  0]LogPackFactory: Copied "../../../Samples/StarterContent/Content/StarterContent/Materials/M_Water_Ocean.uasset" to "../../../../../../Users/Kevin/Documents/Unreal Projects/VID3/MyProject/Content/StarterContent/Materials/M_Water_Ocean.uasset"
[2016.09.13-04.19.39:881][  0]LogPackFactory: Copied "../../../Samples/StarterContent/Content/StarterContent/Materials/M_Wood_Floor_Walnut_Polished.uasset" to "../../../../../../Users/Kevin/Documents/Unreal Projects/VID3/MyProject/Content/StarterContent/Materials/M_Wood_Floor_Walnut_Polished.uasset"
[2016.09.13-04.19.39:919][  0]LogPackFactory: Copied "../../../Samples/StarterContent/Content/StarterContent/Materials/M_Wood_Floor_Walnut_Worn.uasset" to "../../../../../../Users/Kevin/Documents/Unreal Projects/VID3/MyProject/Content/StarterContent/Materials/M_Wood_Floor_Walnut_Worn.uasset"
[2016.09.13-04.19.40:048][  0]LogPackFactory: Copied "../../../Samples/StarterContent/Content/StarterContent/Materials/M_Wood_Oak.uasset" to "../../../../../../Users/Kevin/Documents/Unreal Projects/VID3/MyProject/Content/StarterContent/Materials/M_Wood_Oak.uasset"
[2016.09.13-04.19.40:085][  0]LogPackFactory: Copied "../../../Samples/StarterContent/Content/StarterContent/Materials/M_Wood_Pine.uasset" to "../../../../../../Users/Kevin/Documents/Unreal Projects/VID3/MyProject/Content/StarterContent/Materials/M_Wood_Pine.uasset"
[2016.09.13-04.19.40:119][  0]LogPackFactory: Copied "../../../Samples/StarterContent/Content/StarterContent/Materials/M_Wood_Walnut.uasset" to "../../../../../../Users/Kevin/Documents/Unreal Projects/VID3/MyProject/Content/StarterContent/Materials/M_Wood_Walnut.uasset"
[2016.09.13-04.19.40:153][  0]LogPackFactory: Copied "../../../Samples/StarterContent/Content/StarterContent/Particles/P_Ambient_Dust.uasset" to "../../../../../../Users/Kevin/Documents/Unreal Projects/VID3/MyProject/Content/StarterContent/Particles/P_Ambient_Dust.uasset"
[2016.09.13-04.19.40:213][  0]LogPackFactory: Copied "../../../Samples/StarterContent/Content/StarterContent/Particles/P_Explosion.uasset" to "../../../../../../Users/Kevin/Documents/Unreal Projects/VID3/MyProject/Content/StarterContent/Particles/P_Explosion.uasset"
[2016.09.13-04.19.40:245][  0]LogPackFactory: Copied "../../../Samples/StarterContent/Content/StarterContent/Particles/P_Fire.uasset" to "../../../../../../Users/Kevin/Documents/Unreal Projects/VID3/MyProject/Content/StarterContent/Particles/P_Fire.uasset"
[2016.09.13-04.19.40:285][  0]LogPackFactory: Copied "../../../Samples/StarterContent/Content/StarterContent/Particles/P_Smoke.uasset" to "../../../../../../Users/Kevin/Documents/Unreal Projects/VID3/MyProject/Content/StarterContent/Particles/P_Smoke.uasset"
[2016.09.13-04.19.40:324][  0]LogPackFactory: Copied "../../../Samples/StarterContent/Content/StarterContent/Particles/P_Sparks.uasset" to "../../../../../../Users/Kevin/Documents/Unreal Projects/VID3/MyProject/Content/StarterContent/Particles/P_Sparks.uasset"
[2016.09.13-04.19.40:355][  0]LogPackFactory: Copied "../../../Samples/StarterContent/Content/StarterContent/Particles/P_Steam_Lit.uasset" to "../../../../../../Users/Kevin/Documents/Unreal Projects/VID3/MyProject/Content/StarterContent/Particles/P_Steam_Lit.uasset"
[2016.09.13-04.19.40:418][  0]LogPackFactory: Copied "../../../Samples/StarterContent/Content/StarterContent/Particles/Materials/M_Burst.uasset" to "../../../../../../Users/Kevin/Documents/Unreal Projects/VID3/MyProject/Content/StarterContent/Particles/Materials/M_Burst.uasset"
[2016.09.13-04.19.40:449][  0]LogPackFactory: Copied "../../../Samples/StarterContent/Content/StarterContent/Particles/Materials/M_Dust_Particle.uasset" to "../../../../../../Users/Kevin/Documents/Unreal Projects/VID3/MyProject/Content/StarterContent/Particles/Materials/M_Dust_Particle.uasset"
[2016.09.13-04.19.40:483][  0]LogPackFactory: Copied "../../../Samples/StarterContent/Content/StarterContent/Particles/Materials/M_explosion_subUV.uasset" to "../../../../../../Users/Kevin/Documents/Unreal Projects/VID3/MyProject/Content/StarterContent/Particles/Materials/M_explosion_subUV.uasset"
[2016.09.13-04.19.40:505][  0]LogPackFactory: Copied "../../../Samples/StarterContent/Content/StarterContent/Particles/Materials/M_Fire_SubUV.uasset" to "../../../../../../Users/Kevin/Documents/Unreal Projects/VID3/MyProject/Content/StarterContent/Particles/Materials/M_Fire_SubUV.uasset"
[2016.09.13-04.19.40:571][  0]LogPackFactory: Copied "../../../Samples/StarterContent/Content/StarterContent/Particles/Materials/m_flare_01.uasset" to "../../../../../../Users/Kevin/Documents/Unreal Projects/VID3/MyProject/Content/StarterContent/Particles/Materials/m_flare_01.uasset"
[2016.09.13-04.19.40:616][  0]LogPackFactory: Copied "../../../Samples/StarterContent/Content/StarterContent/Particles/Materials/M_Heat_Distortion.uasset" to "../../../../../../Users/Kevin/Documents/Unreal Projects/VID3/MyProject/Content/StarterContent/Particles/Materials/M_Heat_Distortion.uasset"
[2016.09.13-04.19.40:653][  0]LogPackFactory: Copied "../../../Samples/StarterContent/Content/StarterContent/Particles/Materials/M_Radial_Gradient.uasset" to "../../../../../../Users/Kevin/Documents/Unreal Projects/VID3/MyProject/Content/StarterContent/Particles/Materials/M_Radial_Gradient.uasset"
[2016.09.13-04.19.40:682][  0]LogPackFactory: Copied "../../../Samples/StarterContent/Content/StarterContent/Particles/Materials/M_radial_ramp.uasset" to "../../../../../../Users/Kevin/Documents/Unreal Projects/VID3/MyProject/Content/StarterContent/Particles/Materials/M_radial_ramp.uasset"
[2016.09.13-04.19.40:713][  0]LogPackFactory: Copied "../../../Samples/StarterContent/Content/StarterContent/Particles/Materials/M_smoke_subUV.uasset" to "../../../../../../Users/Kevin/Documents/Unreal Projects/VID3/MyProject/Content/StarterContent/Particles/Materials/M_smoke_subUV.uasset"
[2016.09.13-04.19.40:768][  0]LogPackFactory: Copied "../../../Samples/StarterContent/Content/StarterContent/Particles/Materials/M_Spark.uasset" to "../../../../../../Users/Kevin/Documents/Unreal Projects/VID3/MyProject/Content/StarterContent/Particles/Materials/M_Spark.uasset"
[2016.09.13-04.19.40:921][  0]LogPackFactory: Copied "../../../Samples/StarterContent/Content/StarterContent/Props/MaterialSphere.uasset" to "../../../../../../Users/Kevin/Documents/Unreal Projects/VID3/MyProject/Content/StarterContent/Props/MaterialSphere.uasset"
[2016.09.13-04.19.40:956][  0]LogPackFactory: Copied "../../../Samples/StarterContent/Content/StarterContent/Props/SM_Bush.uasset" to "../../../../../../Users/Kevin/Documents/Unreal Projects/VID3/MyProject/Content/StarterContent/Props/SM_Bush.uasset"
[2016.09.13-04.19.41:113][  0]LogPackFactory: Copied "../../../Samples/StarterContent/Content/StarterContent/Props/SM_Chair.uasset" to "../../../../../../Users/Kevin/Documents/Unreal Projects/VID3/MyProject/Content/StarterContent/Props/SM_Chair.uasset"
[2016.09.13-04.19.41:171][  0]LogPackFactory: Copied "../../../Samples/StarterContent/Content/StarterContent/Props/SM_CornerFrame.uasset" to "../../../../../../Users/Kevin/Documents/Unreal Projects/VID3/MyProject/Content/StarterContent/Props/SM_CornerFrame.uasset"
[2016.09.13-04.19.41:218][  0]LogPackFactory: Copied "../../../Samples/StarterContent/Content/StarterContent/Props/SM_Couch.uasset" to "../../../../../../Users/Kevin/Documents/Unreal Projects/VID3/MyProject/Content/StarterContent/Props/SM_Couch.uasset"
[2016.09.13-04.19.41:279][  0]LogPackFactory: Copied "../../../Samples/StarterContent/Content/StarterContent/Props/SM_Door.uasset" to "../../../../../../Users/Kevin/Documents/Unreal Projects/VID3/MyProject/Content/StarterContent/Props/SM_Door.uasset"
[2016.09.13-04.19.41:307][  0]LogPackFactory: Copied "../../../Samples/StarterContent/Content/StarterContent/Props/SM_DoorFrame.uasset" to "../../../../../../Users/Kevin/Documents/Unreal Projects/VID3/MyProject/Content/StarterContent/Props/SM_DoorFrame.uasset"
[2016.09.13-04.19.41:339][  0]LogPackFactory: Copied "../../../Samples/StarterContent/Content/StarterContent/Props/SM_GlassWindow.uasset" to "../../../../../../Users/Kevin/Documents/Unreal Projects/VID3/MyProject/Content/StarterContent/Props/SM_GlassWindow.uasset"
[2016.09.13-04.19.41:393][  0]LogPackFactory: Copied "../../../Samples/StarterContent/Content/StarterContent/Props/SM_Lamp_Ceiling.uasset" to "../../../../../../Users/Kevin/Documents/Unreal Projects/VID3/MyProject/Content/StarterContent/Props/SM_Lamp_Ceiling.uasset"
[2016.09.13-04.19.41:458][  0]LogPackFactory: Copied "../../../Samples/StarterContent/Content/StarterContent/Props/SM_Lamp_Wall.uasset" to "../../../../../../Users/Kevin/Documents/Unreal Projects/VID3/MyProject/Content/StarterContent/Props/SM_Lamp_Wall.uasset"
[2016.09.13-04.19.41:523][  0]LogPackFactory: Copied "../../../Samples/StarterContent/Content/StarterContent/Props/SM_MatPreviewMesh_02.uasset" to "../../../../../../Users/Kevin/Documents/Unreal Projects/VID3/MyProject/Content/StarterContent/Props/SM_MatPreviewMesh_02.uasset"
[2016.09.13-04.19.41:558][  0]LogPackFactory: Copied "../../../Samples/StarterContent/Content/StarterContent/Props/SM_PillarFrame.uasset" to "../../../../../../Users/Kevin/Documents/Unreal Projects/VID3/MyProject/Content/StarterContent/Props/SM_PillarFrame.uasset"
[2016.09.13-04.19.41:598][  0]LogPackFactory: Copied "../../../Samples/StarterContent/Content/StarterContent/Props/SM_PillarFrame300.uasset" to "../../../../../../Users/Kevin/Documents/Unreal Projects/VID3/MyProject/Content/StarterContent/Props/SM_PillarFrame300.uasset"
[2016.09.13-04.19.41:653][  0]LogPackFactory: Copied "../../../Samples/StarterContent/Content/StarterContent/Props/SM_Rock.uasset" to "../../../../../../Users/Kevin/Documents/Unreal Projects/VID3/MyProject/Content/StarterContent/Props/SM_Rock.uasset"
[2016.09.13-04.19.41:695][  0]LogPackFactory: Copied "../../../Samples/StarterContent/Content/StarterContent/Props/SM_Shelf.uasset" to "../../../../../../Users/Kevin/Documents/Unreal Projects/VID3/MyProject/Content/StarterContent/Props/SM_Shelf.uasset"
[2016.09.13-04.19.41:737][  0]LogPackFactory: Copied "../../../Samples/StarterContent/Content/StarterContent/Props/SM_Stairs.uasset" to "../../../../../../Users/Kevin/Documents/Unreal Projects/VID3/MyProject/Content/StarterContent/Props/SM_Stairs.uasset"
[2016.09.13-04.19.41:855][  0]LogPackFactory: Copied "../../../Samples/StarterContent/Content/StarterContent/Props/SM_Statue.uasset" to "../../../../../../Users/Kevin/Documents/Unreal Projects/VID3/MyProject/Content/StarterContent/Props/SM_Statue.uasset"
[2016.09.13-04.19.41:895][  0]LogPackFactory: Copied "../../../Samples/StarterContent/Content/StarterContent/Props/SM_TableRound.uasset" to "../../../../../../Users/Kevin/Documents/Unreal Projects/VID3/MyProject/Content/StarterContent/Props/SM_TableRound.uasset"
[2016.09.13-04.19.41:921][  0]LogPackFactory: Copied "../../../Samples/StarterContent/Content/StarterContent/Props/SM_WindowFrame.uasset" to "../../../../../../Users/Kevin/Documents/Unreal Projects/VID3/MyProject/Content/StarterContent/Props/SM_WindowFrame.uasset"
[2016.09.13-04.19.41:963][  0]LogPackFactory: Copied "../../../Samples/StarterContent/Content/StarterContent/Props/Materials/M_Bush.uasset" to "../../../../../../Users/Kevin/Documents/Unreal Projects/VID3/MyProject/Content/StarterContent/Props/Materials/M_Bush.uasset"
[2016.09.13-04.19.41:998][  0]LogPackFactory: Copied "../../../Samples/StarterContent/Content/StarterContent/Props/Materials/M_Chair.uasset" to "../../../../../../Users/Kevin/Documents/Unreal Projects/VID3/MyProject/Content/StarterContent/Props/Materials/M_Chair.uasset"
[2016.09.13-04.19.42:045][  0]LogPackFactory: Copied "../../../Samples/StarterContent/Content/StarterContent/Props/Materials/M_Door.uasset" to "../../../../../../Users/Kevin/Documents/Unreal Projects/VID3/MyProject/Content/StarterContent/Props/Materials/M_Door.uasset"
[2016.09.13-04.19.42:236][  0]LogPackFactory: Copied "../../../Samples/StarterContent/Content/StarterContent/Props/Materials/M_Frame.uasset" to "../../../../../../Users/Kevin/Documents/Unreal Projects/VID3/MyProject/Content/StarterContent/Props/Materials/M_Frame.uasset"
[2016.09.13-04.19.42:296][  0]LogPackFactory: Copied "../../../Samples/StarterContent/Content/StarterContent/Props/Materials/M_Lamp.uasset" to "../../../../../../Users/Kevin/Documents/Unreal Projects/VID3/MyProject/Content/StarterContent/Props/Materials/M_Lamp.uasset"
[2016.09.13-04.19.42:329][  0]LogPackFactory: Copied "../../../Samples/StarterContent/Content/StarterContent/Props/Materials/M_MaterialSphere.uasset" to "../../../../../../Users/Kevin/Documents/Unreal Projects/VID3/MyProject/Content/StarterContent/Props/Materials/M_MaterialSphere.uasset"
[2016.09.13-04.19.42:389][  0]LogPackFactory: Copied "../../../Samples/StarterContent/Content/StarterContent/Props/Materials/M_MaterialSphere_Plain.uasset" to "../../../../../../Users/Kevin/Documents/Unreal Projects/VID3/MyProject/Content/StarterContent/Props/Materials/M_MaterialSphere_Plain.uasset"
[2016.09.13-04.19.42:442][  0]LogPackFactory: Copied "../../../Samples/StarterContent/Content/StarterContent/Props/Materials/M_Rock.uasset" to "../../../../../../Users/Kevin/Documents/Unreal Projects/VID3/MyProject/Content/StarterContent/Props/Materials/M_Rock.uasset"
[2016.09.13-04.19.42:478][  0]LogPackFactory: Copied "../../../Samples/StarterContent/Content/StarterContent/Props/Materials/M_Shelf.uasset" to "../../../../../../Users/Kevin/Documents/Unreal Projects/VID3/MyProject/Content/StarterContent/Props/Materials/M_Shelf.uasset"
[2016.09.13-04.19.42:514][  0]LogPackFactory: Copied "../../../Samples/StarterContent/Content/StarterContent/Props/Materials/M_Statue.uasset" to "../../../../../../Users/Kevin/Documents/Unreal Projects/VID3/MyProject/Content/StarterContent/Props/Materials/M_Statue.uasset"
[2016.09.13-04.19.42:554][  0]LogPackFactory: Copied "../../../Samples/StarterContent/Content/StarterContent/Props/Materials/M_StatueGlass.uasset" to "../../../../../../Users/Kevin/Documents/Unreal Projects/VID3/MyProject/Content/StarterContent/Props/Materials/M_StatueGlass.uasset"
[2016.09.13-04.19.42:583][  0]LogPackFactory: Copied "../../../Samples/StarterContent/Content/StarterContent/Props/Materials/M_TableRound.uasset" to "../../../../../../Users/Kevin/Documents/Unreal Projects/VID3/MyProject/Content/StarterContent/Props/Materials/M_TableRound.uasset"
[2016.09.13-04.19.42:635][  0]LogPackFactory: Copied "../../../Samples/StarterContent/Content/StarterContent/Shapes/Shape_Cone.uasset" to "../../../../../../Users/Kevin/Documents/Unreal Projects/VID3/MyProject/Content/StarterContent/Shapes/Shape_Cone.uasset"
[2016.09.13-04.19.42:713][  0]LogPackFactory: Copied "../../../Samples/StarterContent/Content/StarterContent/Shapes/Shape_Cube.uasset" to "../../../../../../Users/Kevin/Documents/Unreal Projects/VID3/MyProject/Content/StarterContent/Shapes/Shape_Cube.uasset"
[2016.09.13-04.19.42:762][  0]LogPackFactory: Copied "../../../Samples/StarterContent/Content/StarterContent/Shapes/Shape_Cylinder.uasset" to "../../../../../../Users/Kevin/Documents/Unreal Projects/VID3/MyProject/Content/StarterContent/Shapes/Shape_Cylinder.uasset"
[2016.09.13-04.19.43:034][  0]LogPackFactory: Copied "../../../Samples/StarterContent/Content/StarterContent/Shapes/Shape_NarrowCapsule.uasset" to "../../../../../../Users/Kevin/Documents/Unreal Projects/VID3/MyProject/Content/StarterContent/Shapes/Shape_NarrowCapsule.uasset"
[2016.09.13-04.19.43:091][  0]LogPackFactory: Copied "../../../Samples/StarterContent/Content/StarterContent/Shapes/Shape_Pipe.uasset" to "../../../../../../Users/Kevin/Documents/Unreal Projects/VID3/MyProject/Content/StarterContent/Shapes/Shape_Pipe.uasset"
[2016.09.13-04.19.43:116][  0]LogPackFactory: Copied "../../../Samples/StarterContent/Content/StarterContent/Shapes/Shape_Pipe_180.uasset" to "../../../../../../Users/Kevin/Documents/Unreal Projects/VID3/MyProject/Content/StarterContent/Shapes/Shape_Pipe_180.uasset"
[2016.09.13-04.19.43:150][  0]LogPackFactory: Copied "../../../Samples/StarterContent/Content/StarterContent/Shapes/Shape_Pipe_90.uasset" to "../../../../../../Users/Kevin/Documents/Unreal Projects/VID3/MyProject/Content/StarterContent/Shapes/Shape_Pipe_90.uasset"
[2016.09.13-04.19.43:188][  0]LogPackFactory: Copied "../../../Samples/StarterContent/Content/StarterContent/Shapes/Shape_Plane.uasset" to "../../../../../../Users/Kevin/Documents/Unreal Projects/VID3/MyProject/Content/StarterContent/Shapes/Shape_Plane.uasset"
[2016.09.13-04.19.43:231][  0]LogPackFactory: Copied "../../../Samples/StarterContent/Content/StarterContent/Shapes/Shape_QuadPyramid.uasset" to "../../../../../../Users/Kevin/Documents/Unreal Projects/VID3/MyProject/Content/StarterContent/Shapes/Shape_QuadPyramid.uasset"
[2016.09.13-04.19.43:262][  0]LogPackFactory: Copied "../../../Samples/StarterContent/Content/StarterContent/Shapes/Shape_Sphere.uasset" to "../../../../../../Users/Kevin/Documents/Unreal Projects/VID3/MyProject/Content/StarterContent/Shapes/Shape_Sphere.uasset"
[2016.09.13-04.19.43:312][  0]LogPackFactory: Copied "../../../Samples/StarterContent/Content/StarterContent/Shapes/Shape_Torus.uasset" to "../../../../../../Users/Kevin/Documents/Unreal Projects/VID3/MyProject/Content/StarterContent/Shapes/Shape_Torus.uasset"
[2016.09.13-04.19.43:377][  0]LogPackFactory: Copied "../../../Samples/StarterContent/Content/StarterContent/Shapes/Shape_Trim.uasset" to "../../../../../../Users/Kevin/Documents/Unreal Projects/VID3/MyProject/Content/StarterContent/Shapes/Shape_Trim.uasset"
[2016.09.13-04.19.43:434][  0]LogPackFactory: Copied "../../../Samples/StarterContent/Content/StarterContent/Shapes/Shape_Trim_90_In.uasset" to "../../../../../../Users/Kevin/Documents/Unreal Projects/VID3/MyProject/Content/StarterContent/Shapes/Shape_Trim_90_In.uasset"
[2016.09.13-04.19.43:722][  0]LogPackFactory: Copied "../../../Samples/StarterContent/Content/StarterContent/Shapes/Shape_Trim_90_Out.uasset" to "../../../../../../Users/Kevin/Documents/Unreal Projects/VID3/MyProject/Content/StarterContent/Shapes/Shape_Trim_90_Out.uasset"
[2016.09.13-04.19.43:794][  0]LogPackFactory: Copied "../../../Samples/StarterContent/Content/StarterContent/Shapes/Shape_TriPyramid.uasset" to "../../../../../../Users/Kevin/Documents/Unreal Projects/VID3/MyProject/Content/StarterContent/Shapes/Shape_TriPyramid.uasset"
[2016.09.13-04.19.43:837][  0]LogPackFactory: Copied "../../../Samples/StarterContent/Content/StarterContent/Shapes/Shape_Tube.uasset" to "../../../../../../Users/Kevin/Documents/Unreal Projects/VID3/MyProject/Content/StarterContent/Shapes/Shape_Tube.uasset"
[2016.09.13-04.19.43:864][  0]LogPackFactory: Copied "../../../Samples/StarterContent/Content/StarterContent/Shapes/Shape_Wedge_A.uasset" to "../../../../../../Users/Kevin/Documents/Unreal Projects/VID3/MyProject/Content/StarterContent/Shapes/Shape_Wedge_A.uasset"
[2016.09.13-04.19.43:903][  0]LogPackFactory: Copied "../../../Samples/StarterContent/Content/StarterContent/Shapes/Shape_Wedge_B.uasset" to "../../../../../../Users/Kevin/Documents/Unreal Projects/VID3/MyProject/Content/StarterContent/Shapes/Shape_Wedge_B.uasset"
[2016.09.13-04.19.43:943][  0]LogPackFactory: Copied "../../../Samples/StarterContent/Content/StarterContent/Shapes/Shape_WideCapsule.uasset" to "../../../../../../Users/Kevin/Documents/Unreal Projects/VID3/MyProject/Content/StarterContent/Shapes/Shape_WideCapsule.uasset"
[2016.09.13-04.19.44:079][  0]LogPackFactory: Copied "../../../Samples/StarterContent/Content/StarterContent/Textures/T_Brick_Clay_Beveled_D.uasset" to "../../../../../../Users/Kevin/Documents/Unreal Projects/VID3/MyProject/Content/StarterContent/Textures/T_Brick_Clay_Beveled_D.uasset"
[2016.09.13-04.19.44:230][  0]LogPackFactory: Copied "../../../Samples/StarterContent/Content/StarterContent/Textures/T_Brick_Clay_Beveled_M.uasset" to "../../../../../../Users/Kevin/Documents/Unreal Projects/VID3/MyProject/Content/StarterContent/Textures/T_Brick_Clay_Beveled_M.uasset"
[2016.09.13-04.19.44:364][  0]LogPackFactory: Copied "../../../Samples/StarterContent/Content/StarterContent/Textures/T_Brick_Clay_Beveled_N.uasset" to "../../../../../../Users/Kevin/Documents/Unreal Projects/VID3/MyProject/Content/StarterContent/Textures/T_Brick_Clay_Beveled_N.uasset"
[2016.09.13-04.19.44:480][  0]LogPackFactory: Copied "../../../Samples/StarterContent/Content/StarterContent/Textures/T_Brick_Clay_New_D.uasset" to "../../../../../../Users/Kevin/Documents/Unreal Projects/VID3/MyProject/Content/StarterContent/Textures/T_Brick_Clay_New_D.uasset"
[2016.09.13-04.19.44:615][  0]LogPackFactory: Copied "../../../Samples/StarterContent/Content/StarterContent/Textures/T_Brick_Clay_New_M.uasset" to "../../../../../../Users/Kevin/Documents/Unreal Projects/VID3/MyProject/Content/StarterContent/Textures/T_Brick_Clay_New_M.uasset"
[2016.09.13-04.19.44:775][  0]LogPackFactory: Copied "../../../Samples/StarterContent/Content/StarterContent/Textures/T_Brick_Clay_New_N.uasset" to "../../../../../../Users/Kevin/Documents/Unreal Projects/VID3/MyProject/Content/StarterContent/Textures/T_Brick_Clay_New_N.uasset"
[2016.09.13-04.19.44:985][  0]LogPackFactory: Copied "../../../Samples/StarterContent/Content/StarterContent/Textures/T_Brick_Clay_Old_D.uasset" to "../../../../../../Users/Kevin/Documents/Unreal Projects/VID3/MyProject/Content/StarterContent/Textures/T_Brick_Clay_Old_D.uasset"
[2016.09.13-04.19.45:294][  0]LogPackFactory: Copied "../../../Samples/StarterContent/Content/StarterContent/Textures/T_Brick_Clay_Old_N.uasset" to "../../../../../../Users/Kevin/Documents/Unreal Projects/VID3/MyProject/Content/StarterContent/Textures/T_Brick_Clay_Old_N.uasset"
[2016.09.13-04.19.45:739][  0]LogPackFactory: Copied "../../../Samples/StarterContent/Content/StarterContent/Textures/T_Brick_Cut_Stone_D.uasset" to "../../../../../../Users/Kevin/Documents/Unreal Projects/VID3/MyProject/Content/StarterContent/Textures/T_Brick_Cut_Stone_D.uasset"
[2016.09.13-04.19.45:872][  0]LogPackFactory: Copied "../../../Samples/StarterContent/Content/StarterContent/Textures/T_Brick_Cut_Stone_N.uasset" to "../../../../../../Users/Kevin/Documents/Unreal Projects/VID3/MyProject/Content/StarterContent/Textures/T_Brick_Cut_Stone_N.uasset"
[2016.09.13-04.19.46:021][  0]LogPackFactory: Copied "../../../Samples/StarterContent/Content/StarterContent/Textures/T_Brick_Hewn_Stone_D.uasset" to "../../../../../../Users/Kevin/Documents/Unreal Projects/VID3/MyProject/Content/StarterContent/Textures/T_Brick_Hewn_Stone_D.uasset"
[2016.09.13-04.19.46:141][  0]LogPackFactory: Copied "../../../Samples/StarterContent/Content/StarterContent/Textures/T_Brick_Hewn_Stone_M.uasset" to "../../../../../../Users/Kevin/Documents/Unreal Projects/VID3/MyProject/Content/StarterContent/Textures/T_Brick_Hewn_Stone_M.uasset"
[2016.09.13-04.19.46:418][  0]LogPackFactory: Copied "../../../Samples/StarterContent/Content/StarterContent/Textures/T_Brick_Hewn_Stone_N.uasset" to "../../../../../../Users/Kevin/Documents/Unreal Projects/VID3/MyProject/Content/StarterContent/Textures/T_Brick_Hewn_Stone_N.uasset"
[2016.09.13-04.19.46:794][  0]LogPackFactory: Copied "../../../Samples/StarterContent/Content/StarterContent/Textures/T_Burst_M.uasset" to "../../../../../../Users/Kevin/Documents/Unreal Projects/VID3/MyProject/Content/StarterContent/Textures/T_Burst_M.uasset"
[2016.09.13-04.19.46:907][  0]LogPackFactory: Copied "../../../Samples/StarterContent/Content/StarterContent/Textures/T_Bush_D.uasset" to "../../../../../../Users/Kevin/Documents/Unreal Projects/VID3/MyProject/Content/StarterContent/Textures/T_Bush_D.uasset"
[2016.09.13-04.19.46:973][  0]LogPackFactory: Copied "../../../Samples/StarterContent/Content/StarterContent/Textures/T_Bush_N.uasset" to "../../../../../../Users/Kevin/Documents/Unreal Projects/VID3/MyProject/Content/StarterContent/Textures/T_Bush_N.uasset"
[2016.09.13-04.19.47:026][  0]LogPackFactory: Copied "../../../Samples/StarterContent/Content/StarterContent/Textures/T_Ceramic_Tile_M.uasset" to "../../../../../../Users/Kevin/Documents/Unreal Projects/VID3/MyProject/Content/StarterContent/Textures/T_Ceramic_Tile_M.uasset"
[2016.09.13-04.19.47:068][  0]LogPackFactory: Copied "../../../Samples/StarterContent/Content/StarterContent/Textures/T_Ceramic_Tile_N.uasset" to "../../../../../../Users/Kevin/Documents/Unreal Projects/VID3/MyProject/Content/StarterContent/Textures/T_Ceramic_Tile_N.uasset"
[2016.09.13-04.19.47:118][  0]LogPackFactory: Copied "../../../Samples/StarterContent/Content/StarterContent/Textures/T_Chair_M.uasset" to "../../../../../../Users/Kevin/Documents/Unreal Projects/VID3/MyProject/Content/StarterContent/Textures/T_Chair_M.uasset"
[2016.09.13-04.19.47:172][  0]LogPackFactory: Copied "../../../Samples/StarterContent/Content/StarterContent/Textures/T_Chair_N.uasset" to "../../../../../../Users/Kevin/Documents/Unreal Projects/VID3/MyProject/Content/StarterContent/Textures/T_Chair_N.uasset"
[2016.09.13-04.19.47:308][  0]LogPackFactory: Copied "../../../Samples/StarterContent/Content/StarterContent/Textures/T_Checker_Noise_M.uasset" to "../../../../../../Users/Kevin/Documents/Unreal Projects/VID3/MyProject/Content/StarterContent/Textures/T_Checker_Noise_M.uasset"
[2016.09.13-04.19.47:480][  0]LogPackFactory: Copied "../../../Samples/StarterContent/Content/StarterContent/Textures/T_CobbleStone_Pebble_D.uasset" to "../../../../../../Users/Kevin/Documents/Unreal Projects/VID3/MyProject/Content/StarterContent/Textures/T_CobbleStone_Pebble_D.uasset"
[2016.09.13-04.19.48:049][  0]LogPackFactory: Copied "../../../Samples/StarterContent/Content/StarterContent/Textures/T_CobbleStone_Pebble_M.uasset" to "../../../../../../Users/Kevin/Documents/Unreal Projects/VID3/MyProject/Content/StarterContent/Textures/T_CobbleStone_Pebble_M.uasset"
[2016.09.13-04.19.48:549][  0]LogPackFactory: Copied "../../../Samples/StarterContent/Content/StarterContent/Textures/T_CobbleStone_Pebble_N.uasset" to "../../../../../../Users/Kevin/Documents/Unreal Projects/VID3/MyProject/Content/StarterContent/Textures/T_CobbleStone_Pebble_N.uasset"
[2016.09.13-04.19.48:692][  0]LogPackFactory: Copied "../../../Samples/StarterContent/Content/StarterContent/Textures/T_CobbleStone_Rough_D.uasset" to "../../../../../../Users/Kevin/Documents/Unreal Projects/VID3/MyProject/Content/StarterContent/Textures/T_CobbleStone_Rough_D.uasset"
[2016.09.13-04.19.49:071][  0]LogPackFactory: Copied "../../../Samples/StarterContent/Content/StarterContent/Textures/T_CobbleStone_Rough_N.uasset" to "../../../../../../Users/Kevin/Documents/Unreal Projects/VID3/MyProject/Content/StarterContent/Textures/T_CobbleStone_Rough_N.uasset"
[2016.09.13-04.19.49:442][  0]LogPackFactory: Copied "../../../Samples/StarterContent/Content/StarterContent/Textures/T_CobbleStone_Smooth_D.uasset" to "../../../../../../Users/Kevin/Documents/Unreal Projects/VID3/MyProject/Content/StarterContent/Textures/T_CobbleStone_Smooth_D.uasset"
[2016.09.13-04.19.49:628][  0]LogPackFactory: Copied "../../../Samples/StarterContent/Content/StarterContent/Textures/T_CobbleStone_Smooth_M.uasset" to "../../../../../../Users/Kevin/Documents/Unreal Projects/VID3/MyProject/Content/StarterContent/Textures/T_CobbleStone_Smooth_M.uasset"
[2016.09.13-04.19.49:895][  0]LogPackFactory: Copied "../../../Samples/StarterContent/Content/StarterContent/Textures/T_CobbleStone_Smooth_N.uasset" to "../../../../../../Users/Kevin/Documents/Unreal Projects/VID3/MyProject/Content/StarterContent/Textures/T_CobbleStone_Smooth_N.uasset"
[2016.09.13-04.19.50:274][  0]LogPackFactory: Copied "../../../Samples/StarterContent/Content/StarterContent/Textures/T_Concrete_Grime_D.uasset" to "../../../../../../Users/Kevin/Documents/Unreal Projects/VID3/MyProject/Content/StarterContent/Textures/T_Concrete_Grime_D.uasset"
[2016.09.13-04.19.50:557][  0]LogPackFactory: Copied "../../../Samples/StarterContent/Content/StarterContent/Textures/T_Concrete_Panels_D.uasset" to "../../../../../../Users/Kevin/Documents/Unreal Projects/VID3/MyProject/Content/StarterContent/Textures/T_Concrete_Panels_D.uasset"
[2016.09.13-04.19.50:797][  0]LogPackFactory: Copied "../../../Samples/StarterContent/Content/StarterContent/Textures/T_Concrete_Panels_N.uasset" to "../../../../../../Users/Kevin/Documents/Unreal Projects/VID3/MyProject/Content/StarterContent/Textures/T_Concrete_Panels_N.uasset"
[2016.09.13-04.19.51:060][  0]LogPackFactory: Copied "../../../Samples/StarterContent/Content/StarterContent/Textures/T_Concrete_Poured_D.uasset" to "../../../../../../Users/Kevin/Documents/Unreal Projects/VID3/MyProject/Content/StarterContent/Textures/T_Concrete_Poured_D.uasset"
[2016.09.13-04.19.52:079][  0]LogPackFactory: Copied "../../../Samples/StarterContent/Content/StarterContent/Textures/T_Concrete_Poured_N.uasset" to "../../../../../../Users/Kevin/Documents/Unreal Projects/VID3/MyProject/Content/StarterContent/Textures/T_Concrete_Poured_N.uasset"
[2016.09.13-04.19.52:361][  0]LogPackFactory: Copied "../../../Samples/StarterContent/Content/StarterContent/Textures/T_Concrete_Tiles_D.uasset" to "../../../../../../Users/Kevin/Documents/Unreal Projects/VID3/MyProject/Content/StarterContent/Textures/T_Concrete_Tiles_D.uasset"
[2016.09.13-04.19.52:794][  0]LogPackFactory: Copied "../../../Samples/StarterContent/Content/StarterContent/Textures/T_Concrete_Tiles_M.uasset" to "../../../../../../Users/Kevin/Documents/Unreal Projects/VID3/MyProject/Content/StarterContent/Textures/T_Concrete_Tiles_M.uasset"
[2016.09.13-04.19.53:113][  0]LogPackFactory: Copied "../../../Samples/StarterContent/Content/StarterContent/Textures/T_Concrete_Tiles_N.uasset" to "../../../../../../Users/Kevin/Documents/Unreal Projects/VID3/MyProject/Content/StarterContent/Textures/T_Concrete_Tiles_N.uasset"
[2016.09.13-04.19.53:393][  0]LogPackFactory: Copied "../../../Samples/StarterContent/Content/StarterContent/Textures/T_Concrete_Tiles_Variation_M.uasset" to "../../../../../../Users/Kevin/Documents/Unreal Projects/VID3/MyProject/Content/StarterContent/Textures/T_Concrete_Tiles_Variation_M.uasset"
[2016.09.13-04.19.53:601][  0]LogPackFactory: Copied "../../../Samples/StarterContent/Content/StarterContent/Textures/T_Detail_Rocky_N.uasset" to "../../../../../../Users/Kevin/Documents/Unreal Projects/VID3/MyProject/Content/StarterContent/Textures/T_Detail_Rocky_N.uasset"
[2016.09.13-04.19.53:627][  0]LogPackFactory: Copied "../../../Samples/StarterContent/Content/StarterContent/Textures/T_Door_M.uasset" to "../../../../../../Users/Kevin/Documents/Unreal Projects/VID3/MyProject/Content/StarterContent/Textures/T_Door_M.uasset"
[2016.09.13-04.19.53:688][  0]LogPackFactory: Copied "../../../Samples/StarterContent/Content/StarterContent/Textures/T_Door_N.uasset" to "../../../../../../Users/Kevin/Documents/Unreal Projects/VID3/MyProject/Content/StarterContent/Textures/T_Door_N.uasset"
[2016.09.13-04.19.53:780][  0]LogPackFactory: Copied "../../../Samples/StarterContent/Content/StarterContent/Textures/T_Dust_Particle_D.uasset" to "../../../../../../Users/Kevin/Documents/Unreal Projects/VID3/MyProject/Content/StarterContent/Textures/T_Dust_Particle_D.uasset"
[2016.09.13-04.19.53:902][  0]LogPackFactory: Copied "../../../Samples/StarterContent/Content/StarterContent/Textures/T_Explosion_SubUV.uasset" to "../../../../../../Users/Kevin/Documents/Unreal Projects/VID3/MyProject/Content/StarterContent/Textures/T_Explosion_SubUV.uasset"
[2016.09.13-04.19.53:945][  0]LogPackFactory: Copied "../../../Samples/StarterContent/Content/StarterContent/Textures/T_Fire_SubUV.uasset" to "../../../../../../Users/Kevin/Documents/Unreal Projects/VID3/MyProject/Content/StarterContent/Textures/T_Fire_SubUV.uasset"
[2016.09.13-04.19.54:059][  0]LogPackFactory: Copied "../../../Samples/StarterContent/Content/StarterContent/Textures/T_Fire_Tiled_D.uasset" to "../../../../../../Users/Kevin/Documents/Unreal Projects/VID3/MyProject/Content/StarterContent/Textures/T_Fire_Tiled_D.uasset"
[2016.09.13-04.19.54:271][  0]LogPackFactory: Copied "../../../Samples/StarterContent/Content/StarterContent/Textures/T_Frame_M.uasset" to "../../../../../../Users/Kevin/Documents/Unreal Projects/VID3/MyProject/Content/StarterContent/Textures/T_Frame_M.uasset"
[2016.09.13-04.19.54:475][  0]LogPackFactory: Copied "../../../Samples/StarterContent/Content/StarterContent/Textures/T_Frame_N.uasset" to "../../../../../../Users/Kevin/Documents/Unreal Projects/VID3/MyProject/Content/StarterContent/Textures/T_Frame_N.uasset"
[2016.09.13-04.19.54:640][  0]LogPackFactory: Copied "../../../Samples/StarterContent/Content/StarterContent/Textures/T_Gradinet_01.uasset" to "../../../../../../Users/Kevin/Documents/Unreal Projects/VID3/MyProject/Content/StarterContent/Textures/T_Gradinet_01.uasset"
[2016.09.13-04.19.54:881][  0]LogPackFactory: Copied "../../../Samples/StarterContent/Content/StarterContent/Textures/T_Ground_Grass_D.uasset" to "../../../../../../Users/Kevin/Documents/Unreal Projects/VID3/MyProject/Content/StarterContent/Textures/T_Ground_Grass_D.uasset"
[2016.09.13-04.19.55:077][  0]LogPackFactory: Copied "../../../Samples/StarterContent/Content/StarterContent/Textures/T_Ground_Grass_N.uasset" to "../../../../../../Users/Kevin/Documents/Unreal Projects/VID3/MyProject/Content/StarterContent/Textures/T_Ground_Grass_N.uasset"
[2016.09.13-04.19.55:274][  0]LogPackFactory: Copied "../../../Samples/StarterContent/Content/StarterContent/Textures/T_Ground_Gravel_D.uasset" to "../../../../../../Users/Kevin/Documents/Unreal Projects/VID3/MyProject/Content/StarterContent/Textures/T_Ground_Gravel_D.uasset"
[2016.09.13-04.19.55:577][  0]LogPackFactory: Copied "../../../Samples/StarterContent/Content/StarterContent/Textures/T_Ground_Gravel_N.uasset" to "../../../../../../Users/Kevin/Documents/Unreal Projects/VID3/MyProject/Content/StarterContent/Textures/T_Ground_Gravel_N.uasset"
[2016.09.13-04.19.55:928][  0]LogPackFactory: Copied "../../../Samples/StarterContent/Content/StarterContent/Textures/T_ground_Moss_D.uasset" to "../../../../../../Users/Kevin/Documents/Unreal Projects/VID3/MyProject/Content/StarterContent/Textures/T_ground_Moss_D.uasset"
[2016.09.13-04.19.56:546][  0]LogPackFactory: Copied "../../../Samples/StarterContent/Content/StarterContent/Textures/T_Ground_Moss_N.uasset" to "../../../../../../Users/Kevin/Documents/Unreal Projects/VID3/MyProject/Content/StarterContent/Textures/T_Ground_Moss_N.uasset"
[2016.09.13-04.19.56:606][  0]LogPackFactory: Copied "../../../Samples/StarterContent/Content/StarterContent/Textures/T_Lamp_M.uasset" to "../../../../../../Users/Kevin/Documents/Unreal Projects/VID3/MyProject/Content/StarterContent/Textures/T_Lamp_M.uasset"
[2016.09.13-04.19.57:470][  0]LogPackFactory: Copied "../../../Samples/StarterContent/Content/StarterContent/Textures/T_Lamp_N.uasset" to "../../../../../../Users/Kevin/Documents/Unreal Projects/VID3/MyProject/Content/StarterContent/Textures/T_Lamp_N.uasset"
[2016.09.13-04.19.57:838][  0]LogPackFactory: Copied "../../../Samples/StarterContent/Content/StarterContent/Textures/T_MacroVariation.uasset" to "../../../../../../Users/Kevin/Documents/Unreal Projects/VID3/MyProject/Content/StarterContent/Textures/T_MacroVariation.uasset"
[2016.09.13-04.19.58:124][  0]LogPackFactory: Copied "../../../Samples/StarterContent/Content/StarterContent/Textures/T_Metal_Aluminum_D.uasset" to "../../../../../../Users/Kevin/Documents/Unreal Projects/VID3/MyProject/Content/StarterContent/Textures/T_Metal_Aluminum_D.uasset"
[2016.09.13-04.19.58:532][  0]LogPackFactory: Copied "../../../Samples/StarterContent/Content/StarterContent/Textures/T_Metal_Copper_D.uasset" to "../../../../../../Users/Kevin/Documents/Unreal Projects/VID3/MyProject/Content/StarterContent/Textures/T_Metal_Copper_D.uasset"
[2016.09.13-04.19.59:012][  0]LogPackFactory: Copied "../../../Samples/StarterContent/Content/StarterContent/Textures/T_Metal_Gold_D.uasset" to "../../../../../../Users/Kevin/Documents/Unreal Projects/VID3/MyProject/Content/StarterContent/Textures/T_Metal_Gold_D.uasset"
[2016.09.13-04.19.59:367][  0]LogPackFactory: Copied "../../../Samples/StarterContent/Content/StarterContent/Textures/T_Metal_Gold_N.uasset" to "../../../../../../Users/Kevin/Documents/Unreal Projects/VID3/MyProject/Content/StarterContent/Textures/T_Metal_Gold_N.uasset"
[2016.09.13-04.19.59:705][  0]LogPackFactory: Copied "../../../Samples/StarterContent/Content/StarterContent/Textures/T_Metal_Rust_D.uasset" to "../../../../../../Users/Kevin/Documents/Unreal Projects/VID3/MyProject/Content/StarterContent/Textures/T_Metal_Rust_D.uasset"
[2016.09.13-04.20.00:043][  0]LogPackFactory: Copied "../../../Samples/StarterContent/Content/StarterContent/Textures/T_Metal_Rust_N.uasset" to "../../../../../../Users/Kevin/Documents/Unreal Projects/VID3/MyProject/Content/StarterContent/Textures/T_Metal_Rust_N.uasset"
[2016.09.13-04.20.00:526][  0]LogPackFactory: Copied "../../../Samples/StarterContent/Content/StarterContent/Textures/T_Metal_Steel_D.uasset" to "../../../../../../Users/Kevin/Documents/Unreal Projects/VID3/MyProject/Content/StarterContent/Textures/T_Metal_Steel_D.uasset"
[2016.09.13-04.20.00:867][  0]LogPackFactory: Copied "../../../Samples/StarterContent/Content/StarterContent/Textures/T_Metal_Steel_N.uasset" to "../../../../../../Users/Kevin/Documents/Unreal Projects/VID3/MyProject/Content/StarterContent/Textures/T_Metal_Steel_N.uasset"
[2016.09.13-04.20.01:181][  0]LogPackFactory: Copied "../../../Samples/StarterContent/Content/StarterContent/Textures/T_Perlin_Noise_M.uasset" to "../../../../../../Users/Kevin/Documents/Unreal Projects/VID3/MyProject/Content/StarterContent/Textures/T_Perlin_Noise_M.uasset"
[2016.09.13-04.20.01:650][  0]LogPackFactory: Copied "../../../Samples/StarterContent/Content/StarterContent/Textures/T_RockMesh_M.uasset" to "../../../../../../Users/Kevin/Documents/Unreal Projects/VID3/MyProject/Content/StarterContent/Textures/T_RockMesh_M.uasset"
[2016.09.13-04.20.01:954][  0]LogPackFactory: Copied "../../../Samples/StarterContent/Content/StarterContent/Textures/T_RockMesh_N.uasset" to "../../../../../../Users/Kevin/Documents/Unreal Projects/VID3/MyProject/Content/StarterContent/Textures/T_RockMesh_N.uasset"
[2016.09.13-04.20.02:400][  0]LogPackFactory: Copied "../../../Samples/StarterContent/Content/StarterContent/Textures/T_Rock_Basalt_D.uasset" to "../../../../../../Users/Kevin/Documents/Unreal Projects/VID3/MyProject/Content/StarterContent/Textures/T_Rock_Basalt_D.uasset"
[2016.09.13-04.20.03:030][  0]LogPackFactory: Copied "../../../Samples/StarterContent/Content/StarterContent/Textures/T_Rock_Basalt_N.uasset" to "../../../../../../Users/Kevin/Documents/Unreal Projects/VID3/MyProject/Content/StarterContent/Textures/T_Rock_Basalt_N.uasset"
[2016.09.13-04.20.03:774][  0]LogPackFactory: Copied "../../../Samples/StarterContent/Content/StarterContent/Textures/T_Rock_Marble_Polished_D.uasset" to "../../../../../../Users/Kevin/Documents/Unreal Projects/VID3/MyProject/Content/StarterContent/Textures/T_Rock_Marble_Polished_D.uasset"
[2016.09.13-04.20.04:095][  0]LogPackFactory: Copied "../../../Samples/StarterContent/Content/StarterContent/Textures/T_Rock_Sandstone_D.uasset" to "../../../../../../Users/Kevin/Documents/Unreal Projects/VID3/MyProject/Content/StarterContent/Textures/T_Rock_Sandstone_D.uasset"
[2016.09.13-04.20.04:299][  0]LogPackFactory: Copied "../../../Samples/StarterContent/Content/StarterContent/Textures/T_Rock_Sandstone_N.uasset" to "../../../../../../Users/Kevin/Documents/Unreal Projects/VID3/MyProject/Content/StarterContent/Textures/T_Rock_Sandstone_N.uasset"
[2016.09.13-04.20.04:568][  0]LogPackFactory: Copied "../../../Samples/StarterContent/Content/StarterContent/Textures/T_Rock_Slate_D.uasset" to "../../../../../../Users/Kevin/Documents/Unreal Projects/VID3/MyProject/Content/StarterContent/Textures/T_Rock_Slate_D.uasset"
[2016.09.13-04.20.04:875][  0]LogPackFactory: Copied "../../../Samples/StarterContent/Content/StarterContent/Textures/T_Rock_Slate_N.uasset" to "../../../../../../Users/Kevin/Documents/Unreal Projects/VID3/MyProject/Content/StarterContent/Textures/T_Rock_Slate_N.uasset"
[2016.09.13-04.20.05:375][  0]LogPackFactory: Copied "../../../Samples/StarterContent/Content/StarterContent/Textures/T_Rock_Smooth_Granite_D.uasset" to "../../../../../../Users/Kevin/Documents/Unreal Projects/VID3/MyProject/Content/StarterContent/Textures/T_Rock_Smooth_Granite_D.uasset"
[2016.09.13-04.20.05:645][  0]LogPackFactory: Copied "../../../Samples/StarterContent/Content/StarterContent/Textures/T_Shelf_M.uasset" to "../../../../../../Users/Kevin/Documents/Unreal Projects/VID3/MyProject/Content/StarterContent/Textures/T_Shelf_M.uasset"
[2016.09.13-04.20.05:734][  0]LogPackFactory: Copied "../../../Samples/StarterContent/Content/StarterContent/Textures/T_Shelf_N.uasset" to "../../../../../../Users/Kevin/Documents/Unreal Projects/VID3/MyProject/Content/StarterContent/Textures/T_Shelf_N.uasset"
[2016.09.13-04.20.05:792][  0]LogPackFactory: Copied "../../../Samples/StarterContent/Content/StarterContent/Textures/T_Single_Tile_N.uasset" to "../../../../../../Users/Kevin/Documents/Unreal Projects/VID3/MyProject/Content/StarterContent/Textures/T_Single_Tile_N.uasset"
[2016.09.13-04.20.05:889][  0]LogPackFactory: Copied "../../../Samples/StarterContent/Content/StarterContent/Textures/T_Smoke_SubUV.uasset" to "../../../../../../Users/Kevin/Documents/Unreal Projects/VID3/MyProject/Content/StarterContent/Textures/T_Smoke_SubUV.uasset"
[2016.09.13-04.20.05:937][  0]LogPackFactory: Copied "../../../Samples/StarterContent/Content/StarterContent/Textures/T_Smoke_Tiled_D.uasset" to "../../../../../../Users/Kevin/Documents/Unreal Projects/VID3/MyProject/Content/StarterContent/Textures/T_Smoke_Tiled_D.uasset"
[2016.09.13-04.20.06:347][  0]LogPackFactory: Copied "../../../Samples/StarterContent/Content/StarterContent/Textures/T_Spark_Core.uasset" to "../../../../../../Users/Kevin/Documents/Unreal Projects/VID3/MyProject/Content/StarterContent/Textures/T_Spark_Core.uasset"
[2016.09.13-04.20.06:404][  0]LogPackFactory: Copied "../../../Samples/StarterContent/Content/StarterContent/Textures/T_Statue_M.uasset" to "../../../../../../Users/Kevin/Documents/Unreal Projects/VID3/MyProject/Content/StarterContent/Textures/T_Statue_M.uasset"
[2016.09.13-04.20.06:469][  0]LogPackFactory: Copied "../../../Samples/StarterContent/Content/StarterContent/Textures/T_Statue_N.uasset" to "../../../../../../Users/Kevin/Documents/Unreal Projects/VID3/MyProject/Content/StarterContent/Textures/T_Statue_N.uasset"
[2016.09.13-04.20.06:528][  0]LogPackFactory: Copied "../../../Samples/StarterContent/Content/StarterContent/Textures/T_TableRound_M.uasset" to "../../../../../../Users/Kevin/Documents/Unreal Projects/VID3/MyProject/Content/StarterContent/Textures/T_TableRound_M.uasset"
[2016.09.13-04.20.06:595][  0]LogPackFactory: Copied "../../../Samples/StarterContent/Content/StarterContent/Textures/T_TableRound_N.uasset" to "../../../../../../Users/Kevin/Documents/Unreal Projects/VID3/MyProject/Content/StarterContent/Textures/T_TableRound_N.uasset"
[2016.09.13-04.20.06:637][  0]LogPackFactory: Copied "../../../Samples/StarterContent/Content/StarterContent/Textures/T_Tech_Dot_M.uasset" to "../../../../../../Users/Kevin/Documents/Unreal Projects/VID3/MyProject/Content/StarterContent/Textures/T_Tech_Dot_M.uasset"
[2016.09.13-04.20.06:680][  0]LogPackFactory: Copied "../../../Samples/StarterContent/Content/StarterContent/Textures/T_Tech_Dot_N.uasset" to "../../../../../../Users/Kevin/Documents/Unreal Projects/VID3/MyProject/Content/StarterContent/Textures/T_Tech_Dot_N.uasset"
[2016.09.13-04.20.06:738][  0]LogPackFactory: Copied "../../../Samples/StarterContent/Content/StarterContent/Textures/T_Tech_Hex_Tile_M.uasset" to "../../../../../../Users/Kevin/Documents/Unreal Projects/VID3/MyProject/Content/StarterContent/Textures/T_Tech_Hex_Tile_M.uasset"
[2016.09.13-04.20.06:805][  0]LogPackFactory: Copied "../../../Samples/StarterContent/Content/StarterContent/Textures/T_Tech_Hex_Tile_N.uasset" to "../../../../../../Users/Kevin/Documents/Unreal Projects/VID3/MyProject/Content/StarterContent/Textures/T_Tech_Hex_Tile_N.uasset"
[2016.09.13-04.20.06:865][  0]LogPackFactory: Copied "../../../Samples/StarterContent/Content/StarterContent/Textures/T_Tech_Panel_M.uasset" to "../../../../../../Users/Kevin/Documents/Unreal Projects/VID3/MyProject/Content/StarterContent/Textures/T_Tech_Panel_M.uasset"
[2016.09.13-04.20.06:946][  0]LogPackFactory: Copied "../../../Samples/StarterContent/Content/StarterContent/Textures/T_Tech_Panel_N.uasset" to "../../../../../../Users/Kevin/Documents/Unreal Projects/VID3/MyProject/Content/StarterContent/Textures/T_Tech_Panel_N.uasset"
[2016.09.13-04.20.07:040][  0]LogPackFactory: Copied "../../../Samples/StarterContent/Content/StarterContent/Textures/T_Water_M.uasset" to "../../../../../../Users/Kevin/Documents/Unreal Projects/VID3/MyProject/Content/StarterContent/Textures/T_Water_M.uasset"
[2016.09.13-04.20.07:106][  0]LogPackFactory: Copied "../../../Samples/StarterContent/Content/StarterContent/Textures/T_Water_N.uasset" to "../../../../../../Users/Kevin/Documents/Unreal Projects/VID3/MyProject/Content/StarterContent/Textures/T_Water_N.uasset"
[2016.09.13-04.20.07:219][  0]LogPackFactory: Copied "../../../Samples/StarterContent/Content/StarterContent/Textures/T_Wood_Floor_Walnut_D.uasset" to "../../../../../../Users/Kevin/Documents/Unreal Projects/VID3/MyProject/Content/StarterContent/Textures/T_Wood_Floor_Walnut_D.uasset"
[2016.09.13-04.20.07:345][  0]LogPackFactory: Copied "../../../Samples/StarterContent/Content/StarterContent/Textures/T_Wood_Floor_Walnut_M.uasset" to "../../../../../../Users/Kevin/Documents/Unreal Projects/VID3/MyProject/Content/StarterContent/Textures/T_Wood_Floor_Walnut_M.uasset"
[2016.09.13-04.20.07:467][  0]LogPackFactory: Copied "../../../Samples/StarterContent/Content/StarterContent/Textures/T_Wood_Floor_Walnut_N.uasset" to "../../../../../../Users/Kevin/Documents/Unreal Projects/VID3/MyProject/Content/StarterContent/Textures/T_Wood_Floor_Walnut_N.uasset"
[2016.09.13-04.20.07:783][  0]LogPackFactory: Copied "../../../Samples/StarterContent/Content/StarterContent/Textures/T_Wood_Oak_D.uasset" to "../../../../../../Users/Kevin/Documents/Unreal Projects/VID3/MyProject/Content/StarterContent/Textures/T_Wood_Oak_D.uasset"
[2016.09.13-04.20.07:964][  0]LogPackFactory: Copied "../../../Samples/StarterContent/Content/StarterContent/Textures/T_Wood_Oak_N.uasset" to "../../../../../../Users/Kevin/Documents/Unreal Projects/VID3/MyProject/Content/StarterContent/Textures/T_Wood_Oak_N.uasset"
[2016.09.13-04.20.08:454][  0]LogPackFactory: Copied "../../../Samples/StarterContent/Content/StarterContent/Textures/T_Wood_Pine_D.uasset" to "../../../../../../Users/Kevin/Documents/Unreal Projects/VID3/MyProject/Content/StarterContent/Textures/T_Wood_Pine_D.uasset"
[2016.09.13-04.20.08:539][  0]LogPackFactory: Copied "../../../Samples/StarterContent/Content/StarterContent/Textures/T_Wood_Pine_N.uasset" to "../../../../../../Users/Kevin/Documents/Unreal Projects/VID3/MyProject/Content/StarterContent/Textures/T_Wood_Pine_N.uasset"
[2016.09.13-04.20.08:647][  0]LogPackFactory: Copied "../../../Samples/StarterContent/Content/StarterContent/Textures/T_Wood_Walnut_D.uasset" to "../../../../../../Users/Kevin/Documents/Unreal Projects/VID3/MyProject/Content/StarterContent/Textures/T_Wood_Walnut_D.uasset"
[2016.09.13-04.20.08:844][  0]LogPackFactory: Copied "../../../Samples/StarterContent/Content/StarterContent/Textures/T_Wood_Walnut_N.uasset" to "../../../../../../Users/Kevin/Documents/Unreal Projects/VID3/MyProject/Content/StarterContent/Textures/T_Wood_Walnut_N.uasset"
[2016.09.13-04.20.10:002][  0]LogRenderer: Reallocating scene render targets to support 256x256 (Frame:2).
[2016.09.13-04.20.15:364][  0]LogSavePackage: Save=361.70ms
[2016.09.13-04.20.15:364][  0]LogSavePackage: Moving '../../../../../../Users/Kevin/Documents/Unreal Projects/VID3/MyProject/Saved/Floor_400x40048A7C670469D97D4C34A6C9E1DE4C5AA.tmp' to '../../../../../../Users/Kevin/Documents/Unreal Projects/VID3/MyProject/Content/StarterContent/Architecture/Floor_400x400.uasset'
[2016.09.13-04.20.15:370][  0]LogSavePackage:Display: Finished SavePackage ../../../../../../Users/Kevin/Documents/Unreal Projects/VID3/MyProject/Content/StarterContent/Architecture/Floor_400x400.uasset
[2016.09.13-04.20.15:370][  0]LogFeaturePack:Warning: Inserted 1 feature packs
[2016.09.13-04.20.15:375][  0]Cmd: MAP LOAD FILE="../../../../../../Users/Kevin/Documents/Unreal Projects/VID3/MyProject/Content/ThirdPersonBP/Maps/ThirdPersonExampleMap.umap" TEMPLATE=0 SHOWPROGRESS=1 FEATURELEVEL=3
[2016.09.13-04.20.15:375][  0]LightingResults: New page: Lighting Build
[2016.09.13-04.20.15:381][  0]MapCheck: New page: Map Check
[2016.09.13-04.20.15:381][  0]LightingResults: New page: Lighting Build
[2016.09.13-04.20.21:579][  0]LogAIModule: Creating AISystem for world ThirdPersonExampleMap
[2016.09.13-04.20.22:176][  0]LogEditorServer: Finished looking for orphan Actors (0.000 secs)
[2016.09.13-04.20.22:195][  0]Cmd: MAP CHECKDEP NOCLEARLOG
[2016.09.13-04.20.22:270][  0]MapCheck: Info Map check complete: 0 Error(s), 0 Warning(s), took 75.062ms to complete.
[2016.09.13-04.20.22:270][  0]LogFileHelpers: Loading map 'ThirdPersonExampleMap' took 6.896
[2016.09.13-04.20.24:228][  0]LogCollectionManager: Loaded 0 collections in 0.003854 seconds
[2016.09.13-04.20.24:756][  0]LogFileCache: Scanning file cache for directory 'C:/Users/Kevin/Documents/Unreal Projects/VID3/MyProject/Saved/Collections/' took 0.01s
[2016.09.13-04.20.24:756][  0]LogFileCache: Scanning file cache for directory 'C:/Users/Kevin/Documents/Unreal Projects/VID3/MyProject/Content/Developers/Kevin/Collections/' took 0.01s
[2016.09.13-04.20.24:756][  0]LogFileCache: Scanning file cache for directory 'C:/Users/Kevin/Documents/Unreal Projects/VID3/MyProject/Content/Collections/' took 0.01s
[2016.09.13-04.20.24:756][  0]LogCollectionManager: Rebuilt the GUID cache for 0 collections in 0.000004 seconds
[2016.09.13-04.20.24:836][  0]LogContentBrowser: Native class hierarchy populated in 0.0302 seconds. Added 2047 classes and 369 folders.
[2016.09.13-04.20.25:206][  0]LogStats: UGameplayTagsManager::ConstructGameplayTagTree: Construct from data asset -  0.000 s
[2016.09.13-04.20.25:206][  0]LogStats: UGameplayTagsManager::ConstructGameplayTagTree: GameplayTagTreeChangedEvent.Broadcast -  0.000 s
[2016.09.13-04.20.25:208][  0]LogContentBrowser: Native class hierarchy updated for 'GameplayTags' in 0.0010 seconds. Added 12 classes and 0 folders.
[2016.09.13-04.20.25:245][  0]LogContentBrowser: Native class hierarchy updated for 'WidgetCarousel' in 0.0006 seconds. Added 0 classes and 0 folders.
[2016.09.13-04.20.26:467][  0]LogContentBrowser: Native class hierarchy updated for 'AddContentDialog' in 0.0009 seconds. Added 0 classes and 0 folders.
[2016.09.13-04.20.26:602][  0]LogContentBrowser: Native class hierarchy updated for 'SceneOutliner' in 0.0008 seconds. Added 1 classes and 2 folders.
[2016.09.13-04.20.27:794][  0]LogCrashTracker: Crashtracker disabled due to settings.
[2016.09.13-04.20.28:030][  0]LogUObjectGlobals:Warning: Failed to find object 'Class None.'
[2016.09.13-04.20.28:102][  0]LogContentBrowser: Native class hierarchy updated for 'HierarchicalLODOutliner' in 0.0005 seconds. Added 1 classes and 2 folders.
[2016.09.13-04.20.28:102][  0]LogLoad: Full Startup: 74.36 seconds (BP compile: 0.69 seconds)
[2016.09.13-04.20.28:102][  0]LogExternalProfiler: Found external profiler: VSPerf
[2016.09.1